{'alpha_ridge': 7000}
1482944947.47 :  Started fit
1482945573.82 :  Finished fit
1482945574.37 :  Started predict
Iteration:  1 / 40
Iteration:  2 / 40
Iteration:  3 / 40
Iteration:  4 / 40
Iteration:  5 / 40
Iteration:  6 / 40
Iteration:  7 / 40
Iteration:  8 / 40
Iteration:  9 / 40
Iteration:  10 / 40
Iteration:  11 / 40
Iteration:  12 / 40
Iteration:  13 / 40
Iteration:  14 / 40
Iteration:  15 / 40
Iteration:  16 / 40
Iteration:  17 / 40
Iteration:  18 / 40
Iteration:  19 / 40
Iteration:  20 / 40
Iteration:  21 / 40
Iteration:  22 / 40
Iteration:  23 / 40
Iteration:  24 / 40
Iteration:  25 / 40
Iteration:  26 / 40
Iteration:  27 / 40
Iteration:  28 / 40
Iteration:  29 / 40
Iteration:  30 / 40
Iteration:  31 / 40
Iteration:  32 / 40
Iteration:  33 / 40
Iteration:  34 / 40
Iteration:  35 / 40
Iteration:  36 / 40
Iteration:  37 / 40
Iteration:  38 / 40
Iteration:  39 / 40
Iteration:  40 / 40
1482945766.69 :  Finished predict
Progress: 8.33%
[0.00640946325256343]
Result:  result(mean_score=0.00640946325256343, std_dev=0.0, parameters={'alpha_ridge': 7000})
{'alpha_ridge': 8000}
1482945768.23 :  Started fit
1482946366.25 :  Finished fit
1482946366.47 :  Started predict
Iteration:  1 / 40
Iteration:  2 / 40
Iteration:  3 / 40
Iteration:  4 / 40
Iteration:  5 / 40
Iteration:  6 / 40
Iteration:  7 / 40
Iteration:  8 / 40
Iteration:  9 / 40
Iteration:  10 / 40
Iteration:  11 / 40
Iteration:  12 / 40
Iteration:  13 / 40
Iteration:  14 / 40
Iteration:  15 / 40
Iteration:  16 / 40
Iteration:  17 / 40
Iteration:  18 / 40
Iteration:  19 / 40
Iteration:  20 / 40
Iteration:  21 / 40
Iteration:  22 / 40
Iteration:  23 / 40
Iteration:  24 / 40
Iteration:  25 / 40
Iteration:  26 / 40
Iteration:  27 / 40
Iteration:  28 / 40
Iteration:  29 / 40
Iteration:  30 / 40
Iteration:  31 / 40
Iteration:  32 / 40
Iteration:  33 / 40
Iteration:  34 / 40
Iteration:  35 / 40
Iteration:  36 / 40
Iteration:  37 / 40
Iteration:  38 / 40
Iteration:  39 / 40
Iteration:  40 / 40
1482946555.4 :  Finished predict
Progress: 16.67%
[0.0064168623856714476]
Result:  result(mean_score=0.0064168623856714476, std_dev=0.0, parameters={'alpha_ridge': 8000})
{'alpha_ridge': 9000}
1482946557.0 :  Started fit
1482947189.98 :  Finished fit
1482947190.15 :  Started predict
Iteration:  1 / 40
Iteration:  2 / 40
Iteration:  3 / 40
Iteration:  4 / 40
Iteration:  5 / 40
Iteration:  6 / 40
Iteration:  7 / 40
Iteration:  8 / 40
Iteration:  9 / 40
Iteration:  10 / 40
Iteration:  11 / 40
Iteration:  12 / 40
Iteration:  13 / 40
Iteration:  14 / 40
Iteration:  15 / 40
Iteration:  16 / 40
Iteration:  17 / 40
Iteration:  18 / 40
Iteration:  19 / 40
Iteration:  20 / 40
Iteration:  21 / 40
Iteration:  22 / 40
Iteration:  23 / 40
Iteration:  24 / 40
Iteration:  25 / 40
Iteration:  26 / 40
Iteration:  27 / 40
Iteration:  28 / 40
Iteration:  29 / 40
Iteration:  30 / 40
Iteration:  31 / 40
Iteration:  32 / 40
Iteration:  33 / 40
Iteration:  34 / 40
Iteration:  35 / 40
Iteration:  36 / 40
Iteration:  37 / 40
Iteration:  38 / 40
Iteration:  39 / 40
Iteration:  40 / 40
1482947378.35 :  Finished predict
Progress: 25.00%
[0.0064286628095701712]
Result:  result(mean_score=0.0064286628095701712, std_dev=0.0, parameters={'alpha_ridge': 9000})
Total scores:          MAP  Std  alpha_ridge
0  0.006409  0.0         7000
1  0.006417  0.0         8000
2  0.006429  0.0         9000
