Started prediction
Iteration:  1 / 25
Computing similarity matrix - batch
Iteration:  2 / 25
Computing similarity matrix - batch
Iteration:  3 / 25
Computing similarity matrix - batch
Iteration:  4 / 25
Computing similarity matrix - batch
Iteration:  5 / 25
Computing similarity matrix - batch
Iteration:  6 / 25
Computing similarity matrix - batch
Iteration:  7 / 25
Computing similarity matrix - batch
Iteration:  8 / 25
Computing similarity matrix - batch
Iteration:  9 / 25
Computing similarity matrix - batch
Iteration:  10 / 25
Computing similarity matrix - batch
Iteration:  11 / 25
Computing similarity matrix - batch
Iteration:  12 / 25
Computing similarity matrix - batch
Iteration:  13 / 25
Computing similarity matrix - batch
Iteration:  14 / 25
Computing similarity matrix - batch
Iteration:  15 / 25
Computing similarity matrix - batch
Iteration:  16 / 25
Computing similarity matrix - batch
Iteration:  17 / 25
Computing similarity matrix - batch
Iteration:  18 / 25
Computing similarity matrix - batch
Iteration:  19 / 25
Computing similarity matrix - batch
Iteration:  20 / 25
Computing similarity matrix - batch
Iteration:  21 / 25
Computing similarity matrix - batch
Iteration:  22 / 25
Computing similarity matrix - batch
Iteration:  23 / 25
Computing similarity matrix - batch
Iteration:  24 / 25
Computing similarity matrix - batch
Iteration:  25 / 25
Computing similarity matrix - batch
Progress: 6.25%
Started prediction
Iteration:  1 / 25
Computing similarity matrix - batch
Iteration:  2 / 25
Computing similarity matrix - batch
Iteration:  3 / 25
Computing similarity matrix - batch
Iteration:  4 / 25
Computing similarity matrix - batch
Iteration:  5 / 25
Computing similarity matrix - batch
Iteration:  6 / 25
Computing similarity matrix - batch
Iteration:  7 / 25
Computing similarity matrix - batch
Iteration:  8 / 25
Computing similarity matrix - batch
Iteration:  9 / 25
Computing similarity matrix - batch
Iteration:  10 / 25
Computing similarity matrix - batch
Iteration:  11 / 25
Computing similarity matrix - batch
Iteration:  12 / 25
Computing similarity matrix - batch
Iteration:  13 / 25
Computing similarity matrix - batch
Iteration:  14 / 25
Computing similarity matrix - batch
Iteration:  15 / 25
Computing similarity matrix - batch
Iteration:  16 / 25
Computing similarity matrix - batch
Iteration:  17 / 25
Computing similarity matrix - batch
Iteration:  18 / 25
Computing similarity matrix - batch
Iteration:  19 / 25
Computing similarity matrix - batch
Iteration:  20 / 25
Computing similarity matrix - batch
Iteration:  21 / 25
Computing similarity matrix - batch
Iteration:  22 / 25
Computing similarity matrix - batch
Iteration:  23 / 25
Computing similarity matrix - batch
Iteration:  24 / 25
Computing similarity matrix - batch
Iteration:  25 / 25
Computing similarity matrix - batch
Progress: 12.50%
Result:  result(mean_score=0.0068219502698214007, std_dev=0.00031897678842082982, parameters={'sh': 100})
Started prediction
Iteration:  1 / 25
Computing similarity matrix - batch
Iteration:  2 / 25
Computing similarity matrix - batch
Iteration:  3 / 25
Computing similarity matrix - batch
Iteration:  4 / 25
Computing similarity matrix - batch
Iteration:  5 / 25
Computing similarity matrix - batch
Iteration:  6 / 25
Computing similarity matrix - batch
Iteration:  7 / 25
Computing similarity matrix - batch
Iteration:  8 / 25
Computing similarity matrix - batch
Iteration:  9 / 25
Computing similarity matrix - batch
Iteration:  10 / 25
Computing similarity matrix - batch
Iteration:  11 / 25
Computing similarity matrix - batch
Iteration:  12 / 25
Computing similarity matrix - batch
Iteration:  13 / 25
Computing similarity matrix - batch
Iteration:  14 / 25
Computing similarity matrix - batch
Iteration:  15 / 25
Computing similarity matrix - batch
Iteration:  16 / 25
Computing similarity matrix - batch
Iteration:  17 / 25
Computing similarity matrix - batch
Iteration:  18 / 25
Computing similarity matrix - batch
Iteration:  19 / 25
Computing similarity matrix - batch
Iteration:  20 / 25
Computing similarity matrix - batch
Iteration:  21 / 25
Computing similarity matrix - batch
Iteration:  22 / 25
Computing similarity matrix - batch
Iteration:  23 / 25
Computing similarity matrix - batch
Iteration:  24 / 25
Computing similarity matrix - batch
Iteration:  25 / 25
Computing similarity matrix - batch
Progress: 18.75%
Started prediction
Iteration:  1 / 25
Computing similarity matrix - batch
Iteration:  2 / 25
Computing similarity matrix - batch
Iteration:  3 / 25
Computing similarity matrix - batch
Iteration:  4 / 25
Computing similarity matrix - batch
Iteration:  5 / 25
Computing similarity matrix - batch
Iteration:  6 / 25
Computing similarity matrix - batch
Iteration:  7 / 25
Computing similarity matrix - batch
Iteration:  8 / 25
Computing similarity matrix - batch
Iteration:  9 / 25
Computing similarity matrix - batch
Iteration:  10 / 25
Computing similarity matrix - batch
Iteration:  11 / 25
Computing similarity matrix - batch
Iteration:  12 / 25
Computing similarity matrix - batch
Iteration:  13 / 25
Computing similarity matrix - batch
Iteration:  14 / 25
Computing similarity matrix - batch
Iteration:  15 / 25
Computing similarity matrix - batch
Iteration:  16 / 25
Computing similarity matrix - batch
Iteration:  17 / 25
Computing similarity matrix - batch
Iteration:  18 / 25
Computing similarity matrix - batch
Iteration:  19 / 25
Computing similarity matrix - batch
Iteration:  20 / 25
Computing similarity matrix - batch
Iteration:  21 / 25
Computing similarity matrix - batch
Iteration:  22 / 25
Computing similarity matrix - batch
Iteration:  23 / 25
Computing similarity matrix - batch
Iteration:  24 / 25
Computing similarity matrix - batch
Iteration:  25 / 25
Computing similarity matrix - batch
Progress: 25.00%
Result:  result(mean_score=0.0072671809027683954, std_dev=0.0008812503244566049, parameters={'sh': 200})
Started prediction
Iteration:  1 / 25
Computing similarity matrix - batch
Iteration:  2 / 25
Computing similarity matrix - batch
Iteration:  3 / 25
Computing similarity matrix - batch
Iteration:  4 / 25
Computing similarity matrix - batch
Iteration:  5 / 25
Computing similarity matrix - batch
Iteration:  6 / 25
Computing similarity matrix - batch
Iteration:  7 / 25
Computing similarity matrix - batch
Iteration:  8 / 25
Computing similarity matrix - batch
Iteration:  9 / 25
Computing similarity matrix - batch
Iteration:  10 / 25
Computing similarity matrix - batch
Iteration:  11 / 25
Computing similarity matrix - batch
Iteration:  12 / 25
Computing similarity matrix - batch
Iteration:  13 / 25
Computing similarity matrix - batch
Iteration:  14 / 25
Computing similarity matrix - batch
Iteration:  15 / 25
Computing similarity matrix - batch
Iteration:  16 / 25
Computing similarity matrix - batch
Iteration:  17 / 25
Computing similarity matrix - batch
Iteration:  18 / 25
Computing similarity matrix - batch
Iteration:  19 / 25
Computing similarity matrix - batch
Iteration:  20 / 25
Computing similarity matrix - batch
Iteration:  21 / 25
Computing similarity matrix - batch
Iteration:  22 / 25
Computing similarity matrix - batch
Iteration:  23 / 25
Computing similarity matrix - batch
Iteration:  24 / 25
Computing similarity matrix - batch
Iteration:  25 / 25
Computing similarity matrix - batch
Progress: 31.25%
Started prediction
Iteration:  1 / 25
Computing similarity matrix - batch
Iteration:  2 / 25
Computing similarity matrix - batch
Iteration:  3 / 25
Computing similarity matrix - batch
Iteration:  4 / 25
Computing similarity matrix - batch
Iteration:  5 / 25
Computing similarity matrix - batch
Iteration:  6 / 25
Computing similarity matrix - batch
Iteration:  7 / 25
Computing similarity matrix - batch
Iteration:  8 / 25
Computing similarity matrix - batch
Iteration:  9 / 25
Computing similarity matrix - batch
Iteration:  10 / 25
Computing similarity matrix - batch
Iteration:  11 / 25
Computing similarity matrix - batch
Iteration:  12 / 25
Computing similarity matrix - batch
Iteration:  13 / 25
Computing similarity matrix - batch
Iteration:  14 / 25
Computing similarity matrix - batch
Iteration:  15 / 25
Computing similarity matrix - batch
Iteration:  16 / 25
Computing similarity matrix - batch
Iteration:  17 / 25
Computing similarity matrix - batch
Iteration:  18 / 25
Computing similarity matrix - batch
Iteration:  19 / 25
Computing similarity matrix - batch
Iteration:  20 / 25
Computing similarity matrix - batch
Iteration:  21 / 25
Computing similarity matrix - batch
Iteration:  22 / 25
Computing similarity matrix - batch
Iteration:  23 / 25
Computing similarity matrix - batch
Iteration:  24 / 25
Computing similarity matrix - batch
Iteration:  25 / 25
Computing similarity matrix - batch
Progress: 37.50%
Result:  result(mean_score=0.0074940483400622957, std_dev=0.00063562246470578185, parameters={'sh': 500})
Started prediction
Iteration:  1 / 25
Computing similarity matrix - batch
Iteration:  2 / 25
Computing similarity matrix - batch
Iteration:  3 / 25
Computing similarity matrix - batch
Iteration:  4 / 25
Computing similarity matrix - batch
Iteration:  5 / 25
Computing similarity matrix - batch
Iteration:  6 / 25
Computing similarity matrix - batch
Iteration:  7 / 25
Computing similarity matrix - batch
Iteration:  8 / 25
Computing similarity matrix - batch
Iteration:  9 / 25
Computing similarity matrix - batch
Iteration:  10 / 25
Computing similarity matrix - batch
Iteration:  11 / 25
Computing similarity matrix - batch
Iteration:  12 / 25
Computing similarity matrix - batch
Iteration:  13 / 25
Computing similarity matrix - batch
Iteration:  14 / 25
Computing similarity matrix - batch
Iteration:  15 / 25
Computing similarity matrix - batch
Iteration:  16 / 25
Computing similarity matrix - batch
Iteration:  17 / 25
Computing similarity matrix - batch
Iteration:  18 / 25
Computing similarity matrix - batch
Iteration:  19 / 25
Computing similarity matrix - batch
Iteration:  20 / 25
Computing similarity matrix - batch
Iteration:  21 / 25
Computing similarity matrix - batch
Iteration:  22 / 25
Computing similarity matrix - batch
Iteration:  23 / 25
Computing similarity matrix - batch
Iteration:  24 / 25
Computing similarity matrix - batch
Iteration:  25 / 25
Computing similarity matrix - batch
Progress: 43.75%
Started prediction
Iteration:  1 / 25
Computing similarity matrix - batch
Iteration:  2 / 25
Computing similarity matrix - batch
Iteration:  3 / 25
Computing similarity matrix - batch
Iteration:  4 / 25
Computing similarity matrix - batch
Iteration:  5 / 25
Computing similarity matrix - batch
Iteration:  6 / 25
Computing similarity matrix - batch
Iteration:  7 / 25
Computing similarity matrix - batch
Iteration:  8 / 25
Computing similarity matrix - batch
Iteration:  9 / 25
Computing similarity matrix - batch
Iteration:  10 / 25
Computing similarity matrix - batch
Iteration:  11 / 25
Computing similarity matrix - batch
Iteration:  12 / 25
Computing similarity matrix - batch
Iteration:  13 / 25
Computing similarity matrix - batch
Iteration:  14 / 25
Computing similarity matrix - batch
Iteration:  15 / 25
Computing similarity matrix - batch
Iteration:  16 / 25
Computing similarity matrix - batch
Iteration:  17 / 25
Computing similarity matrix - batch
Iteration:  18 / 25
Computing similarity matrix - batch
Iteration:  19 / 25
Computing similarity matrix - batch
Iteration:  20 / 25
Computing similarity matrix - batch
Iteration:  21 / 25
Computing similarity matrix - batch
Iteration:  22 / 25
Computing similarity matrix - batch
Iteration:  23 / 25
Computing similarity matrix - batch
Iteration:  24 / 25
Computing similarity matrix - batch
Iteration:  25 / 25
Computing similarity matrix - batch
Progress: 50.00%
Result:  result(mean_score=0.0076219705113597987, std_dev=0.001014849326821905, parameters={'sh': 1000})
Started prediction
Iteration:  1 / 25
Computing similarity matrix - batch
Iteration:  2 / 25
Computing similarity matrix - batch
Iteration:  3 / 25
Computing similarity matrix - batch
Iteration:  4 / 25
Computing similarity matrix - batch
Iteration:  5 / 25
Computing similarity matrix - batch
Iteration:  6 / 25
Computing similarity matrix - batch
Iteration:  7 / 25
Computing similarity matrix - batch
Iteration:  8 / 25
Computing similarity matrix - batch
Iteration:  9 / 25
Computing similarity matrix - batch
Iteration:  10 / 25
Computing similarity matrix - batch
Iteration:  11 / 25
Computing similarity matrix - batch
Iteration:  12 / 25
Computing similarity matrix - batch
Iteration:  13 / 25
Computing similarity matrix - batch
Iteration:  14 / 25
Computing similarity matrix - batch
Iteration:  15 / 25
Computing similarity matrix - batch
Iteration:  16 / 25
Computing similarity matrix - batch
Iteration:  17 / 25
Computing similarity matrix - batch
Iteration:  18 / 25
Computing similarity matrix - batch
Iteration:  19 / 25
Computing similarity matrix - batch
Iteration:  20 / 25
Computing similarity matrix - batch
Iteration:  21 / 25
Computing similarity matrix - batch
Iteration:  22 / 25
Computing similarity matrix - batch
Iteration:  23 / 25
Computing similarity matrix - batch
Iteration:  24 / 25
Computing similarity matrix - batch
Iteration:  25 / 25
Computing similarity matrix - batch
Progress: 56.25%
Started prediction
Iteration:  1 / 25
Computing similarity matrix - batch
Iteration:  2 / 25
Computing similarity matrix - batch
Iteration:  3 / 25
Computing similarity matrix - batch
Iteration:  4 / 25
Computing similarity matrix - batch
Iteration:  5 / 25
Computing similarity matrix - batch
Iteration:  6 / 25
Computing similarity matrix - batch
Iteration:  7 / 25
Computing similarity matrix - batch
Iteration:  8 / 25
Computing similarity matrix - batch
Iteration:  9 / 25
Computing similarity matrix - batch
Iteration:  10 / 25
Computing similarity matrix - batch
Iteration:  11 / 25
Computing similarity matrix - batch
Iteration:  12 / 25
Computing similarity matrix - batch
Iteration:  13 / 25
Computing similarity matrix - batch
Iteration:  14 / 25
Computing similarity matrix - batch
Iteration:  15 / 25
Computing similarity matrix - batch
Iteration:  16 / 25
Computing similarity matrix - batch
Iteration:  17 / 25
Computing similarity matrix - batch
Iteration:  18 / 25
Computing similarity matrix - batch
Iteration:  19 / 25
Computing similarity matrix - batch
Iteration:  20 / 25
Computing similarity matrix - batch
Iteration:  21 / 25
Computing similarity matrix - batch
Iteration:  22 / 25
Computing similarity matrix - batch
Iteration:  23 / 25
Computing similarity matrix - batch
Iteration:  24 / 25
Computing similarity matrix - batch
Iteration:  25 / 25
Computing similarity matrix - batch
Progress: 62.50%
Result:  result(mean_score=0.0069697019259541693, std_dev=0.00054743722542622501, parameters={'sh': 2000})
Started prediction
Iteration:  1 / 25
Computing similarity matrix - batch
Iteration:  2 / 25
Computing similarity matrix - batch
Iteration:  3 / 25
Computing similarity matrix - batch
Iteration:  4 / 25
Computing similarity matrix - batch
Iteration:  5 / 25
Computing similarity matrix - batch
Iteration:  6 / 25
Computing similarity matrix - batch
Iteration:  7 / 25
Computing similarity matrix - batch
Iteration:  8 / 25
Computing similarity matrix - batch
Iteration:  9 / 25
Computing similarity matrix - batch
Iteration:  10 / 25
Computing similarity matrix - batch
Iteration:  11 / 25
Computing similarity matrix - batch
Iteration:  12 / 25
Computing similarity matrix - batch
Iteration:  13 / 25
Computing similarity matrix - batch
Iteration:  14 / 25
Computing similarity matrix - batch
Iteration:  15 / 25
Computing similarity matrix - batch
Iteration:  16 / 25
Computing similarity matrix - batch
Iteration:  17 / 25
Computing similarity matrix - batch
Iteration:  18 / 25
Computing similarity matrix - batch
Iteration:  19 / 25
Computing similarity matrix - batch
Iteration:  20 / 25
Computing similarity matrix - batch
Iteration:  21 / 25
Computing similarity matrix - batch
Iteration:  22 / 25
Computing similarity matrix - batch
Iteration:  23 / 25
Computing similarity matrix - batch
Iteration:  24 / 25
Computing similarity matrix - batch
Iteration:  25 / 25
Computing similarity matrix - batch
Progress: 68.75%
Started prediction
Iteration:  1 / 25
Computing similarity matrix - batch
Iteration:  2 / 25
Computing similarity matrix - batch
Iteration:  3 / 25
Computing similarity matrix - batch
Iteration:  4 / 25
Computing similarity matrix - batch
Iteration:  5 / 25
Computing similarity matrix - batch
Iteration:  6 / 25
Computing similarity matrix - batch
Iteration:  7 / 25
Computing similarity matrix - batch
Iteration:  8 / 25
Computing similarity matrix - batch
Iteration:  9 / 25
Computing similarity matrix - batch
Iteration:  10 / 25
Computing similarity matrix - batch
Iteration:  11 / 25
Computing similarity matrix - batch
Iteration:  12 / 25
Computing similarity matrix - batch
Iteration:  13 / 25
Computing similarity matrix - batch
Iteration:  14 / 25
Computing similarity matrix - batch
Iteration:  15 / 25
Computing similarity matrix - batch
Iteration:  16 / 25
Computing similarity matrix - batch
Iteration:  17 / 25
Computing similarity matrix - batch
Iteration:  18 / 25
Computing similarity matrix - batch
Iteration:  19 / 25
Computing similarity matrix - batch
Iteration:  20 / 25
Computing similarity matrix - batch
Iteration:  21 / 25
Computing similarity matrix - batch
Iteration:  22 / 25
Computing similarity matrix - batch
Iteration:  23 / 25
Computing similarity matrix - batch
Iteration:  24 / 25
Computing similarity matrix - batch
Iteration:  25 / 25
Computing similarity matrix - batch
Progress: 75.00%
Result:  result(mean_score=0.0076304965731816702, std_dev=0.00011570502029618207, parameters={'sh': 5000})
Started prediction
Iteration:  1 / 25
Computing similarity matrix - batch
Iteration:  2 / 25
Computing similarity matrix - batch
Iteration:  3 / 25
Computing similarity matrix - batch
Iteration:  4 / 25
Computing similarity matrix - batch
Iteration:  5 / 25
Computing similarity matrix - batch
Iteration:  6 / 25
Computing similarity matrix - batch
Iteration:  7 / 25
Computing similarity matrix - batch
Iteration:  8 / 25
Computing similarity matrix - batch
Iteration:  9 / 25
Computing similarity matrix - batch
Iteration:  10 / 25
Computing similarity matrix - batch
Iteration:  11 / 25
Computing similarity matrix - batch
Iteration:  12 / 25
Computing similarity matrix - batch
Iteration:  13 / 25
Computing similarity matrix - batch
Iteration:  14 / 25
Computing similarity matrix - batch
Iteration:  15 / 25
Computing similarity matrix - batch
Iteration:  16 / 25
Computing similarity matrix - batch
Iteration:  17 / 25
Computing similarity matrix - batch
Iteration:  18 / 25
Computing similarity matrix - batch
Iteration:  19 / 25
Computing similarity matrix - batch
Iteration:  20 / 25
Computing similarity matrix - batch
Iteration:  21 / 25
Computing similarity matrix - batch
Iteration:  22 / 25
Computing similarity matrix - batch
Iteration:  23 / 25
Computing similarity matrix - batch
Iteration:  24 / 25
Computing similarity matrix - batch
Iteration:  25 / 25
Computing similarity matrix - batch
Progress: 81.25%
Started prediction
Iteration:  1 / 25
Computing similarity matrix - batch
Iteration:  2 / 25
Computing similarity matrix - batch
Iteration:  3 / 25
Computing similarity matrix - batch
Iteration:  4 / 25
Computing similarity matrix - batch
Iteration:  5 / 25
Computing similarity matrix - batch
Iteration:  6 / 25
Computing similarity matrix - batch
Iteration:  7 / 25
Computing similarity matrix - batch
Iteration:  8 / 25
Computing similarity matrix - batch
Iteration:  9 / 25
Computing similarity matrix - batch
Iteration:  10 / 25
Computing similarity matrix - batch
Iteration:  11 / 25
Computing similarity matrix - batch
Iteration:  12 / 25
Computing similarity matrix - batch
Iteration:  13 / 25
Computing similarity matrix - batch
Iteration:  14 / 25
Computing similarity matrix - batch
Iteration:  15 / 25
Computing similarity matrix - batch
Iteration:  16 / 25
Computing similarity matrix - batch
Iteration:  17 / 25
Computing similarity matrix - batch
Iteration:  18 / 25
Computing similarity matrix - batch
Iteration:  19 / 25
Computing similarity matrix - batch
Iteration:  20 / 25
Computing similarity matrix - batch
Iteration:  21 / 25
Computing similarity matrix - batch
Iteration:  22 / 25
Computing similarity matrix - batch
Iteration:  23 / 25
Computing similarity matrix - batch
Iteration:  24 / 25
Computing similarity matrix - batch
Iteration:  25 / 25
Computing similarity matrix - batch
Progress: 87.50%
Result:  result(mean_score=0.0062013385717621747, std_dev=0.0004375654879501833, parameters={'sh': 10000})
Started prediction
Iteration:  1 / 25
Computing similarity matrix - batch
Iteration:  2 / 25
Computing similarity matrix - batch
Iteration:  3 / 25
Computing similarity matrix - batch
Iteration:  4 / 25
Computing similarity matrix - batch
Iteration:  5 / 25
Computing similarity matrix - batch
Iteration:  6 / 25
Computing similarity matrix - batch
Iteration:  7 / 25
Computing similarity matrix - batch
Iteration:  8 / 25
Computing similarity matrix - batch
Iteration:  9 / 25
Computing similarity matrix - batch
Iteration:  10 / 25
Computing similarity matrix - batch
Iteration:  11 / 25
Computing similarity matrix - batch
Iteration:  12 / 25
Computing similarity matrix - batch
Iteration:  13 / 25
Computing similarity matrix - batch
Iteration:  14 / 25
Computing similarity matrix - batch
Iteration:  15 / 25
Computing similarity matrix - batch
Iteration:  16 / 25
Computing similarity matrix - batch
Iteration:  17 / 25
Computing similarity matrix - batch
Iteration:  18 / 25
Computing similarity matrix - batch
Iteration:  19 / 25
Computing similarity matrix - batch
Iteration:  20 / 25
Computing similarity matrix - batch
Iteration:  21 / 25
Computing similarity matrix - batch
Iteration:  22 / 25
Computing similarity matrix - batch
Iteration:  23 / 25
Computing similarity matrix - batch
Iteration:  24 / 25
Computing similarity matrix - batch
Iteration:  25 / 25
Computing similarity matrix - batch
Progress: 93.75%
Started prediction
Iteration:  1 / 25
Computing similarity matrix - batch
Iteration:  2 / 25
Computing similarity matrix - batch
Iteration:  3 / 25
Computing similarity matrix - batch
Iteration:  4 / 25
Computing similarity matrix - batch
Iteration:  5 / 25
Computing similarity matrix - batch
Iteration:  6 / 25
Computing similarity matrix - batch
Iteration:  7 / 25
Computing similarity matrix - batch
Iteration:  8 / 25
Computing similarity matrix - batch
Iteration:  9 / 25
Computing similarity matrix - batch
Iteration:  10 / 25
Computing similarity matrix - batch
Iteration:  11 / 25
Computing similarity matrix - batch
Iteration:  12 / 25
Computing similarity matrix - batch
Iteration:  13 / 25
Computing similarity matrix - batch
Iteration:  14 / 25
Computing similarity matrix - batch
Iteration:  15 / 25
Computing similarity matrix - batch
Iteration:  16 / 25
Computing similarity matrix - batch
Iteration:  17 / 25
Computing similarity matrix - batch
Iteration:  18 / 25
Computing similarity matrix - batch
Iteration:  19 / 25
Computing similarity matrix - batch
Iteration:  20 / 25
Computing similarity matrix - batch
Iteration:  21 / 25
Computing similarity matrix - batch
Iteration:  22 / 25
Computing similarity matrix - batch
Iteration:  23 / 25
Computing similarity matrix - batch
Iteration:  24 / 25
Computing similarity matrix - batch
Iteration:  25 / 25
Computing similarity matrix - batch
Progress: 100.00%
Result:  result(mean_score=0.0070848896709241778, std_dev=0.00065397760101702134, parameters={'sh': 20000})
Total scores:          MAP       Std     sh
0  0.006822  0.000319    100
1  0.007267  0.000881    200
2  0.007494  0.000636    500
3  0.007622  0.001015   1000
4  0.006970  0.000547   2000
5  0.007630  0.000116   5000
6  0.006201  0.000438  10000
7  0.007085  0.000654  20000
