1481819861.37 :  Started fit
1481820590.13 :  Finished fit
Started prediction
Iteration:  1 / 50
Computing similarity matrix - batch
Iteration:  2 / 50
Computing similarity matrix - batch
Iteration:  3 / 50
Computing similarity matrix - batch
Iteration:  4 / 50
Computing similarity matrix - batch
Iteration:  5 / 50
Computing similarity matrix - batch
Iteration:  6 / 50
Computing similarity matrix - batch
Iteration:  7 / 50
Computing similarity matrix - batch
Iteration:  8 / 50
Computing similarity matrix - batch
Iteration:  9 / 50
Computing similarity matrix - batch
Iteration:  10 / 50
Computing similarity matrix - batch
Iteration:  11 / 50
Computing similarity matrix - batch
Iteration:  12 / 50
Computing similarity matrix - batch
Iteration:  13 / 50
Computing similarity matrix - batch
Iteration:  14 / 50
Computing similarity matrix - batch
Iteration:  15 / 50
Computing similarity matrix - batch
Iteration:  16 / 50
Computing similarity matrix - batch
Iteration:  17 / 50
Computing similarity matrix - batch
Iteration:  18 / 50
Computing similarity matrix - batch
Iteration:  19 / 50
Computing similarity matrix - batch
Iteration:  20 / 50
Computing similarity matrix - batch
Iteration:  21 / 50
Computing similarity matrix - batch
Iteration:  22 / 50
Computing similarity matrix - batch
Iteration:  23 / 50
Computing similarity matrix - batch
Iteration:  24 / 50
Computing similarity matrix - batch
Iteration:  25 / 50
Computing similarity matrix - batch
Iteration:  26 / 50
Computing similarity matrix - batch
Iteration:  27 / 50
Computing similarity matrix - batch
Iteration:  28 / 50
Computing similarity matrix - batch
Iteration:  29 / 50
Computing similarity matrix - batch
Iteration:  30 / 50
Computing similarity matrix - batch
Iteration:  31 / 50
Computing similarity matrix - batch
Iteration:  32 / 50
Computing similarity matrix - batch
Iteration:  33 / 50
Computing similarity matrix - batch
Iteration:  34 / 50
Computing similarity matrix - batch
Iteration:  35 / 50
Computing similarity matrix - batch
Iteration:  36 / 50
Computing similarity matrix - batch
Iteration:  37 / 50
Computing similarity matrix - batch
Iteration:  38 / 50
Computing similarity matrix - batch
Iteration:  39 / 50
Computing similarity matrix - batch
Iteration:  40 / 50
Computing similarity matrix - batch
Iteration:  41 / 50
Computing similarity matrix - batch
Iteration:  42 / 50
Computing similarity matrix - batch
Iteration:  43 / 50
Computing similarity matrix - batch
Iteration:  44 / 50
Computing similarity matrix - batch
Iteration:  45 / 50
Computing similarity matrix - batch
Iteration:  46 / 50
Computing similarity matrix - batch
Iteration:  47 / 50
Computing similarity matrix - batch
Iteration:  48 / 50
Computing similarity matrix - batch
Iteration:  49 / 50
Computing similarity matrix - batch
Iteration:  50 / 50
Computing similarity matrix - batch
1481825476.13 :  Started fit
1481826193.31 :  Finished fit
Started prediction
Iteration:  1 / 50
Computing similarity matrix - batch
Iteration:  2 / 50
Computing similarity matrix - batch
Iteration:  3 / 50
Computing similarity matrix - batch
Iteration:  4 / 50
Computing similarity matrix - batch
Iteration:  5 / 50
Computing similarity matrix - batch
Iteration:  6 / 50
Computing similarity matrix - batch
Iteration:  7 / 50
Computing similarity matrix - batch
Iteration:  8 / 50
Computing similarity matrix - batch
Iteration:  9 / 50
Computing similarity matrix - batch
Iteration:  10 / 50
Computing similarity matrix - batch
Iteration:  11 / 50
Computing similarity matrix - batch
Iteration:  12 / 50
Computing similarity matrix - batch
Iteration:  13 / 50
Computing similarity matrix - batch
Iteration:  14 / 50
Computing similarity matrix - batch
Iteration:  15 / 50
Computing similarity matrix - batch
Iteration:  16 / 50
Computing similarity matrix - batch
Iteration:  17 / 50
Computing similarity matrix - batch
Iteration:  18 / 50
Computing similarity matrix - batch
Iteration:  19 / 50
Computing similarity matrix - batch
Iteration:  20 / 50
Computing similarity matrix - batch
Iteration:  21 / 50
Computing similarity matrix - batch
Iteration:  22 / 50
Computing similarity matrix - batch
Iteration:  23 / 50
Computing similarity matrix - batch
Iteration:  24 / 50
Computing similarity matrix - batch
Iteration:  25 / 50
Computing similarity matrix - batch
Iteration:  26 / 50
Computing similarity matrix - batch
Iteration:  27 / 50
Computing similarity matrix - batch
Iteration:  28 / 50
Computing similarity matrix - batch
Iteration:  29 / 50
Computing similarity matrix - batch
Iteration:  30 / 50
Computing similarity matrix - batch
Iteration:  31 / 50
Computing similarity matrix - batch
Iteration:  32 / 50
Computing similarity matrix - batch
Iteration:  33 / 50
Computing similarity matrix - batch
Iteration:  34 / 50
Computing similarity matrix - batch
Iteration:  35 / 50
Computing similarity matrix - batch
Iteration:  36 / 50
Computing similarity matrix - batch
Iteration:  37 / 50
Computing similarity matrix - batch
Iteration:  38 / 50
Computing similarity matrix - batch
Iteration:  39 / 50
Computing similarity matrix - batch
Iteration:  40 / 50
Computing similarity matrix - batch
Iteration:  41 / 50
Computing similarity matrix - batch
Iteration:  42 / 50
Computing similarity matrix - batch
Iteration:  43 / 50
Computing similarity matrix - batch
Iteration:  44 / 50
Computing similarity matrix - batch
Iteration:  45 / 50
Computing similarity matrix - batch
Iteration:  46 / 50
Computing similarity matrix - batch
Iteration:  47 / 50
Computing similarity matrix - batch
Iteration:  48 / 50
Computing similarity matrix - batch
Iteration:  49 / 50
Computing similarity matrix - batch
Iteration:  50 / 50
Computing similarity matrix - batch
1481830297.68 :  Started fit
1481831022.7 :  Finished fit
Started prediction
Iteration:  1 / 50
Computing similarity matrix - batch
Iteration:  2 / 50
Computing similarity matrix - batch
Iteration:  3 / 50
Computing similarity matrix - batch
Iteration:  4 / 50
Computing similarity matrix - batch
Iteration:  5 / 50
Computing similarity matrix - batch
Iteration:  6 / 50
Computing similarity matrix - batch
Iteration:  7 / 50
Computing similarity matrix - batch
Iteration:  8 / 50
Computing similarity matrix - batch
Iteration:  9 / 50
Computing similarity matrix - batch
Iteration:  10 / 50
Computing similarity matrix - batch
Iteration:  11 / 50
Computing similarity matrix - batch
Iteration:  12 / 50
Computing similarity matrix - batch
Iteration:  13 / 50
Computing similarity matrix - batch
Iteration:  14 / 50
Computing similarity matrix - batch
Iteration:  15 / 50
Computing similarity matrix - batch
Iteration:  16 / 50
Computing similarity matrix - batch
Iteration:  17 / 50
Computing similarity matrix - batch
Iteration:  18 / 50
Computing similarity matrix - batch
Iteration:  19 / 50
Computing similarity matrix - batch
Iteration:  20 / 50
Computing similarity matrix - batch
Iteration:  21 / 50
Computing similarity matrix - batch
Iteration:  22 / 50
Computing similarity matrix - batch
Iteration:  23 / 50
Computing similarity matrix - batch
Iteration:  24 / 50
Computing similarity matrix - batch
Iteration:  25 / 50
Computing similarity matrix - batch
Iteration:  26 / 50
Computing similarity matrix - batch
Iteration:  27 / 50
Computing similarity matrix - batch
Iteration:  28 / 50
Computing similarity matrix - batch
Iteration:  29 / 50
Computing similarity matrix - batch
Iteration:  30 / 50
Computing similarity matrix - batch
Iteration:  31 / 50
Computing similarity matrix - batch
Iteration:  32 / 50
Computing similarity matrix - batch
Iteration:  33 / 50
Computing similarity matrix - batch
Iteration:  34 / 50
Computing similarity matrix - batch
Iteration:  35 / 50
Computing similarity matrix - batch
Iteration:  36 / 50
Computing similarity matrix - batch
Iteration:  37 / 50
Computing similarity matrix - batch
Iteration:  38 / 50
Computing similarity matrix - batch
Iteration:  39 / 50
Computing similarity matrix - batch
Iteration:  40 / 50
Computing similarity matrix - batch
Iteration:  41 / 50
Computing similarity matrix - batch
Iteration:  42 / 50
Computing similarity matrix - batch
Iteration:  43 / 50
Computing similarity matrix - batch
Iteration:  44 / 50
Computing similarity matrix - batch
Iteration:  45 / 50
Computing similarity matrix - batch
Iteration:  46 / 50
Computing similarity matrix - batch
Iteration:  47 / 50
Computing similarity matrix - batch
Iteration:  48 / 50
Computing similarity matrix - batch
Iteration:  49 / 50
Computing similarity matrix - batch
Iteration:  50 / 50
Computing similarity matrix - batch
1481835098.12 :  Started fit
1481835823.49 :  Finished fit
Started prediction
Iteration:  1 / 50
Computing similarity matrix - batch
Iteration:  2 / 50
Computing similarity matrix - batch
Iteration:  3 / 50
Computing similarity matrix - batch
Iteration:  4 / 50
Computing similarity matrix - batch
Iteration:  5 / 50
Computing similarity matrix - batch
Iteration:  6 / 50
Computing similarity matrix - batch
Iteration:  7 / 50
Computing similarity matrix - batch
Iteration:  8 / 50
Computing similarity matrix - batch
Iteration:  9 / 50
Computing similarity matrix - batch
Iteration:  10 / 50
Computing similarity matrix - batch
Iteration:  11 / 50
Computing similarity matrix - batch
Iteration:  12 / 50
Computing similarity matrix - batch
Iteration:  13 / 50
Computing similarity matrix - batch
Iteration:  14 / 50
Computing similarity matrix - batch
Iteration:  15 / 50
Computing similarity matrix - batch
Iteration:  16 / 50
Computing similarity matrix - batch
Iteration:  17 / 50
Computing similarity matrix - batch
Iteration:  18 / 50
Computing similarity matrix - batch
Iteration:  19 / 50
Computing similarity matrix - batch
Iteration:  20 / 50
Computing similarity matrix - batch
Iteration:  21 / 50
Computing similarity matrix - batch
Iteration:  22 / 50
Computing similarity matrix - batch
Iteration:  23 / 50
Computing similarity matrix - batch
Iteration:  24 / 50
Computing similarity matrix - batch
Iteration:  25 / 50
Computing similarity matrix - batch
Iteration:  26 / 50
Computing similarity matrix - batch
Iteration:  27 / 50
Computing similarity matrix - batch
Iteration:  28 / 50
Computing similarity matrix - batch
Iteration:  29 / 50
Computing similarity matrix - batch
Iteration:  30 / 50
Computing similarity matrix - batch
Iteration:  31 / 50
Computing similarity matrix - batch
Iteration:  32 / 50
Computing similarity matrix - batch
Iteration:  33 / 50
Computing similarity matrix - batch
Iteration:  34 / 50
Computing similarity matrix - batch
Iteration:  35 / 50
Computing similarity matrix - batch
Iteration:  36 / 50
Computing similarity matrix - batch
Iteration:  37 / 50
Computing similarity matrix - batch
Iteration:  38 / 50
Computing similarity matrix - batch
Iteration:  39 / 50
Computing similarity matrix - batch
Iteration:  40 / 50
Computing similarity matrix - batch
Iteration:  41 / 50
Computing similarity matrix - batch
Iteration:  42 / 50
Computing similarity matrix - batch
Iteration:  43 / 50
Computing similarity matrix - batch
Iteration:  44 / 50
Computing similarity matrix - batch
Iteration:  45 / 50
Computing similarity matrix - batch
Iteration:  46 / 50
Computing similarity matrix - batch
Iteration:  47 / 50
Computing similarity matrix - batch
Iteration:  48 / 50
Computing similarity matrix - batch
Iteration:  49 / 50
Computing similarity matrix - batch
Iteration:  50 / 50
Computing similarity matrix - batch
