{'a_sh': 0.1, 'k': 1}
Computing similarity matrix
Iteration:  1 / 34
Iteration:  2 / 34
Iteration:  3 / 34
Iteration:  4 / 34
Iteration:  5 / 34
Iteration:  6 / 34
Iteration:  7 / 34
Iteration:  8 / 34
Iteration:  9 / 34
Iteration:  10 / 34
Iteration:  11 / 34
Iteration:  12 / 34
Iteration:  13 / 34
Iteration:  14 / 34
Iteration:  15 / 34
Iteration:  16 / 34
Iteration:  17 / 34
Iteration:  18 / 34
Iteration:  19 / 34
Iteration:  20 / 34
Iteration:  21 / 34
Iteration:  22 / 34
Iteration:  23 / 34
Iteration:  24 / 34
Iteration:  25 / 34
Iteration:  26 / 34
Iteration:  27 / 34
Iteration:  28 / 34
Iteration:  29 / 34
Iteration:  30 / 34
Iteration:  31 / 34
Iteration:  32 / 34
Iteration:  33 / 34
Iteration:  34 / 34
Started prediction
Iteration:  1 / 1
Progress: 0.69%
Started prediction
Iteration:  1 / 1
Progress: 1.39%
Started prediction
Iteration:  1 / 1
Progress: 2.08%
Started prediction
Iteration:  1 / 1
Progress: 2.78%
{'a_sh': 0.1, 'k': 2}
Started prediction
Iteration:  1 / 1
Progress: 3.47%
Started prediction
Iteration:  1 / 1
Progress: 4.17%
Started prediction
Iteration:  1 / 1
Progress: 4.86%
Started prediction
Iteration:  1 / 1
Progress: 5.56%
{'a_sh': 0.1, 'k': 5}
Started prediction
Iteration:  1 / 1
Progress: 6.25%
Started prediction
Iteration:  1 / 1
Progress: 6.94%
Started prediction
Iteration:  1 / 1
Progress: 7.64%
Started prediction
Iteration:  1 / 1
Progress: 8.33%
{'a_sh': 0.1, 'k': 10}
Started prediction
Iteration:  1 / 1
Progress: 9.03%
Started prediction
Iteration:  1 / 1
Progress: 9.72%
Started prediction
Iteration:  1 / 1
Progress: 10.42%
Started prediction
Iteration:  1 / 1
Progress: 11.11%
{'a_sh': 0.1, 'k': 20}
Started prediction
Iteration:  1 / 1
Progress: 11.81%
Started prediction
Iteration:  1 / 1
Progress: 12.50%
Started prediction
Iteration:  1 / 1
Progress: 13.19%
Started prediction
Iteration:  1 / 1
Progress: 13.89%
{'a_sh': 0.1, 'k': 50}
Started prediction
Iteration:  1 / 1
Progress: 14.58%
Started prediction
Iteration:  1 / 1
Progress: 15.28%
Started prediction
Iteration:  1 / 1
Progress: 15.97%
Started prediction
Iteration:  1 / 1
Progress: 16.67%
{'a_sh': 0.5, 'k': 1}
Computing similarity matrix
Iteration:  1 / 34
Iteration:  2 / 34
Iteration:  3 / 34
Iteration:  4 / 34
Iteration:  5 / 34
Iteration:  6 / 34
Iteration:  7 / 34
Iteration:  8 / 34
Iteration:  9 / 34
Iteration:  10 / 34
Iteration:  11 / 34
Iteration:  12 / 34
Iteration:  13 / 34
Iteration:  14 / 34
Iteration:  15 / 34
Iteration:  16 / 34
Iteration:  17 / 34
Iteration:  18 / 34
Iteration:  19 / 34
Iteration:  20 / 34
Iteration:  21 / 34
Iteration:  22 / 34
Iteration:  23 / 34
Iteration:  24 / 34
Iteration:  25 / 34
Iteration:  26 / 34
Iteration:  27 / 34
Iteration:  28 / 34
Iteration:  29 / 34
Iteration:  30 / 34
Iteration:  31 / 34
Iteration:  32 / 34
Iteration:  33 / 34
Iteration:  34 / 34
Started prediction
Iteration:  1 / 1
Progress: 17.36%
Started prediction
Iteration:  1 / 1
Progress: 18.06%
Started prediction
Iteration:  1 / 1
Progress: 18.75%
Started prediction
Iteration:  1 / 1
Progress: 19.44%
{'a_sh': 0.5, 'k': 2}
Started prediction
Iteration:  1 / 1
Progress: 20.14%
Started prediction
Iteration:  1 / 1
Progress: 20.83%
Started prediction
Iteration:  1 / 1
Progress: 21.53%
Started prediction
Iteration:  1 / 1
Progress: 22.22%
{'a_sh': 0.5, 'k': 5}
Started prediction
Iteration:  1 / 1
Progress: 22.92%
Started prediction
Iteration:  1 / 1
Progress: 23.61%
Started prediction
Iteration:  1 / 1
Progress: 24.31%
Started prediction
Iteration:  1 / 1
Progress: 25.00%
{'a_sh': 0.5, 'k': 10}
Started prediction
Iteration:  1 / 1
Progress: 25.69%
Started prediction
Iteration:  1 / 1
Progress: 26.39%
Started prediction
Iteration:  1 / 1
Progress: 27.08%
Started prediction
Iteration:  1 / 1
Progress: 27.78%
{'a_sh': 0.5, 'k': 20}
Started prediction
Iteration:  1 / 1
Progress: 28.47%
Started prediction
Iteration:  1 / 1
Progress: 29.17%
Started prediction
Iteration:  1 / 1
Progress: 29.86%
Started prediction
Iteration:  1 / 1
Progress: 30.56%
{'a_sh': 0.5, 'k': 50}
Started prediction
Iteration:  1 / 1
Progress: 31.25%
Started prediction
Iteration:  1 / 1
Progress: 31.94%
Started prediction
Iteration:  1 / 1
Progress: 32.64%
Started prediction
Iteration:  1 / 1
Progress: 33.33%
{'a_sh': 1, 'k': 1}
Computing similarity matrix
Iteration:  1 / 34
Iteration:  2 / 34
Iteration:  3 / 34
Iteration:  4 / 34
Iteration:  5 / 34
Iteration:  6 / 34
Iteration:  7 / 34
Iteration:  8 / 34
Iteration:  9 / 34
Iteration:  10 / 34
Iteration:  11 / 34
Iteration:  12 / 34
Iteration:  13 / 34
Iteration:  14 / 34
Iteration:  15 / 34
Iteration:  16 / 34
Iteration:  17 / 34
Iteration:  18 / 34
Iteration:  19 / 34
Iteration:  20 / 34
Iteration:  21 / 34
Iteration:  22 / 34
Iteration:  23 / 34
Iteration:  24 / 34
Iteration:  25 / 34
Iteration:  26 / 34
Iteration:  27 / 34
Iteration:  28 / 34
Iteration:  29 / 34
Iteration:  30 / 34
Iteration:  31 / 34
Iteration:  32 / 34
Iteration:  33 / 34
Iteration:  34 / 34
Started prediction
Iteration:  1 / 1
Progress: 34.03%
Started prediction
Iteration:  1 / 1
Progress: 34.72%
Started prediction
Iteration:  1 / 1
Progress: 35.42%
Started prediction
Iteration:  1 / 1
Progress: 36.11%
{'a_sh': 1, 'k': 2}
Started prediction
Iteration:  1 / 1
Progress: 36.81%
Started prediction
Iteration:  1 / 1
Progress: 37.50%
Started prediction
Iteration:  1 / 1
Progress: 38.19%
Started prediction
Iteration:  1 / 1
Progress: 38.89%
{'a_sh': 1, 'k': 5}
Started prediction
Iteration:  1 / 1
Progress: 39.58%
Started prediction
Iteration:  1 / 1
Progress: 40.28%
Started prediction
Iteration:  1 / 1
Progress: 40.97%
Started prediction
Iteration:  1 / 1
Progress: 41.67%
{'a_sh': 1, 'k': 10}
Started prediction
Iteration:  1 / 1
Progress: 42.36%
Started prediction
Iteration:  1 / 1
Progress: 43.06%
Started prediction
Iteration:  1 / 1
Progress: 43.75%
Started prediction
Iteration:  1 / 1
Progress: 44.44%
{'a_sh': 1, 'k': 20}
Started prediction
Iteration:  1 / 1
Progress: 45.14%
Started prediction
Iteration:  1 / 1
Progress: 45.83%
Started prediction
Iteration:  1 / 1
Progress: 46.53%
Started prediction
Iteration:  1 / 1
Progress: 47.22%
{'a_sh': 1, 'k': 50}
Started prediction
Iteration:  1 / 1
Progress: 47.92%
Started prediction
Iteration:  1 / 1
Progress: 48.61%
Started prediction
Iteration:  1 / 1
Progress: 49.31%
Started prediction
Iteration:  1 / 1
Progress: 50.00%
{'a_sh': 2, 'k': 1}
Computing similarity matrix
Iteration:  1 / 34
Iteration:  2 / 34
Iteration:  3 / 34
Iteration:  4 / 34
Iteration:  5 / 34
Iteration:  6 / 34
Iteration:  7 / 34
Iteration:  8 / 34
Iteration:  9 / 34
Iteration:  10 / 34
Iteration:  11 / 34
Iteration:  12 / 34
Iteration:  13 / 34
Iteration:  14 / 34
Iteration:  15 / 34
Iteration:  16 / 34
Iteration:  17 / 34
Iteration:  18 / 34
Iteration:  19 / 34
Iteration:  20 / 34
Iteration:  21 / 34
Iteration:  22 / 34
Iteration:  23 / 34
Iteration:  24 / 34
Iteration:  25 / 34
Iteration:  26 / 34
Iteration:  27 / 34
Iteration:  28 / 34
Iteration:  29 / 34
Iteration:  30 / 34
Iteration:  31 / 34
Iteration:  32 / 34
Iteration:  33 / 34
Iteration:  34 / 34
Started prediction
Iteration:  1 / 1
Progress: 50.69%
Started prediction
Iteration:  1 / 1
Progress: 51.39%
Started prediction
Iteration:  1 / 1
Progress: 52.08%
Started prediction
Iteration:  1 / 1
Progress: 52.78%
{'a_sh': 2, 'k': 2}
Started prediction
Iteration:  1 / 1
Progress: 53.47%
Started prediction
Iteration:  1 / 1
Progress: 54.17%
Started prediction
Iteration:  1 / 1
Progress: 54.86%
Started prediction
Iteration:  1 / 1
Progress: 55.56%
{'a_sh': 2, 'k': 5}
Started prediction
Iteration:  1 / 1
Progress: 56.25%
Started prediction
Iteration:  1 / 1
Progress: 56.94%
Started prediction
Iteration:  1 / 1
Progress: 57.64%
Started prediction
Iteration:  1 / 1
Progress: 58.33%
{'a_sh': 2, 'k': 10}
Started prediction
Iteration:  1 / 1
Progress: 59.03%
Started prediction
Iteration:  1 / 1
Progress: 59.72%
Started prediction
Iteration:  1 / 1
Progress: 60.42%
Started prediction
Iteration:  1 / 1
Progress: 61.11%
{'a_sh': 2, 'k': 20}
Started prediction
Iteration:  1 / 1
Progress: 61.81%
Started prediction
Iteration:  1 / 1
Progress: 62.50%
Started prediction
Iteration:  1 / 1
Progress: 63.19%
Started prediction
Iteration:  1 / 1
Progress: 63.89%
{'a_sh': 2, 'k': 50}
Started prediction
Iteration:  1 / 1
Progress: 64.58%
Started prediction
Iteration:  1 / 1
Progress: 65.28%
Started prediction
Iteration:  1 / 1
Progress: 65.97%
Started prediction
Iteration:  1 / 1
Progress: 66.67%
{'a_sh': 5, 'k': 1}
Computing similarity matrix
Iteration:  1 / 34
Iteration:  2 / 34
Iteration:  3 / 34
Iteration:  4 / 34
Iteration:  5 / 34
Iteration:  6 / 34
Iteration:  7 / 34
Iteration:  8 / 34
Iteration:  9 / 34
Iteration:  10 / 34
Iteration:  11 / 34
Iteration:  12 / 34
Iteration:  13 / 34
Iteration:  14 / 34
Iteration:  15 / 34
Iteration:  16 / 34
Iteration:  17 / 34
Iteration:  18 / 34
Iteration:  19 / 34
Iteration:  20 / 34
Iteration:  21 / 34
Iteration:  22 / 34
Iteration:  23 / 34
Iteration:  24 / 34
Iteration:  25 / 34
Iteration:  26 / 34
Iteration:  27 / 34
Iteration:  28 / 34
Iteration:  29 / 34
Iteration:  30 / 34
Iteration:  31 / 34
Iteration:  32 / 34
Iteration:  33 / 34
Iteration:  34 / 34
Started prediction
Iteration:  1 / 1
Progress: 67.36%
Started prediction
Iteration:  1 / 1
Progress: 68.06%
Started prediction
Iteration:  1 / 1
Progress: 68.75%
Started prediction
Iteration:  1 / 1
Progress: 69.44%
{'a_sh': 5, 'k': 2}
Started prediction
Iteration:  1 / 1
Progress: 70.14%
Started prediction
Iteration:  1 / 1
Progress: 70.83%
Started prediction
Iteration:  1 / 1
Progress: 71.53%
Started prediction
Iteration:  1 / 1
Progress: 72.22%
{'a_sh': 5, 'k': 5}
Started prediction
Iteration:  1 / 1
Progress: 72.92%
Started prediction
Iteration:  1 / 1
Progress: 73.61%
Started prediction
Iteration:  1 / 1
Progress: 74.31%
Started prediction
Iteration:  1 / 1
Progress: 75.00%
{'a_sh': 5, 'k': 10}
Started prediction
Iteration:  1 / 1
Progress: 75.69%
Started prediction
Iteration:  1 / 1
Progress: 76.39%
Started prediction
Iteration:  1 / 1
Progress: 77.08%
Started prediction
Iteration:  1 / 1
Progress: 77.78%
{'a_sh': 5, 'k': 20}
Started prediction
Iteration:  1 / 1
Progress: 78.47%
Started prediction
Iteration:  1 / 1
Progress: 79.17%
Started prediction
Iteration:  1 / 1
Progress: 79.86%
Started prediction
Iteration:  1 / 1
Progress: 80.56%
{'a_sh': 5, 'k': 50}
Started prediction
Iteration:  1 / 1
Progress: 81.25%
Started prediction
Iteration:  1 / 1
Progress: 81.94%
Started prediction
Iteration:  1 / 1
Progress: 82.64%
Started prediction
Iteration:  1 / 1
Progress: 83.33%
{'a_sh': 10, 'k': 1}
Computing similarity matrix
Iteration:  1 / 34
Iteration:  2 / 34
Iteration:  3 / 34
Iteration:  4 / 34
Iteration:  5 / 34
Iteration:  6 / 34
Iteration:  7 / 34
Iteration:  8 / 34
Iteration:  9 / 34
Iteration:  10 / 34
Iteration:  11 / 34
Iteration:  12 / 34
Iteration:  13 / 34
Iteration:  14 / 34
Iteration:  15 / 34
Iteration:  16 / 34
Iteration:  17 / 34
Iteration:  18 / 34
Iteration:  19 / 34
Iteration:  20 / 34
Iteration:  21 / 34
Iteration:  22 / 34
Iteration:  23 / 34
Iteration:  24 / 34
Iteration:  25 / 34
Iteration:  26 / 34
Iteration:  27 / 34
Iteration:  28 / 34
Iteration:  29 / 34
Iteration:  30 / 34
Iteration:  31 / 34
Iteration:  32 / 34
Iteration:  33 / 34
Iteration:  34 / 34
Started prediction
Iteration:  1 / 1
Progress: 84.03%
Started prediction
Iteration:  1 / 1
Progress: 84.72%
Started prediction
Iteration:  1 / 1
Progress: 85.42%
Started prediction
Iteration:  1 / 1
Progress: 86.11%
{'a_sh': 10, 'k': 2}
Started prediction
Iteration:  1 / 1
Progress: 86.81%
Started prediction
Iteration:  1 / 1
Progress: 87.50%
Started prediction
Iteration:  1 / 1
Progress: 88.19%
Started prediction
Iteration:  1 / 1
Progress: 88.89%
{'a_sh': 10, 'k': 5}
Started prediction
Iteration:  1 / 1
Progress: 89.58%
Started prediction
Iteration:  1 / 1
Progress: 90.28%
Started prediction
Iteration:  1 / 1
Progress: 90.97%
Started prediction
Iteration:  1 / 1
Progress: 91.67%
{'a_sh': 10, 'k': 10}
Started prediction
Iteration:  1 / 1
Progress: 92.36%
Started prediction
Iteration:  1 / 1
Progress: 93.06%
Started prediction
Iteration:  1 / 1
Progress: 93.75%
Started prediction
Iteration:  1 / 1
Progress: 94.44%
{'a_sh': 10, 'k': 20}
Started prediction
Iteration:  1 / 1
Progress: 95.14%
Started prediction
Iteration:  1 / 1
Progress: 95.83%
Started prediction
Iteration:  1 / 1
Progress: 96.53%
Started prediction
Iteration:  1 / 1
Progress: 97.22%
{'a_sh': 10, 'k': 50}
Started prediction
Iteration:  1 / 1
Progress: 97.92%
Started prediction
Iteration:  1 / 1
Progress: 98.61%
Started prediction
Iteration:  1 / 1
Progress: 99.31%
Started prediction
Iteration:  1 / 1
Progress: 100.00%
 : cannot connect to X server localhost:10.0
