100000 samples, title and tags, > 1 in CV
(25294, 64045) (64045, 50904)
{'a_sh': 500.0, 'k': 500}
Computing similarity matrix
Iteration:  1 / 13
Iteration:  2 / 13
Iteration:  3 / 13
Iteration:  4 / 13
Iteration:  5 / 13
Iteration:  6 / 13
Iteration:  7 / 13
Iteration:  8 / 13
Iteration:  9 / 13
Iteration:  10 / 13
Iteration:  11 / 13
Iteration:  12 / 13
Iteration:  13 / 13
Started prediction
Iteration:  1 / 3
Iteration:  2 / 3
Iteration:  3 / 3
Progress: 0.38%
Started prediction
Iteration:  1 / 3
Iteration:  2 / 3
Iteration:  3 / 3
Progress: 0.76%
Started prediction
Iteration:  1 / 3
Iteration:  2 / 3
Iteration:  3 / 3
Progress: 1.14%
Started prediction	
Iteration:  1 / 3
Iteration:  2 / 3
Iteration:  3 / 3
Progress: 1.52%
Result:  result(mean_score=1.4695509052433577e-05, std_dev=2.5453368321903323e-05, parameters={'a_sh': 500.0, 'k': 500})
{'a_sh': 500.0, 'k': 200}
Started prediction
Iteration:  1 / 3
Iteration:  2 / 3
Iteration:  3 / 3
Progress: 1.89%
Started prediction
Iteration:  1 / 3
Iteration:  2 / 3
Iteration:  3 / 3
Progress: 2.27%
Started prediction
Iteration:  1 / 3
Iteration:  2 / 3
Iteration:  3 / 3
Progress: 2.65%
Started prediction
Iteration:  1 / 3
Iteration:  2 / 3
Iteration:  3 / 3
Progress: 3.03%
Result:  result(mean_score=1.4695509052433577e-05, std_dev=2.5453368321903323e-05, parameters={'a_sh': 500.0, 'k': 200})
{'a_sh': 500.0, 'k': 100}
/usr/local/lib/python2.7/dist-packages/scipy/sparse/compressed.py:730: SparseEfficiencyWarning: Changing the sparsity structure of a csr_matrix is expensive. lil_matrix is more efficient.
  SparseEfficiencyWarning)
Started prediction
Iteration:  1 / 3
Iteration:  2 / 3
Iteration:  3 / 3
Progress: 3.41%
Started prediction
Iteration:  1 / 3
Iteration:  2 / 3
Iteration:  3 / 3
Progress: 3.79%
Started prediction
Iteration:  1 / 3
Iteration:  2 / 3
Iteration:  3 / 3
Progress: 4.17%
Started prediction
Iteration:  1 / 3
Iteration:  2 / 3
Iteration:  3 / 3
Progress: 4.55%
Result:  result(mean_score=2.7155985466234908e-05, std_dev=1.6114625136532389e-05, parameters={'a_sh': 500.0, 'k': 100})
{'a_sh': 500.0, 'k': 50}
Started prediction
Iteration:  1 / 3
Iteration:  2 / 3
Iteration:  3 / 3
Progress: 4.92%
Started prediction
Iteration:  1 / 3
Iteration:  2 / 3
Iteration:  3 / 3
Progress: 5.30%
Started prediction
Iteration:  1 / 3
Iteration:  2 / 3
Iteration:  3 / 3
Progress: 5.68%
Started prediction
Iteration:  1 / 3
Iteration:  2 / 3
Iteration:  3 / 3
Progress: 6.06%
Result:  result(mean_score=4.787484684076717e-05, std_dev=3.1761110417073999e-05, parameters={'a_sh': 500.0, 'k': 50})
{'a_sh': 500.0, 'k': 20}
Started prediction
Iteration:  1 / 3
Iteration:  2 / 3
Iteration:  3 / 3
Progress: 6.44%
Started prediction
Iteration:  1 / 3
Iteration:  2 / 3
Iteration:  3 / 3
Progress: 6.82%
Started prediction
Iteration:  1 / 3
Iteration:  2 / 3
Iteration:  3 / 3
Progress: 7.20%
Started prediction
Iteration:  1 / 3
Iteration:  2 / 3
Iteration:  3 / 3
Progress: 7.58%
Result:  result(mean_score=0.0, std_dev=0.0, parameters={'a_sh': 500.0, 'k': 20})
{'a_sh': 500.0, 'k': 10}
Started prediction
Iteration:  1 / 3
Iteration:  2 / 3
Iteration:  3 / 3
Progress: 7.95%
Started prediction
Iteration:  1 / 3
Iteration:  2 / 3
Iteration:  3 / 3
Progress: 8.33%
Started prediction
Iteration:  1 / 3
Iteration:  2 / 3
Iteration:  3 / 3
Progress: 8.71%
Started prediction
Iteration:  1 / 3
Iteration:  2 / 3
Iteration:  3 / 3
Progress: 9.09%
Result:  result(mean_score=2.6746605702228707e-05, std_dev=2.7006790821957157e-05, parameters={'a_sh': 500.0, 'k': 10})
{'a_sh': 200.0, 'k': 500}
Computing similarity matrix
Iteration:  1 / 13
Iteration:  2 / 13
Iteration:  3 / 13
Iteration:  4 / 13
Iteration:  5 / 13
Iteration:  6 / 13
Iteration:  7 / 13
Iteration:  8 / 13
Iteration:  9 / 13
Iteration:  10 / 13
Iteration:  11 / 13
Iteration:  12 / 13
Iteration:  13 / 13
Started prediction
Iteration:  1 / 3
Iteration:  2 / 3
Iteration:  3 / 3
Progress: 9.47%
Started prediction
Iteration:  1 / 3
Iteration:  2 / 3
Iteration:  3 / 3
Progress: 9.85%
Started prediction
Iteration:  1 / 3
Iteration:  2 / 3
Iteration:  3 / 3
Progress: 10.23%
Started prediction
Iteration:  1 / 3
Iteration:  2 / 3
Iteration:  3 / 3
Progress: 10.61%
Result:  result(mean_score=2.4653824669428563e-05, std_dev=3.4062353580611371e-05, parameters={'a_sh': 200.0, 'k': 500})
{'a_sh': 200.0, 'k': 200}
Started prediction
Iteration:  1 / 3
Iteration:  2 / 3
Iteration:  3 / 3
Progress: 10.98%
Started prediction
Iteration:  1 / 3
Iteration:  2 / 3
Iteration:  3 / 3
Progress: 11.36%
Started prediction
Iteration:  1 / 3
Iteration:  2 / 3
Iteration:  3 / 3
Progress: 11.74%
Started prediction
Iteration:  1 / 3
Iteration:  2 / 3
Iteration:  3 / 3
Progress: 12.12%
Result:  result(mean_score=2.5518037981912719e-05, std_dev=2.1184840155154576e-05, parameters={'a_sh': 200.0, 'k': 200})
{'a_sh': 200.0, 'k': 100}
Started prediction
Iteration:  1 / 3
Iteration:  2 / 3
Iteration:  3 / 3
Progress: 12.50%
Started prediction
Iteration:  1 / 3
Iteration:  2 / 3
Iteration:  3 / 3
Progress: 12.88%
Started prediction
Iteration:  1 / 3
Iteration:  2 / 3
Iteration:  3 / 3
Progress: 13.26%
Started prediction
Iteration:  1 / 3
Iteration:  2 / 3
Iteration:  3 / 3
Progress: 13.64%
Result:  result(mean_score=1.962405006011295e-05, std_dev=1.9624096038379188e-05, parameters={'a_sh': 200.0, 'k': 100})
{'a_sh': 200.0, 'k': 50}
Started prediction
Iteration:  1 / 3
Iteration:  2 / 3
Iteration:  3 / 3
Progress: 14.02%
Started prediction
Iteration:  1 / 3
Iteration:  2 / 3
Iteration:  3 / 3
Progress: 14.39%
Started prediction
Iteration:  1 / 3
Iteration:  2 / 3
Iteration:  3 / 3
Progress: 14.77%
Started prediction
Iteration:  1 / 3
Iteration:  2 / 3
Iteration:  3 / 3
Progress: 15.15%
Result:  result(mean_score=1.384407624175561e-05, std_dev=1.6098786333718727e-05, parameters={'a_sh': 200.0, 'k': 50})
{'a_sh': 200.0, 'k': 20}
Started prediction
Iteration:  1 / 3
Iteration:  2 / 3
Iteration:  3 / 3
Progress: 15.53%
Started prediction
Iteration:  1 / 3
Iteration:  2 / 3
Iteration:  3 / 3
Progress: 15.91%
Started prediction
Iteration:  1 / 3
Iteration:  2 / 3
Iteration:  3 / 3
Progress: 16.29%
Started prediction
Iteration:  1 / 3
Iteration:  2 / 3
Iteration:  3 / 3
Progress: 16.67%
Result:  result(mean_score=0.0, std_dev=0.0, parameters={'a_sh': 200.0, 'k': 20})
{'a_sh': 200.0, 'k': 10}
Started prediction
Iteration:  1 / 3
Iteration:  2 / 3
Iteration:  3 / 3
Progress: 17.05%
Started prediction
Iteration:  1 / 3
Iteration:  2 / 3
Iteration:  3 / 3
Progress: 17.42%
Started prediction
Iteration:  1 / 3
Iteration:  2 / 3
Iteration:  3 / 3
Progress: 17.80%
Started prediction
Iteration:  1 / 3
Iteration:  2 / 3
Iteration:  3 / 3
Progress: 18.18%
Result:  result(mean_score=2.6746605702228707e-05, std_dev=2.7006790821957157e-05, parameters={'a_sh': 200.0, 'k': 10})
{'a_sh': 100.0, 'k': 500}
Computing similarity matrix
Iteration:  1 / 13
Iteration:  2 / 13
Iteration:  3 / 13
Iteration:  4 / 13
Iteration:  5 / 13
Iteration:  6 / 13
Iteration:  7 / 13
Iteration:  8 / 13
Iteration:  9 / 13
Iteration:  10 / 13
Iteration:  11 / 13
Iteration:  12 / 13
Iteration:  13 / 13
Started prediction
Iteration:  1 / 3
Iteration:  2 / 3
Iteration:  3 / 3
Progress: 18.56%
Started prediction
Iteration:  1 / 3
Iteration:  2 / 3
Iteration:  3 / 3
Progress: 18.94%
Started prediction
Iteration:  1 / 3
Iteration:  2 / 3
Iteration:  3 / 3
Progress: 19.32%
Started prediction
Iteration:  1 / 3
Iteration:  2 / 3
Iteration:  3 / 3
Progress: 19.70%
Result:  result(mean_score=6.5382132038433157e-05, std_dev=4.1538548447704252e-05, parameters={'a_sh': 100.0, 'k': 500})
{'a_sh': 100.0, 'k': 200}
Started prediction
Iteration:  1 / 3
Iteration:  2 / 3
Iteration:  3 / 3
Progress: 20.08%
Started prediction
Iteration:  1 / 3
Iteration:  2 / 3
Iteration:  3 / 3
Progress: 20.45%
Started prediction
Iteration:  1 / 3
Iteration:  2 / 3
Iteration:  3 / 3
Progress: 20.83%
Started prediction
Iteration:  1 / 3
Iteration:  2 / 3
Iteration:  3 / 3
Progress: 21.21%
Result:  result(mean_score=1.1921774739991907e-05, std_dev=1.1923177481855221e-05, parameters={'a_sh': 100.0, 'k': 200})
{'a_sh': 100.0, 'k': 100}
Started prediction
Iteration:  1 / 3
Iteration:  2 / 3
Iteration:  3 / 3
Progress: 21.59%
Started prediction
Iteration:  1 / 3
Iteration:  2 / 3
Iteration:  3 / 3
Progress: 21.97%
Started prediction
Iteration:  1 / 3
Iteration:  2 / 3
Iteration:  3 / 3
Progress: 22.35%
Started prediction
Iteration:  1 / 3
Iteration:  2 / 3
Iteration:  3 / 3
Progress: 22.73%
Result:  result(mean_score=2.3078852071085406e-05, std_dev=1.4434766794717241e-05, parameters={'a_sh': 100.0, 'k': 100})
{'a_sh': 100.0, 'k': 50}
Started prediction
Iteration:  1 / 3
Iteration:  2 / 3
Iteration:  3 / 3
Progress: 23.11%
Started prediction
Iteration:  1 / 3
Iteration:  2 / 3
Iteration:  3 / 3
Progress: 23.48%
Started prediction
Iteration:  1 / 3
Iteration:  2 / 3
Iteration:  3 / 3
Progress: 23.86%
Started prediction
Iteration:  1 / 3
Iteration:  2 / 3
Iteration:  3 / 3
Progress: 24.24%
Result:  result(mean_score=6.5513626834381548e-06, std_dev=1.1347293026525663e-05, parameters={'a_sh': 100.0, 'k': 50})
{'a_sh': 100.0, 'k': 20}
Started prediction
Iteration:  1 / 3
Iteration:  2 / 3
Iteration:  3 / 3
Progress: 24.62%
Started prediction
Iteration:  1 / 3
Iteration:  2 / 3
Iteration:  3 / 3
Progress: 25.00%
Started prediction
Iteration:  1 / 3
Iteration:  2 / 3
Iteration:  3 / 3
Progress: 25.38%
Started prediction
Iteration:  1 / 3
Iteration:  2 / 3
Iteration:  3 / 3
Progress: 25.76%
Result:  result(mean_score=1.4740566037735849e-05, std_dev=2.5531409309682746e-05, parameters={'a_sh': 100.0, 'k': 20})
{'a_sh': 100.0, 'k': 10}
Started prediction
Iteration:  1 / 3
Iteration:  2 / 3
Iteration:  3 / 3
Progress: 26.14%
Started prediction
Iteration:  1 / 3
Iteration:  2 / 3
Iteration:  3 / 3
Progress: 26.52%
Started prediction
Iteration:  1 / 3
Iteration:  2 / 3
Iteration:  3 / 3
Progress: 26.89%
Started prediction
Iteration:  1 / 3
Iteration:  2 / 3
Iteration:  3 / 3
Progress: 27.27%
Result:  result(mean_score=2.6746605702228707e-05, std_dev=2.7006790821957157e-05, parameters={'a_sh': 100.0, 'k': 10})
{'a_sh': 50.0, 'k': 500}
Computing similarity matrix
Iteration:  1 / 13
Iteration:  2 / 13
Iteration:  3 / 13
Iteration:  4 / 13
Iteration:  5 / 13
Iteration:  6 / 13
Iteration:  7 / 13
Iteration:  8 / 13
Iteration:  9 / 13
Iteration:  10 / 13
Iteration:  11 / 13
Iteration:  12 / 13
Iteration:  13 / 13
Started prediction
Iteration:  1 / 3
Iteration:  2 / 3
Iteration:  3 / 3
Progress: 27.65%
Started prediction
Iteration:  1 / 3
Iteration:  2 / 3
Iteration:  3 / 3
Progress: 28.03%
Started prediction
Iteration:  1 / 3
Iteration:  2 / 3
Iteration:  3 / 3
Progress: 28.41%
Started prediction
Iteration:  1 / 3
Iteration:  2 / 3
Iteration:  3 / 3
Progress: 28.79%
Result:  result(mean_score=6.0255483248975658e-06, std_dev=1.0436555842184125e-05, parameters={'a_sh': 50.0, 'k': 500})
{'a_sh': 50.0, 'k': 200}
Started prediction
Iteration:  1 / 3
Iteration:  2 / 3
Iteration:  3 / 3
Progress: 29.17%
Started prediction
Iteration:  1 / 3
Iteration:  2 / 3
Iteration:  3 / 3
Progress: 29.55%
Started prediction
Iteration:  1 / 3
Iteration:  2 / 3
Iteration:  3 / 3
Progress: 29.92%
Started prediction
Iteration:  1 / 3
Iteration:  2 / 3
Iteration:  3 / 3
Progress: 30.30%
Result:  result(mean_score=2.1964355281487849e-05, std_dev=2.6255820343095647e-05, parameters={'a_sh': 50.0, 'k': 200})
{'a_sh': 50.0, 'k': 100}
Started prediction
Iteration:  1 / 3
Iteration:  2 / 3
Iteration:  3 / 3
Progress: 30.68%
Started prediction
Iteration:  1 / 3
Iteration:  2 / 3
Iteration:  3 / 3
Progress: 31.06%
Started prediction
Iteration:  1 / 3
Iteration:  2 / 3
Iteration:  3 / 3
Progress: 31.44%
Started prediction
Iteration:  1 / 3
Iteration:  2 / 3
Iteration:  3 / 3
Progress: 31.82%
Result:  result(mean_score=2.0607072069695339e-05, std_dev=2.4061729679789002e-05, parameters={'a_sh': 50.0, 'k': 100})
{'a_sh': 50.0, 'k': 50}
Started prediction
Iteration:  1 / 3
Iteration:  2 / 3
Iteration:  3 / 3
Progress: 32.20%
Started prediction
Iteration:  1 / 3
Iteration:  2 / 3
Iteration:  3 / 3
Progress: 32.58%
Started prediction
Iteration:  1 / 3
Iteration:  2 / 3
Iteration:  3 / 3
Progress: 32.95%
Started prediction
Iteration:  1 / 3
Iteration:  2 / 3
Iteration:  3 / 3
Progress: 33.33%
Result:  result(mean_score=3.6086071799197779e-05, std_dev=4.8295115477090832e-05, parameters={'a_sh': 50.0, 'k': 50})
{'a_sh': 50.0, 'k': 20}
Started prediction
Iteration:  1 / 3
Iteration:  2 / 3
Iteration:  3 / 3
Progress: 33.71%
Started prediction
Iteration:  1 / 3
Iteration:  2 / 3
Iteration:  3 / 3
Progress: 34.09%
Started prediction
Iteration:  1 / 3
Iteration:  2 / 3
Iteration:  3 / 3
Progress: 34.47%
Started prediction
Iteration:  1 / 3
Iteration:  2 / 3
Iteration:  3 / 3
Progress: 34.85%
Result:  result(mean_score=1.4740566037735849e-05, std_dev=2.5531409309682746e-05, parameters={'a_sh': 50.0, 'k': 20})
{'a_sh': 50.0, 'k': 10}
Started prediction
Iteration:  1 / 3
Iteration:  2 / 3
Iteration:  3 / 3
Progress: 35.23%
Started prediction
Iteration:  1 / 3
Iteration:  2 / 3
Iteration:  3 / 3
Progress: 35.61%
Started prediction
Iteration:  1 / 3
Iteration:  2 / 3
Iteration:  3 / 3
Progress: 35.98%
Started prediction
Iteration:  1 / 3
Iteration:  2 / 3
Iteration:  3 / 3
Progress: 36.36%
Result:  result(mean_score=2.6746605702228707e-05, std_dev=2.7006790821957157e-05, parameters={'a_sh': 50.0, 'k': 10})
{'a_sh': 20.0, 'k': 500}
Computing similarity matrix
Iteration:  1 / 13
Iteration:  2 / 13
Iteration:  3 / 13
Iteration:  4 / 13
Iteration:  5 / 13
Iteration:  6 / 13
Iteration:  7 / 13
Iteration:  8 / 13
Iteration:  9 / 13
Iteration:  10 / 13
Iteration:  11 / 13
Iteration:  12 / 13
Iteration:  13 / 13
Started prediction
Iteration:  1 / 3
Iteration:  2 / 3
Iteration:  3 / 3
Progress: 36.74%
Started prediction
Iteration:  1 / 3
Iteration:  2 / 3
Iteration:  3 / 3
Progress: 37.12%
Started prediction
Iteration:  1 / 3
Iteration:  2 / 3
Iteration:  3 / 3
Progress: 37.50%
Started prediction
Iteration:  1 / 3
Iteration:  2 / 3
Iteration:  3 / 3
Progress: 37.88%
Result:  result(mean_score=0.0, std_dev=0.0, parameters={'a_sh': 20.0, 'k': 500})
{'a_sh': 20.0, 'k': 200}
Started prediction
Iteration:  1 / 3
Iteration:  2 / 3
Iteration:  3 / 3
Progress: 38.26%
Started prediction
Iteration:  1 / 3
Iteration:  2 / 3
Iteration:  3 / 3
Progress: 38.64%
Started prediction
Iteration:  1 / 3
Iteration:  2 / 3
Iteration:  3 / 3
Progress: 39.02%
Started prediction
Iteration:  1 / 3
Iteration:  2 / 3
Iteration:  3 / 3
Progress: 39.39%
Result:  result(mean_score=5.8962264150943402e-06, std_dev=1.0212563723873098e-05, parameters={'a_sh': 20.0, 'k': 200})
{'a_sh': 20.0, 'k': 100}
Started prediction
Iteration:  1 / 3
Iteration:  2 / 3
Iteration:  3 / 3
Progress: 39.77%
Started prediction
Iteration:  1 / 3
Iteration:  2 / 3
Iteration:  3 / 3
Progress: 40.15%
Started prediction
Iteration:  1 / 3
Iteration:  2 / 3
Iteration:  3 / 3
Progress: 40.53%
Started prediction
Iteration:  1 / 3
Iteration:  2 / 3
Iteration:  3 / 3
Progress: 40.91%
Result:  result(mean_score=2.0607072069695339e-05, std_dev=2.4061729679789002e-05, parameters={'a_sh': 20.0, 'k': 100})
{'a_sh': 20.0, 'k': 50}
Started prediction
Iteration:  1 / 3
Iteration:  2 / 3
Iteration:  3 / 3
Progress: 41.29%
Started prediction
Iteration:  1 / 3
Iteration:  2 / 3
Iteration:  3 / 3
Progress: 41.67%
Started prediction
Iteration:  1 / 3
Iteration:  2 / 3
Iteration:  3 / 3
Progress: 42.05%
Started prediction
Iteration:  1 / 3
Iteration:  2 / 3
Iteration:  3 / 3
Progress: 42.42%
Result:  result(mean_score=3.6952991501190627e-05, std_dev=2.7988944889612422e-05, parameters={'a_sh': 20.0, 'k': 50})
{'a_sh': 20.0, 'k': 20}
Started prediction
Iteration:  1 / 3
Iteration:  2 / 3
Iteration:  3 / 3
Progress: 42.80%
Started prediction
Iteration:  1 / 3
Iteration:  2 / 3
Iteration:  3 / 3
Progress: 43.18%
Started prediction
Iteration:  1 / 3
Iteration:  2 / 3
Iteration:  3 / 3
Progress: 43.56%
Started prediction
Iteration:  1 / 3
Iteration:  2 / 3
Iteration:  3 / 3
Progress: 43.94%
Result:  result(mean_score=0.0, std_dev=0.0, parameters={'a_sh': 20.0, 'k': 20})
{'a_sh': 20.0, 'k': 10}
Started prediction
Iteration:  1 / 3
Iteration:  2 / 3
Iteration:  3 / 3
Progress: 44.32%
Started prediction
Iteration:  1 / 3
Iteration:  2 / 3
Iteration:  3 / 3
Progress: 44.70%
Started prediction
Iteration:  1 / 3
Iteration:  2 / 3
Iteration:  3 / 3
Progress: 45.08%
Started prediction
Iteration:  1 / 3
Iteration:  2 / 3
Iteration:  3 / 3
Progress: 45.45%
Result:  result(mean_score=2.9436075090169428e-05, std_dev=2.9436144057568782e-05, parameters={'a_sh': 20.0, 'k': 10})
{'a_sh': 10.0, 'k': 500}
Computing similarity matrix
Iteration:  1 / 13
Iteration:  2 / 13
Iteration:  3 / 13
Iteration:  4 / 13
Iteration:  5 / 13
Iteration:  6 / 13
Iteration:  7 / 13
Iteration:  8 / 13
Iteration:  9 / 13
Iteration:  10 / 13
Iteration:  11 / 13
Iteration:  12 / 13
Iteration:  13 / 13
Started prediction
Iteration:  1 / 3
Iteration:  2 / 3
Iteration:  3 / 3
Progress: 45.83%
Started prediction
Iteration:  1 / 3
Iteration:  2 / 3
Iteration:  3 / 3
Progress: 46.21%
Started prediction
Iteration:  1 / 3
Iteration:  2 / 3
Iteration:  3 / 3
Progress: 46.59%
Started prediction
Iteration:  1 / 3
Iteration:  2 / 3
Iteration:  3 / 3
Progress: 46.97%
Result:  result(mean_score=3.4780670135425459e-05, std_dev=3.5606062869829898e-05, parameters={'a_sh': 10.0, 'k': 500})
{'a_sh': 10.0, 'k': 200}
Started prediction
Iteration:  1 / 3
Iteration:  2 / 3
Iteration:  3 / 3
Progress: 47.35%
Started prediction
Iteration:  1 / 3
Iteration:  2 / 3
Iteration:  3 / 3
Progress: 47.73%
Started prediction
Iteration:  1 / 3
Iteration:  2 / 3
Iteration:  3 / 3
Progress: 48.11%
Started prediction
Iteration:  1 / 3
Iteration:  2 / 3
Iteration:  3 / 3
Progress: 48.48%
Result:  result(mean_score=5.0212902707479709e-06, std_dev=8.69712986848677e-06, parameters={'a_sh': 10.0, 'k': 200})
{'a_sh': 10.0, 'k': 100}
Started prediction
Iteration:  1 / 3
Iteration:  2 / 3
Iteration:  3 / 3
Progress: 48.86%
Started prediction
Iteration:  1 / 3
Iteration:  2 / 3
Iteration:  3 / 3
Progress: 49.24%
Started prediction
Iteration:  1 / 3
Iteration:  2 / 3
Iteration:  3 / 3
Progress: 49.62%
Started prediction
Iteration:  1 / 3
Iteration:  2 / 3
Iteration:  3 / 3
Progress: 50.00%
Result:  result(mean_score=2.9218385703618774e-05, std_dev=1.8122120594292114e-05, parameters={'a_sh': 10.0, 'k': 100})
{'a_sh': 10.0, 'k': 50}
Started prediction
Iteration:  1 / 3
Iteration:  2 / 3
Iteration:  3 / 3
Progress: 50.38%
Started prediction
Iteration:  1 / 3
Iteration:  2 / 3
Iteration:  3 / 3
Progress: 50.76%
Started prediction
Iteration:  1 / 3
Iteration:  2 / 3
Iteration:  3 / 3
Progress: 51.14%
Started prediction
Iteration:  1 / 3
Iteration:  2 / 3
Iteration:  3 / 3
Progress: 51.52%
Result:  result(mean_score=1.6378406708595389e-05, std_dev=2.8368232566314158e-05, parameters={'a_sh': 10.0, 'k': 50})
{'a_sh': 10.0, 'k': 20}
Started prediction
Iteration:  1 / 3
Iteration:  2 / 3
Iteration:  3 / 3
Progress: 51.89%
Started prediction
Iteration:  1 / 3
Iteration:  2 / 3
Iteration:  3 / 3
Progress: 52.27%
Started prediction
Iteration:  1 / 3
Iteration:  2 / 3
Iteration:  3 / 3
Progress: 52.65%
Started prediction
Iteration:  1 / 3
Iteration:  2 / 3
Iteration:  3 / 3
Progress: 53.03%
Result:  result(mean_score=4.9141285147708637e-05, std_dev=2.9517527019901304e-05, parameters={'a_sh': 10.0, 'k': 20})
{'a_sh': 10.0, 'k': 10}
Started prediction
Iteration:  1 / 3
Iteration:  2 / 3
Iteration:  3 / 3
Progress: 53.41%
Started prediction
Iteration:  1 / 3
Iteration:  2 / 3
Iteration:  3 / 3
Progress: 53.79%
Started prediction
Iteration:  1 / 3
Iteration:  2 / 3
Iteration:  3 / 3
Progress: 54.17%
Started prediction
Iteration:  1 / 3
Iteration:  2 / 3
Iteration:  3 / 3
Progress: 54.55%
Result:  result(mean_score=2.6791662687530981e-05, std_dev=2.7060297129554585e-05, parameters={'a_sh': 10.0, 'k': 10})
{'a_sh': 5.0, 'k': 500}
Computing similarity matrix
Iteration:  1 / 13
Iteration:  2 / 13
Iteration:  3 / 13
Iteration:  4 / 13
Iteration:  5 / 13
Iteration:  6 / 13
Iteration:  7 / 13
Iteration:  8 / 13
Iteration:  9 / 13
Iteration:  10 / 13
Iteration:  11 / 13
Iteration:  12 / 13
Iteration:  13 / 13
Started prediction
Iteration:  1 / 3
Iteration:  2 / 3
Iteration:  3 / 3
Progress: 54.92%
Started prediction
Iteration:  1 / 3
Iteration:  2 / 3
Iteration:  3 / 3
Progress: 55.30%
Started prediction
Iteration:  1 / 3
Iteration:  2 / 3
Iteration:  3 / 3
Progress: 55.68%
Started prediction
Iteration:  1 / 3
Iteration:  2 / 3
Iteration:  3 / 3
Progress: 56.06%
Result:  result(mean_score=5.8597900165926216e-05, std_dev=4.1188489352587836e-05, parameters={'a_sh': 5.0, 'k': 500})
{'a_sh': 5.0, 'k': 200}
Started prediction
Iteration:  1 / 3
Iteration:  2 / 3
Iteration:  3 / 3
Progress: 56.44%
Started prediction
Iteration:  1 / 3
Iteration:  2 / 3
Iteration:  3 / 3
Progress: 56.82%
Started prediction
Iteration:  1 / 3
Iteration:  2 / 3
Iteration:  3 / 3
Progress: 57.20%
Started prediction
Iteration:  1 / 3
Iteration:  2 / 3
Iteration:  3 / 3
Progress: 57.58%
Result:  result(mean_score=5.8962264150943402e-06, std_dev=1.0212563723873098e-05, parameters={'a_sh': 5.0, 'k': 200})
{'a_sh': 5.0, 'k': 100}
Started prediction
Iteration:  1 / 3
Iteration:  2 / 3
Iteration:  3 / 3
Progress: 57.95%
Started prediction
Iteration:  1 / 3
Iteration:  2 / 3
Iteration:  3 / 3
Progress: 58.33%
Started prediction
Iteration:  1 / 3
Iteration:  2 / 3
Iteration:  3 / 3
Progress: 58.71%
Started prediction
Iteration:  1 / 3
Iteration:  2 / 3
Iteration:  3 / 3
Progress: 59.09%
Result:  result(mean_score=0.0, std_dev=0.0, parameters={'a_sh': 5.0, 'k': 100})
{'a_sh': 5.0, 'k': 50}
Started prediction
Iteration:  1 / 3
Iteration:  2 / 3
Iteration:  3 / 3
Progress: 59.47%
Started prediction
Iteration:  1 / 3
Iteration:  2 / 3
Iteration:  3 / 3
Progress: 59.85%
Started prediction
Iteration:  1 / 3
Iteration:  2 / 3
Iteration:  3 / 3
Progress: 60.23%
Started prediction
Iteration:  1 / 3
Iteration:  2 / 3
Iteration:  3 / 3
Progress: 60.61%
Result:  result(mean_score=3.6454433559008119e-05, std_dev=3.7798272471949462e-05, parameters={'a_sh': 5.0, 'k': 50})
{'a_sh': 5.0, 'k': 20}
Started prediction
Iteration:  1 / 3
Iteration:  2 / 3
Iteration:  3 / 3
Progress: 60.98%
Started prediction
Iteration:  1 / 3
Iteration:  2 / 3
Iteration:  3 / 3
Progress: 61.36%
Started prediction
Iteration:  1 / 3
Iteration:  2 / 3
Iteration:  3 / 3
Progress: 61.74%
Started prediction
Iteration:  1 / 3
Iteration:  2 / 3
Iteration:  3 / 3
Progress: 62.12%
Result:  result(mean_score=2.9519473580890259e-05, std_dev=2.9519523380890713e-05, parameters={'a_sh': 5.0, 'k': 20})
{'a_sh': 5.0, 'k': 10}
Started prediction
Iteration:  1 / 3
Iteration:  2 / 3
Iteration:  3 / 3
Progress: 62.50%
Started prediction
Iteration:  1 / 3
Iteration:  2 / 3
Iteration:  3 / 3
Progress: 62.88%
Started prediction
Iteration:  1 / 3
Iteration:  2 / 3
Iteration:  3 / 3
Progress: 63.26%
Started prediction
Iteration:  1 / 3
Iteration:  2 / 3
Iteration:  3 / 3
Progress: 63.64%
Result:  result(mean_score=1.4740566037735849e-05, std_dev=2.5531409309682746e-05, parameters={'a_sh': 5.0, 'k': 10})
{'a_sh': 2.0, 'k': 500}
Computing similarity matrix
Iteration:  1 / 13
Iteration:  2 / 13
Iteration:  3 / 13
Iteration:  4 / 13
Iteration:  5 / 13
Iteration:  6 / 13
Iteration:  7 / 13
Iteration:  8 / 13
Iteration:  9 / 13
Iteration:  10 / 13
Iteration:  11 / 13
Iteration:  12 / 13
Iteration:  13 / 13
Started prediction
Iteration:  1 / 3
Iteration:  2 / 3
Iteration:  3 / 3
Progress: 64.02%
Started prediction
Iteration:  1 / 3
Iteration:  2 / 3
Iteration:  3 / 3
Progress: 64.39%
Started prediction
Iteration:  1 / 3
Iteration:  2 / 3
Iteration:  3 / 3
Progress: 64.77%
Started prediction
Iteration:  1 / 3
Iteration:  2 / 3
Iteration:  3 / 3
Progress: 65.15%
Result:  result(mean_score=2.0721057377331145e-05, std_dev=2.4076932048512386e-05, parameters={'a_sh': 2.0, 'k': 500})
{'a_sh': 2.0, 'k': 200}
Started prediction
Iteration:  1 / 3
Iteration:  2 / 3
Iteration:  3 / 3
Progress: 65.53%
Started prediction
Iteration:  1 / 3
Iteration:  2 / 3
Iteration:  3 / 3
Progress: 65.91%
Started prediction
Iteration:  1 / 3
Iteration:  2 / 3
Iteration:  3 / 3
Progress: 66.29%
Started prediction
Iteration:  1 / 3
Iteration:  2 / 3
Iteration:  3 / 3
Progress: 66.67%
Result:  result(mean_score=2.6746605702228707e-05, std_dev=2.7006790821957157e-05, parameters={'a_sh': 2.0, 'k': 200})
{'a_sh': 2.0, 'k': 100}
Started prediction
Iteration:  1 / 3
Iteration:  2 / 3
Iteration:  3 / 3
Progress: 67.05%
Started prediction
Iteration:  1 / 3
Iteration:  2 / 3
Iteration:  3 / 3
Progress: 67.42%
Started prediction
Iteration:  1 / 3
Iteration:  2 / 3
Iteration:  3 / 3
Progress: 67.80%
Started prediction
Iteration:  1 / 3
Iteration:  2 / 3
Iteration:  3 / 3
Progress: 68.18%
Result:  result(mean_score=1.5705247646130663e-05, std_dev=1.6668577764816099e-05, parameters={'a_sh': 2.0, 'k': 100})
{'a_sh': 2.0, 'k': 50}
Started prediction
Iteration:  1 / 3
Iteration:  2 / 3
Iteration:  3 / 3
Progress: 68.56%
Started prediction
Iteration:  1 / 3
Iteration:  2 / 3
Iteration:  3 / 3
Progress: 68.94%
Started prediction
Iteration:  1 / 3
Iteration:  2 / 3
Iteration:  3 / 3
Progress: 69.32%
Started prediction
Iteration:  1 / 3
Iteration:  2 / 3
Iteration:  3 / 3
Progress: 69.70%
Result:  result(mean_score=9.7970060349557175e-06, std_dev=1.6968912214602217e-05, parameters={'a_sh': 2.0, 'k': 50})
{'a_sh': 2.0, 'k': 20}
Started prediction
Iteration:  1 / 3
Iteration:  2 / 3
Iteration:  3 / 3
Progress: 70.08%
Started prediction
Iteration:  1 / 3
Iteration:  2 / 3
Iteration:  3 / 3
Progress: 70.45%
Started prediction
Iteration:  1 / 3
Iteration:  2 / 3
Iteration:  3 / 3
Progress: 70.83%
Started prediction
Iteration:  1 / 3
Iteration:  2 / 3
Iteration:  3 / 3
Progress: 71.21%
Result:  result(mean_score=3.4445776095275061e-05, std_dev=3.5154044878115542e-05, parameters={'a_sh': 2.0, 'k': 20})
{'a_sh': 2.0, 'k': 10}
Started prediction
Iteration:  1 / 3
Iteration:  2 / 3
Iteration:  3 / 3
Progress: 71.59%
Started prediction
Iteration:  1 / 3
Iteration:  2 / 3
Iteration:  3 / 3
Progress: 71.97%
Started prediction
Iteration:  1 / 3
Iteration:  2 / 3
Iteration:  3 / 3
Progress: 72.35%
Started prediction
Iteration:  1 / 3
Iteration:  2 / 3
Iteration:  3 / 3
Progress: 72.73%
Result:  result(mean_score=1.4740566037735849e-05, std_dev=2.5531409309682746e-05, parameters={'a_sh': 2.0, 'k': 10})
{'a_sh': 1.0, 'k': 500}
Computing similarity matrix
Iteration:  1 / 13
Iteration:  2 / 13
Iteration:  3 / 13
Iteration:  4 / 13
Iteration:  5 / 13
Iteration:  6 / 13
Iteration:  7 / 13
Iteration:  8 / 13
Iteration:  9 / 13
Iteration:  10 / 13
Iteration:  11 / 13
Iteration:  12 / 13
Iteration:  13 / 13
Started prediction
Iteration:  1 / 3
Iteration:  2 / 3
Iteration:  3 / 3
Progress: 73.11%
Started prediction
Iteration:  1 / 3
Iteration:  2 / 3
Iteration:  3 / 3
Progress: 73.48%
Started prediction
Iteration:  1 / 3
Iteration:  2 / 3
Iteration:  3 / 3
Progress: 73.86%
Started prediction
Iteration:  1 / 3
Iteration:  2 / 3
Iteration:  3 / 3
Progress: 74.24%
Result:  result(mean_score=2.0573712673407004e-05, std_dev=3.5634715650664649e-05, parameters={'a_sh': 1.0, 'k': 500})
{'a_sh': 1.0, 'k': 200}
Started prediction
Iteration:  1 / 3
Iteration:  2 / 3
Iteration:  3 / 3
Progress: 74.62%
Started prediction
Iteration:  1 / 3
Iteration:  2 / 3
Iteration:  3 / 3
Progress: 75.00%
Started prediction
Iteration:  1 / 3
Iteration:  2 / 3
Iteration:  3 / 3
Progress: 75.38%
Started prediction
Iteration:  1 / 3
Iteration:  2 / 3
Iteration:  3 / 3
Progress: 75.76%
Result:  result(mean_score=1.7719352449617869e-05, std_dev=1.9601829747025107e-05, parameters={'a_sh': 1.0, 'k': 200})
{'a_sh': 1.0, 'k': 100}
Started prediction
Iteration:  1 / 3
Iteration:  2 / 3
Iteration:  3 / 3
Progress: 76.14%
Started prediction
Iteration:  1 / 3
Iteration:  2 / 3
Iteration:  3 / 3
Progress: 76.52%
Started prediction
Iteration:  1 / 3
Iteration:  2 / 3
Iteration:  3 / 3
Progress: 76.89%
Started prediction
Iteration:  1 / 3
Iteration:  2 / 3
Iteration:  3 / 3
Progress: 77.27%
Result:  result(mean_score=3.3019881403878435e-05, std_dev=2.4936597630169541e-05, parameters={'a_sh': 1.0, 'k': 100})
{'a_sh': 1.0, 'k': 50}
Started prediction
Iteration:  1 / 3
Iteration:  2 / 3
Iteration:  3 / 3
Progress: 77.65%
Started prediction
Iteration:  1 / 3
Iteration:  2 / 3
Iteration:  3 / 3
Progress: 78.03%
Started prediction
Iteration:  1 / 3
Iteration:  2 / 3
Iteration:  3 / 3
Progress: 78.41%
Started prediction
Iteration:  1 / 3
Iteration:  2 / 3
Iteration:  3 / 3
Progress: 78.79%
Result:  result(mean_score=7.4592738436405007e-05, std_dev=7.6815118601378517e-05, parameters={'a_sh': 1.0, 'k': 50})
{'a_sh': 1.0, 'k': 20}
Started prediction
Iteration:  1 / 3
Iteration:  2 / 3
Iteration:  3 / 3
Progress: 79.17%
Started prediction
Iteration:  1 / 3
Iteration:  2 / 3
Iteration:  3 / 3
Progress: 79.55%
Started prediction
Iteration:  1 / 3
Iteration:  2 / 3
Iteration:  3 / 3
Progress: 79.92%
Started prediction
Iteration:  1 / 3
Iteration:  2 / 3
Iteration:  3 / 3
Progress: 80.30%
Result:  result(mean_score=4.4214982633323838e-05, std_dev=2.5527805175990587e-05, parameters={'a_sh': 1.0, 'k': 20})
{'a_sh': 1.0, 'k': 10}
Started prediction
Iteration:  1 / 3
Iteration:  2 / 3
Iteration:  3 / 3
Progress: 80.68%
Started prediction
Iteration:  1 / 3
Iteration:  2 / 3
Iteration:  3 / 3
Progress: 81.06%
Started prediction
Iteration:  1 / 3
Iteration:  2 / 3
Iteration:  3 / 3
Progress: 81.44%
Started prediction
Iteration:  1 / 3
Iteration:  2 / 3
Iteration:  3 / 3
Progress: 81.82%
Result:  result(mean_score=2.6791662687530981e-05, std_dev=2.7060297129554585e-05, parameters={'a_sh': 1.0, 'k': 10})
{'a_sh': 0.5, 'k': 500}
Computing similarity matrix
Iteration:  1 / 13
Iteration:  2 / 13
Iteration:  3 / 13
Iteration:  4 / 13
Iteration:  5 / 13
Iteration:  6 / 13
Iteration:  7 / 13
Iteration:  8 / 13
Iteration:  9 / 13
Iteration:  10 / 13
Iteration:  11 / 13
Iteration:  12 / 13
Iteration:  13 / 13
Started prediction
Iteration:  1 / 3
Iteration:  2 / 3
Iteration:  3 / 3
Progress: 82.20%
Started prediction
Iteration:  1 / 3
Iteration:  2 / 3
Iteration:  3 / 3
Progress: 82.58%
Started prediction
Iteration:  1 / 3
Iteration:  2 / 3
Iteration:  3 / 3
Progress: 82.95%
Started prediction
Iteration:  1 / 3
Iteration:  2 / 3
Iteration:  3 / 3
Progress: 83.33%
Result:  result(mean_score=2.7777269593281234e-05, std_dev=2.9831422572950789e-05, parameters={'a_sh': 0.5, 'k': 500})
{'a_sh': 0.5, 'k': 200}
Started prediction
Iteration:  1 / 3
Iteration:  2 / 3
Iteration:  3 / 3
Progress: 83.71%
Started prediction
Iteration:  1 / 3
Iteration:  2 / 3
Iteration:  3 / 3
Progress: 84.09%
Started prediction
Iteration:  1 / 3
Iteration:  2 / 3
Iteration:  3 / 3
Progress: 84.47%
Started prediction
Iteration:  1 / 3
Iteration:  2 / 3
Iteration:  3 / 3
Progress: 84.85%
Result:  result(mean_score=8.852007923725223e-06, std_dev=9.7801061741469817e-06, parameters={'a_sh': 0.5, 'k': 200})
{'a_sh': 0.5, 'k': 100}
Started prediction
Iteration:  1 / 3
Iteration:  2 / 3
Iteration:  3 / 3
Progress: 85.23%
Started prediction
Iteration:  1 / 3
Iteration:  2 / 3
Iteration:  3 / 3
Progress: 85.61%
Started prediction
Iteration:  1 / 3
Iteration:  2 / 3
Iteration:  3 / 3
Progress: 85.98%
Started prediction
Iteration:  1 / 3
Iteration:  2 / 3
Iteration:  3 / 3
Progress: 86.36%
Result:  result(mean_score=3.9263119115326658e-05, std_dev=4.167144441204025e-05, parameters={'a_sh': 0.5, 'k': 100})
{'a_sh': 0.5, 'k': 50}
Started prediction
Iteration:  1 / 3
Iteration:  2 / 3
Iteration:  3 / 3
Progress: 86.74%
Started prediction
Iteration:  1 / 3
Iteration:  2 / 3
Iteration:  3 / 3
Progress: 87.12%
Started prediction
Iteration:  1 / 3
Iteration:  2 / 3
Iteration:  3 / 3
Progress: 87.50%
Started prediction
Iteration:  1 / 3
Iteration:  2 / 3
Iteration:  3 / 3
Progress: 87.88%
Result:  result(mean_score=1.6348368718393871e-05, std_dev=1.6980505330615446e-05, parameters={'a_sh': 0.5, 'k': 50})
{'a_sh': 0.5, 'k': 20}
Started prediction
Iteration:  1 / 3
Iteration:  2 / 3
Iteration:  3 / 3
Progress: 88.26%
Started prediction
Iteration:  1 / 3
Iteration:  2 / 3
Iteration:  3 / 3
Progress: 88.64%
Started prediction
Iteration:  1 / 3
Iteration:  2 / 3
Iteration:  3 / 3
Progress: 89.02%
Started prediction
Iteration:  1 / 3
Iteration:  2 / 3
Iteration:  3 / 3
Progress: 89.39%
Result:  result(mean_score=0.0, std_dev=0.0, parameters={'a_sh': 0.5, 'k': 20})
{'a_sh': 0.5, 'k': 10}
Started prediction
Iteration:  1 / 3
Iteration:  2 / 3
Iteration:  3 / 3
Progress: 89.77%
Started prediction
Iteration:  1 / 3
Iteration:  2 / 3
Iteration:  3 / 3
Progress: 90.15%
Started prediction
Iteration:  1 / 3
Iteration:  2 / 3
Iteration:  3 / 3
Progress: 90.53%
Started prediction
Iteration:  1 / 3
Iteration:  2 / 3
Iteration:  3 / 3
Progress: 90.91%
Result:  result(mean_score=2.9436075090169428e-05, std_dev=2.9436144057568782e-05, parameters={'a_sh': 0.5, 'k': 10})
{'a_sh': 0.10000000000000001, 'k': 500}
Computing similarity matrix
Iteration:  1 / 13
Iteration:  2 / 13
Iteration:  3 / 13
Iteration:  4 / 13
Iteration:  5 / 13
Iteration:  6 / 13
Iteration:  7 / 13
Iteration:  8 / 13
Iteration:  9 / 13
Iteration:  10 / 13
Iteration:  11 / 13
Iteration:  12 / 13
Iteration:  13 / 13
Started prediction
Iteration:  1 / 3
Iteration:  2 / 3
Iteration:  3 / 3
Progress: 91.29%
Started prediction
Iteration:  1 / 3
Iteration:  2 / 3
Iteration:  3 / 3
Progress: 91.67%
Started prediction
Iteration:  1 / 3
Iteration:  2 / 3
Iteration:  3 / 3
Progress: 92.05%
Started prediction
Iteration:  1 / 3
Iteration:  2 / 3
Iteration:  3 / 3
Progress: 92.42%
Result:  result(mean_score=0.0, std_dev=0.0, parameters={'a_sh': 0.10000000000000001, 'k': 500})
{'a_sh': 0.10000000000000001, 'k': 200}
Started prediction
Iteration:  1 / 3
Iteration:  2 / 3
Iteration:  3 / 3
Progress: 92.80%
Started prediction
Iteration:  1 / 3
Iteration:  2 / 3
Iteration:  3 / 3
Progress: 93.18%
Started prediction
Iteration:  1 / 3
Iteration:  2 / 3
Iteration:  3 / 3
Progress: 93.56%
Started prediction
Iteration:  1 / 3
Iteration:  2 / 3
Iteration:  3 / 3
Progress: 93.94%
Result:  result(mean_score=1.0917516685842312e-05, std_dev=1.0987410846009748e-05, parameters={'a_sh': 0.10000000000000001, 'k': 200})
{'a_sh': 0.10000000000000001, 'k': 100}
Started prediction
Iteration:  1 / 3
Iteration:  2 / 3
Iteration:  3 / 3
Progress: 94.32%
Started prediction
Iteration:  1 / 3
Iteration:  2 / 3
Iteration:  3 / 3
Progress: 94.70%
Started prediction
Iteration:  1 / 3
Iteration:  2 / 3
Iteration:  3 / 3
Progress: 95.08%
Started prediction
Iteration:  1 / 3
Iteration:  2 / 3
Iteration:  3 / 3
Progress: 95.45%
Result:  result(mean_score=1.7167289053823642e-05, std_dev=1.7506963833033799e-05, parameters={'a_sh': 0.10000000000000001, 'k': 100})
{'a_sh': 0.10000000000000001, 'k': 50}
Started prediction
Iteration:  1 / 3
Iteration:  2 / 3
Iteration:  3 / 3
Progress: 95.83%
Started prediction
Iteration:  1 / 3
Iteration:  2 / 3
Iteration:  3 / 3
Progress: 96.21%
Started prediction
Iteration:  1 / 3
Iteration:  2 / 3
Iteration:  3 / 3
Progress: 96.59%
Started prediction
Iteration:  1 / 3
Iteration:  2 / 3
Iteration:  3 / 3
Progress: 96.97%
Result:  result(mean_score=0.0, std_dev=0.0, parameters={'a_sh': 0.10000000000000001, 'k': 50})
{'a_sh': 0.10000000000000001, 'k': 20}
Started prediction
Iteration:  1 / 3
Iteration:  2 / 3
Iteration:  3 / 3
Progress: 97.35%
Started prediction
Iteration:  1 / 3
Iteration:  2 / 3
Iteration:  3 / 3
Progress: 97.73%
Started prediction
Iteration:  1 / 3
Iteration:  2 / 3
Iteration:  3 / 3
Progress: 98.11%
Started prediction
Iteration:  1 / 3
Iteration:  2 / 3
Iteration:  3 / 3
Progress: 98.48%
Result:  result(mean_score=0.0, std_dev=0.0, parameters={'a_sh': 0.10000000000000001, 'k': 20})
{'a_sh': 0.10000000000000001, 'k': 10}
Started prediction
Iteration:  1 / 3
Iteration:  2 / 3
Iteration:  3 / 3
Progress: 98.86%
Started prediction
Iteration:  1 / 3
Iteration:  2 / 3
Iteration:  3 / 3
Progress: 99.24%
Started prediction
Iteration:  1 / 3
Iteration:  2 / 3
Iteration:  3 / 3
Progress: 99.62%
Started prediction
Iteration:  1 / 3
Iteration:  2 / 3
Iteration:  3 / 3
Progress: 100.00%
Result:  result(mean_score=1.4695509052433577e-05, std_dev=2.5453368321903323e-05, parameters={'a_sh': 0.10000000000000001, 'k': 10})
Total scores:          MAP5       Std   a_sh    k
0   0.000015  0.000025  500.0  500
1   0.000015  0.000025  500.0  200
2   0.000027  0.000016  500.0  100
3   0.000048  0.000032  500.0   50
4   0.000000  0.000000  500.0   20
5   0.000027  0.000027  500.0   10
6   0.000025  0.000034  200.0  500
7   0.000026  0.000021  200.0  200
8   0.000020  0.000020  200.0  100
9   0.000014  0.000016  200.0   50
10  0.000000  0.000000  200.0   20
11  0.000027  0.000027  200.0   10
12  0.000065  0.000042  100.0  500
13  0.000012  0.000012  100.0  200
14  0.000023  0.000014  100.0  100
15  0.000007  0.000011  100.0   50
16  0.000015  0.000026  100.0   20
17  0.000027  0.000027  100.0   10
18  0.000006  0.000010   50.0  500
19  0.000022  0.000026   50.0  200
20  0.000021  0.000024   50.0  100
21  0.000036  0.000048   50.0   50
22  0.000015  0.000026   50.0   20
23  0.000027  0.000027   50.0   10
24  0.000000  0.000000   20.0  500
25  0.000006  0.000010   20.0  200
26  0.000021  0.000024   20.0  100
27  0.000037  0.000028   20.0   50
28  0.000000  0.000000   20.0   20
29  0.000029  0.000029   20.0   10
..       ...       ...    ...  ...
36  0.000059  0.000041    5.0  500
37  0.000006  0.000010    5.0  200
38  0.000000  0.000000    5.0  100
39  0.000036  0.000038    5.0   50
40  0.000030  0.000030    5.0   20
41  0.000015  0.000026    5.0   10
42  0.000021  0.000024    2.0  500
43  0.000027  0.000027    2.0  200
44  0.000016  0.000017    2.0  100
45  0.000010  0.000017    2.0   50
46  0.000034  0.000035    2.0   20
47  0.000015  0.000026    2.0   10
48  0.000021  0.000036    1.0  500
49  0.000018  0.000020    1.0  200
50  0.000033  0.000025    1.0  100
51  0.000075  0.000077    1.0   50
52  0.000044  0.000026    1.0   20
53  0.000027  0.000027    1.0   10
54  0.000028  0.000030    0.5  500
55  0.000009  0.000010    0.5  200
56  0.000039  0.000042    0.5  100
57  0.000016  0.000017    0.5   50
58  0.000000  0.000000    0.5   20
59  0.000029  0.000029    0.5   10
60  0.000000  0.000000    0.1  500
61  0.000011  0.000011    0.1  200
62  0.000017  0.000018    0.1  100
63  0.000000  0.000000    0.1   50
64  0.000000  0.000000    0.1   20
65  0.000015  0.000025    0.1   10

[66 rows x 4 columns]
 : cannot connect to X server localhost:10.0
