Started prediction
Iteration:  1 / 50
2381
Computing similarity matrix
Iteration:  2 / 50
2519
Computing similarity matrix
Iteration:  3 / 50
2580
Computing similarity matrix
Iteration:  4 / 50
2449
Computing similarity matrix
Iteration:  5 / 50
2192
Computing similarity matrix
Iteration:  6 / 50
2035
Computing similarity matrix
Iteration:  7 / 50
2075
Computing similarity matrix
Iteration:  8 / 50
2214
Computing similarity matrix
Iteration:  9 / 50
2423
Computing similarity matrix
Iteration:  10 / 50
2121
Computing similarity matrix
Iteration:  11 / 50
2240
Computing similarity matrix
Iteration:  12 / 50
2537
Computing similarity matrix
Iteration:  13 / 50
2507
Computing similarity matrix
Iteration:  14 / 50
2126
Computing similarity matrix
Iteration:  15 / 50
1849
Computing similarity matrix
Iteration:  16 / 50
2308
Computing similarity matrix
Iteration:  17 / 50
2648
Computing similarity matrix
Iteration:  18 / 50
2179
Computing similarity matrix
Iteration:  19 / 50
2906
Computing similarity matrix
Iteration:  20 / 50
2204
Computing similarity matrix
Iteration:  21 / 50
2981
Computing similarity matrix
Iteration:  22 / 50
2222
Computing similarity matrix
Iteration:  23 / 50
2279
Computing similarity matrix
Iteration:  24 / 50
1821
Computing similarity matrix
Iteration:  25 / 50
2275
Computing similarity matrix
Iteration:  26 / 50
2755
Computing similarity matrix
Iteration:  27 / 50
2246
Computing similarity matrix
Iteration:  28 / 50
2060
Computing similarity matrix
Iteration:  29 / 50
2050
Computing similarity matrix
Iteration:  30 / 50
1963
Computing similarity matrix
Iteration:  31 / 50
2660
Computing similarity matrix
Iteration:  32 / 50
2507
Computing similarity matrix
Iteration:  33 / 50
2061
Computing similarity matrix
Iteration:  34 / 50
2513
Computing similarity matrix
Iteration:  35 / 50
2469
Computing similarity matrix
Iteration:  36 / 50
2485
Computing similarity matrix
Iteration:  37 / 50
2397
Computing similarity matrix
Iteration:  38 / 50
2287
Computing similarity matrix
Iteration:  39 / 50
2592
Computing similarity matrix
Iteration:  40 / 50
1899
Computing similarity matrix
Iteration:  41 / 50
2524
Computing similarity matrix
Iteration:  42 / 50
2375
Computing similarity matrix
Iteration:  43 / 50
2476
Computing similarity matrix
Iteration:  44 / 50
2661
Computing similarity matrix
Iteration:  45 / 50
2531
Computing similarity matrix
Iteration:  46 / 50
1881
Computing similarity matrix
Iteration:  47 / 50
1956
Computing similarity matrix
Iteration:  48 / 50
2349
Computing similarity matrix
Iteration:  49 / 50
2967
Computing similarity matrix
Iteration:  50 / 50
2488
Computing similarity matrix
Started prediction
Iteration:  1 / 50
2381
Computing similarity matrix
29560243
[[ 82254  82255  82256  82257      0]
 [ 83237  83238  83239 145758      0]
 [ 78188 138508  78192  78193      0]
 [138510  78192  78193  78194      0]
 [ 78188 138508  78192  78193      0]
 [ 78192  78193  78194  78195      0]
 [138511  78192  78193  78194      0]
 [111970 111969 111968 111967      0]
 [111970 111969 111968 111967      0]
 [138508  78192  78193  78194      0]
 [138510 138508  78192  78193      0]
 [138510  78192  78193  78194      0]
 [111970 111969 111968 111967      0]
 [ 82654  82655  82656 144976      0]
 [141013 141012  79931  79932      0]
 [111970 111969 111968 111967      0]
 [111970 111969 111968 111967      0]
 [ 78188 138508  78192  78193      0]
 [138510 138508  78192  78193      0]
 [150142  86363 150141  86365      0]
 [ 78192  78193  78194  78195      0]
 [ 71295  71297  71298 128276      0]
 [ 75064  75065  75066  75067      0]
 [111970 111969 111968 111967      0]
 [139399  78805  78806 139398      0]
 [138511 138510  78192  78193      0]
 [138510  78192  78193  78194      0]
 [138508  78192  78193  78194      0]
 [138508  78192  78193  78194      0]
 [ 78188 138508  78192  78193      0]
 [138511 138510  78192  78193      0]
 [111970 111969 111968 111967      0]
 [ 77028  77030  77031  77032      0]
 [ 80929  80930  80931  80932      0]
 [ 78188 138510 138508  78192      0]
 [111970 111969 111968 111967      0]
 [138511 138510  78192  78193      0]
 [ 78193  78194  78195 138508      0]
 [138510  78192  78193  78194      0]
 [111970 111969 111968 111967      0]
 [138508  78192  78193  78194      0]
 [ 75157  75158 133979 133977      0]
 [ 78192  78193  78194  78195      0]
 [138508  78192  78193  78194      0]
 [138510 138508  78192  78193      0]
 [147957  84844  84845 147956      0]
 [131272  73325  73326  73327      0]
 [111970 111969 111968 111967      0]
 [138513 138512  78192  78193      0]
 [ 91466  91467  91468  91469      0]
 [138511  78192  78193  78194      0]
 [138508  78192  78193  78194      0]
 [ 78194  78195  78197  78198      0]
 [ 78188 138508  78192  78193      0]
 [138510  78192  78193  78194      0]
 [ 78192  78193  78194  78195      0]
 [111970 111969 111968 111967      0]
 [138531 138530  78211  78212      0]
 [ 76332 158354  76334 129198      0]
 [138508  78192  78193  78194      0]
 [ 78192  78193  78194  78195      0]
 [138510  78192  78193  78194      0]
 [ 91461  91462  91463  91464      0]
 [138511 138510  78192  78193      0]
 [ 78192  78193  78194  78195      0]
 [138508  78192  78193  78194      0]
 [ 78187  78188 138508  78192      0]
 [ 78188 138508  78192  78193      0]
 [147129  84220  84221  84223      0]
 [ 80764  80765  80766  80767      0]
 [138510  78192  78193  78194      0]
 [ 70423  70424  70425 126918      0]
 [111970 111969 111968 111967      0]
 [ 73681  73682 131804 131803      0]
 [ 78188 138508  78192  78193      0]
 [138510  78192  78193  78194      0]
 [138508  78192  78193  78194      0]
 [138510  78192  78193  78194      0]
 [ 86552  86553  86555 150417      0]
 [138510 138508  78192  78193      0]
 [111970 111969 111968 111967      0]
 [ 78188 138508  78192  78193      0]
 [ 75273  75274  75275 134180      0]
 [138510 138508  78192  78193      0]
 [ 88404  88405  88406  88407      0]
 [138510 138508  78192  78193      0]
 [111970 111969 111968 111967      0]
 [138510  78192  78193  78194      0]
 [138515  78197  78198  78199      0]
 [ 74753  74754 133392  74756      0]
 [ 78197  78198  78199  78200      0]
 [138510  78192  78193  78194      0]
 [146449  83730  83732  83733      0]
 [ 85963  85964  85965  85966      0]
 [ 88697  88698  88699  88701      0]
 [ 78192  78193  78194  78195      0]
 [ 78192  78193  78194  78195      0]
 [138508  78192  78193  78194      0]
 [ 75256  75257  75260  75262      0]
 [141000 140998  79920  79921      0]
 [ 74718  74719  74720  74721      0]
 [ 70662  70663  70664 127281      0]
 [138510 138508  78192  78193      0]
 [ 78187  78188 138508  78192      0]
 [138510  78192  78193  78194      0]
 [138510  78192  78193  78194      0]
 [ 78194  78195 138513  78197      0]
 [138510 138508  78192  78193      0]
 [ 72694 130362 130360  72697      0]
 [111970 111969 111968 111967      0]
 [111970 111969 111968 111967      0]
 [127557  70863  70864  70865      0]
 [ 83204  83205  83206  83207      0]
 [111970 111969 111968 111967      0]
 [ 70873 127603  70875  70876      0]
 [138508  78192  78193  78194      0]
 [111970 111969 111968 111967      0]
 [138508  78192  78193  78194      0]
 [ 78192  78193  78194  78195      0]
 [ 78763  78764  78765  78766      0]
 [ 78201  78204  78205  78207      0]
 [ 75289  75290  75292  75293      0]
 [138510 138508  78192  78193      0]
 [138510  78192  78193  78194      0]
 [132514  74147  74148  74149      0]
 [138510 138508  78192  78193      0]
 [111970 111969 111968 111967      0]
 [ 72618  72619 130255 130254      0]
 [ 78188 138508  78192  78193      0]
 [138508  78192  78193  78194      0]
 [ 86218  86219  86222  86223      0]
 [138508  78192  78193  78194      0]
 [138510 138508  78192  78193      0]
 [ 78188 138508  78192  78193      0]
 [138510 138508  78192  78193      0]
 [ 75571  75574  75575 134639      0]
 [111970 111969 111968 111967      0]
 [ 78188 138508  78192  78193      0]
 [136904  77152  77153  77154      0]
 [138510  78192  78193  78194      0]
 [138510 138508  78192  78193      0]
 [ 78195 138515  78197  78198      0]
 [ 78188 138508  78192  78193      0]
 [138508  78192  78193  78194      0]
 [ 78188 138508  78192  78193      0]
 [138510  78192  78193  78194      0]
 [138508  78192  78193  78194      0]
 [ 81655 143486  81657  81658      0]
 [138508  78192  78193  78194      0]
 [ 77616 137635 137634  77620      0]
 [111970 111969 111968 111967      0]
 [138510 138508  78192  78193      0]
 [ 78188 138508  78192  78193      0]
 [ 78201  78204  78205 138515      0]
 [143016  81273  81274 143015      0]
 [111970 111969 111968 111967      0]
 [ 87397  87398  87399  87404      0]
 [111970 111969 111968 111967      0]
 [138511 138510  78192  78193      0]
 [138510  78192  78193  78194      0]
 [ 72586  72587 130218 130217      0]
 [ 80070 141212  80072  80073      0]
 [ 78192  78193  78194  78195      0]
 [138510  78192  78193  78194      0]
 [138510  78192  78193  78194      0]
 [ 78192  78193  78194  78195      0]
 [111970 111969 111968 111967      0]
 [ 78195 138508  78197  78198      0]
 [138511  78192  78193  78194      0]
 [ 81689 143594 143593  81692      0]
 [ 88276  88277  88280 152859      0]
 [138508  78192  78193  78194      0]
 [138508  78192  78193  78194      0]
 [138511 138510  78192  78193      0]
 [138508  78192  78193  78194      0]
 [129608  72182  72183  72184      0]
 [ 89611  89612  89613  89615      0]
 [ 78180  78181 138499  78184      0]
 [138511 138510  78192  78193      0]
 [138510  78192  78193  78194      0]
 [131225  73304  73305  73306      0]
 [138510 138508  78192  78193      0]
 [ 89502  89503  89504  89505      0]
 [ 76556 136044  76558 136043      0]
 [ 74757 133387  74759  74760      0]
 [138510  78192  78193  78194      0]
 [ 76764  76765  76766  76767      0]
 [ 72086 129455 129453  72089      0]
 [ 83493  83495  83497  83499      0]
 [138510  78192  78193  78194      0]
 [ 78197  78198  78199  78200      0]
 [ 80722  80723 142171 142170      0]
 [127240 127239  70638  70639      0]
 [ 73269  73271  73272  73273      0]
 [148810  85411  85412  85414      0]
 [ 78188 138508  78192  78193      0]
 [ 84391  84392  84393  84395      0]
 [128194  71240  71241 128193      0]
 [ 72602  72603  72605  72606      0]
 [138511 138510  78192  78193      0]] [[ 0.          0.          0.         ...,  1.61976814  0.          1.56898141]
 [ 0.          0.          0.         ...,  1.54200232  0.          1.56823957]
 [ 0.          0.          0.         ...,  1.          0.          1.        ]
 ..., 
 [ 0.          0.          0.         ...,  1.85874915  0.          1.87859821]
 [ 0.          0.          0.         ...,  1.46766162  0.          1.53999412]
 [ 0.          0.          0.         ...,  1.          0.          1.        ]]
Iteration:  2 / 50
2519
Computing similarity matrix
