(25294, 64045) (64045, 81)
{'a_sh': 50.0}
Started prediction
Iteration:  1 / 13
4147
Computing similarity matrix
Iteration:  2 / 13
3585
Computing similarity matrix
Iteration:  3 / 13
3703
Computing similarity matrix
Iteration:  4 / 13
3515
Computing similarity matrix
Iteration:  5 / 13
4014
Computing similarity matrix
Iteration:  6 / 13
3803
Computing similarity matrix
Iteration:  7 / 13
3798
Computing similarity matrix
Iteration:  8 / 13
3846
Computing similarity matrix
Iteration:  9 / 13
3785
Computing similarity matrix
Iteration:  10 / 13
3640
Computing similarity matrix
Iteration:  11 / 13
3957
Computing similarity matrix
Iteration:  12 / 13
3795
Computing similarity matrix
Iteration:  13 / 13
2353
Computing similarity matrix
Progress: 6.25%
Started prediction
Iteration:  1 / 13
3929
Computing similarity matrix
Iteration:  2 / 13
3850
Computing similarity matrix
Iteration:  3 / 13
3579
Computing similarity matrix
Iteration:  4 / 13
3717
Computing similarity matrix
Iteration:  5 / 13
3859
Computing similarity matrix
Iteration:  6 / 13
3643
Computing similarity matrix
Iteration:  7 / 13
3669
Computing similarity matrix
Iteration:  8 / 13
3926
Computing similarity matrix
Iteration:  9 / 13
3658
Computing similarity matrix
Iteration:  10 / 13
3924
Computing similarity matrix
Iteration:  11 / 13
3876
Computing similarity matrix
Iteration:  12 / 13
3654
Computing similarity matrix
Iteration:  13 / 13
2486
Computing similarity matrix
Progress: 12.50%
Result:  result(mean_score=2.089602139752591e-05, std_dev=2.089602139752591e-05, parameters={'a_sh': 50.0})
{'a_sh': 20.0}
Started prediction
Iteration:  1 / 13
4147
Computing similarity matrix
Iteration:  2 / 13
3585
Computing similarity matrix
Iteration:  3 / 13
3703
Computing similarity matrix
Iteration:  4 / 13
3515
Computing similarity matrix
Iteration:  5 / 13
4014
Computing similarity matrix
Iteration:  6 / 13
3803
Computing similarity matrix
Iteration:  7 / 13
3798
Computing similarity matrix
Iteration:  8 / 13
3846
Computing similarity matrix
Iteration:  9 / 13
3785
Computing similarity matrix
Iteration:  10 / 13
3640
Computing similarity matrix
Iteration:  11 / 13
3957
Computing similarity matrix
Iteration:  12 / 13
3795
Computing similarity matrix
Iteration:  13 / 13
2353
Computing similarity matrix
Progress: 18.75%
Started prediction
Iteration:  1 / 13
3929
Computing similarity matrix
Iteration:  2 / 13
3850
Computing similarity matrix
Iteration:  3 / 13
3579
Computing similarity matrix
Iteration:  4 / 13
3717
Computing similarity matrix
Iteration:  5 / 13
3859
Computing similarity matrix
Iteration:  6 / 13
3643
Computing similarity matrix
Iteration:  7 / 13
3669
Computing similarity matrix
Iteration:  8 / 13
3926
Computing similarity matrix
Iteration:  9 / 13
3658
Computing similarity matrix
Iteration:  10 / 13
3924
Computing similarity matrix
Iteration:  11 / 13
3876
Computing similarity matrix
Iteration:  12 / 13
3654
Computing similarity matrix
Iteration:  13 / 13
2486
Computing similarity matrix
Progress: 25.00%
Result:  result(mean_score=1.8077358604610809e-05, std_dev=9.7189500456004417e-06, parameters={'a_sh': 20.0})
{'a_sh': 10.0}
Started prediction
Iteration:  1 / 13
4147
Computing similarity matrix
Iteration:  2 / 13
3585
Computing similarity matrix
Iteration:  3 / 13
3703
Computing similarity matrix
Iteration:  4 / 13
3515
Computing similarity matrix
Iteration:  5 / 13
4014
Computing similarity matrix
Iteration:  6 / 13
3803
Computing similarity matrix
Iteration:  7 / 13
3798
Computing similarity matrix
Iteration:  8 / 13
3846
Computing similarity matrix
Iteration:  9 / 13
3785
Computing similarity matrix
Iteration:  10 / 13
3640
Computing similarity matrix
Iteration:  11 / 13
3957
Computing similarity matrix
Iteration:  12 / 13
3795
Computing similarity matrix
Iteration:  13 / 13
2353
Computing similarity matrix
Progress: 31.25%
Started prediction
Iteration:  1 / 13
3929
Computing similarity matrix
Iteration:  2 / 13
3850
Computing similarity matrix
Iteration:  3 / 13
3579
Computing similarity matrix
Iteration:  4 / 13
3717
Computing similarity matrix
Iteration:  5 / 13
3859
Computing similarity matrix
Iteration:  6 / 13
3643
Computing similarity matrix
Iteration:  7 / 13
3669
Computing similarity matrix
Iteration:  8 / 13
3926
Computing similarity matrix
Iteration:  9 / 13
3658
Computing similarity matrix
Iteration:  10 / 13
3924
Computing similarity matrix
Iteration:  11 / 13
3876
Computing similarity matrix
Iteration:  12 / 13
3654
Computing similarity matrix
Iteration:  13 / 13
2486
Computing similarity matrix
Progress: 37.50%
Result:  result(mean_score=0.0, std_dev=0.0, parameters={'a_sh': 10.0})
{'a_sh': 5.0}
Started prediction
Iteration:  1 / 13
4147
Computing similarity matrix
Iteration:  2 / 13
3585
Computing similarity matrix
Iteration:  3 / 13
3703
Computing similarity matrix
Iteration:  4 / 13
3515
Computing similarity matrix
Iteration:  5 / 13
4014
Computing similarity matrix
Iteration:  6 / 13
3803
Computing similarity matrix
Iteration:  7 / 13
3798
Computing similarity matrix
Iteration:  8 / 13
3846
Computing similarity matrix
Iteration:  9 / 13
3785
Computing similarity matrix
Iteration:  10 / 13
3640
Computing similarity matrix
Iteration:  11 / 13
3957
Computing similarity matrix
Iteration:  12 / 13
3795
Computing similarity matrix
Iteration:  13 / 13
2353
Computing similarity matrix
Progress: 43.75%
Started prediction
Iteration:  1 / 13
3929
Computing similarity matrix
Iteration:  2 / 13
3850
Computing similarity matrix
Iteration:  3 / 13
3579
Computing similarity matrix
Iteration:  4 / 13
3717
Computing similarity matrix
Iteration:  5 / 13
3859
Computing similarity matrix
Iteration:  6 / 13
3643
Computing similarity matrix
Iteration:  7 / 13
3669
Computing similarity matrix
Iteration:  8 / 13
3926
Computing similarity matrix
Iteration:  9 / 13
3658
Computing similarity matrix
Iteration:  10 / 13
3924
Computing similarity matrix
Iteration:  11 / 13
3876
Computing similarity matrix
Iteration:  12 / 13
3654
Computing similarity matrix
Iteration:  13 / 13
2486
Computing similarity matrix
Progress: 50.00%
Result:  result(mean_score=6.2688064192577733e-05, std_dev=6.2688064192577733e-05, parameters={'a_sh': 5.0})
{'a_sh': 2.0}
Started prediction
Iteration:  1 / 13
4147
Computing similarity matrix
Iteration:  2 / 13
3585
Computing similarity matrix
Iteration:  3 / 13
3703
Computing similarity matrix
Iteration:  4 / 13
3515
Computing similarity matrix
Iteration:  5 / 13
4014
Computing similarity matrix
Iteration:  6 / 13
3803
Computing similarity matrix
Iteration:  7 / 13
3798
Computing similarity matrix
Iteration:  8 / 13
3846
Computing similarity matrix
Iteration:  9 / 13
3785
Computing similarity matrix
Iteration:  10 / 13
3640
Computing similarity matrix
Iteration:  11 / 13
3957
Computing similarity matrix
Iteration:  12 / 13
3795
Computing similarity matrix
Iteration:  13 / 13
2353
Computing similarity matrix
Progress: 56.25%
Started prediction
Iteration:  1 / 13
3929
Computing similarity matrix
Iteration:  2 / 13
3850
Computing similarity matrix
Iteration:  3 / 13
3579
Computing similarity matrix
Iteration:  4 / 13
3717
Computing similarity matrix
Iteration:  5 / 13
3859
Computing similarity matrix
Iteration:  6 / 13
3643
Computing similarity matrix
Iteration:  7 / 13
3669
Computing similarity matrix
Iteration:  8 / 13
3926
Computing similarity matrix
Iteration:  9 / 13
3658
Computing similarity matrix
Iteration:  10 / 13
3924
Computing similarity matrix
Iteration:  11 / 13
3876
Computing similarity matrix
Iteration:  12 / 13
3654
Computing similarity matrix
Iteration:  13 / 13
2486
Computing similarity matrix
Progress: 62.50%
Result:  result(mean_score=0.0, std_dev=0.0, parameters={'a_sh': 2.0})
{'a_sh': 1.0}
Started prediction
Iteration:  1 / 13
4147
Computing similarity matrix
Iteration:  2 / 13
3585
Computing similarity matrix
Iteration:  3 / 13
3703
Computing similarity matrix
Iteration:  4 / 13
3515
Computing similarity matrix
Iteration:  5 / 13
4014
Computing similarity matrix
Iteration:  6 / 13
3803
Computing similarity matrix
Iteration:  7 / 13
3798
Computing similarity matrix
