Step  1 , error  4382429.20044 , delta error  1
65.72209692
Step  2 , error  3642025.54882 , delta error  740403.651617
66.2786238194
Step  3 , error  3110039.28 , delta error  531986.268816
65.758286953
Step  4 , error  2699397.66226 , delta error  410641.617746
65.9355111122
Step  5 , error  2370620.63988 , delta error  328777.022381
65.8136079311
Step  6 , error  2100995.36114 , delta error  269625.278734
65.7700560093
Step  7 , error  1875966.68786 , delta error  225028.673288
65.8789019585
Step  8 , error  1685579.92298 , delta error  190386.764873
66.084141016
Step  9 , error  1522715.77032 , delta error  162864.15266
65.7568240166
Step  10 , error  1382111.24508 , delta error  140604.525239
66.4008691311
Step  11 , error  1259773.75769 , delta error  122337.487393
65.5897531509
Step  12 , error  1152610.48144 , delta error  107163.276252
65.9368941784
Step  13 , error  1058183.66511 , delta error  94426.8163335
66.0516529083
Step  14 , error  974543.473334 , delta error  83640.1917721
65.9052419662
Step  15 , error  900110.529961 , delta error  74432.9433737
65.946846962
Step  16 , error  833591.407315 , delta error  66519.1226458
66.0096960068
Step  17 , error  773916.574794 , delta error  59674.8325213
65.7730498314
Step  18 , error  720194.029156 , delta error  53722.5456371
66.038203001
Step  19 , error  671674.104068 , delta error  48519.9250881
65.9598660469
Step  20 , error  627722.39569 , delta error  43951.7083784
66.070720911
Step  21 , error  587798.676338 , delta error  39923.7193515
65.6723160744
Step  22 , error  551440.290341 , delta error  36358.3859975
66.1210010052
Step  23 , error  518248.948696 , delta error  33191.3416448
65.7635228634
Step  24 , error  487880.13145 , delta error  30368.8172458
66.1139519215
Step  25 , error  460034.512308 , delta error  27845.6191421
66.0767087936
Step  26 , error  434450.966831 , delta error  25583.5454769
65.8385770321
Step  27 , error  410900.831889 , delta error  23550.1349424
65.6798520088
Step  28 , error  389183.161966 , delta error  21717.6699235
66.2281730175
Step  29 , error  369120.785738 , delta error  20062.3762274
65.8761539459
Step  30 , error  350557.009668 , delta error  18563.7760703
66.1681399345
Step  31 , error  333352.848154 , delta error  17204.1615135
65.8122599125
Step  32 , error  317384.684866 , delta error  15968.1632886
65.9638781548
Step  33 , error  302542.289166 , delta error  14842.3956991
65.8245880604
Step  34 , error  288727.126567 , delta error  13815.1625998
66.1224679947
Step  35 , error  275850.91385 , delta error  12876.2127164
65.96687603
Step  36 , error  263834.378793 , delta error  12016.5350569
65.8634359837
Step  37 , error  252606.191714 , delta error  11228.187079
65.89072299
Step  38 , error  242102.041957 , delta error  10504.1497578
66.173940897
Step  39 , error  232263.837102 , delta error  9838.20485463
65.8918709755
Step  40 , error  223039.00651 , delta error  9224.83059196
66.2372040749
Step  41 , error  214379.893854 , delta error  8659.11265571
65.8156251907
Step  42 , error  206243.22584 , delta error  8136.66801471
65.882379055
Step  43 , error  198589.64634 , delta error  7653.57949976
65.8758151531
Step  44 , error  191383.30689 , delta error  7206.3394494
66.0324089527
Step  45 , error  184591.505867 , delta error  6791.80102325
65.8602490425
Step  46 , error  178184.369846 , delta error  6407.13602162
66.0352141857
Step  47 , error  172134.571601 , delta error  6049.7982441
65.6783690453
Step  48 , error  166417.080023 , delta error  5717.49157815
66.106814146
Step  49 , error  161008.937884 , delta error  5408.14213911
65.8973968029
Step  50 , error  155889.063994 , delta error  5119.87389009
66.2881679535
Step  51 , error  151038.076735 , delta error  4850.987259
65.5596737862
Step  52 , error  146438.136391 , delta error  4599.94034383
66.0976419449
Step  53 , error  142072.804033 , delta error  4365.33235853
65.7695469856
Step  54 , error  137926.91501 , delta error  4145.88902321
66.0006930828
Step  55 , error  133986.465364 , delta error  3940.44964572
66.208304882
Step  56 , error  130238.509686 , delta error  3747.95567742
65.8759558201
Step  57 , error  126671.069129 , delta error  3567.44055704
65.7081198692
Step  58 , error  123273.048447 , delta error  3398.02068197
66.0922129154
Step  59 , error  120034.161079 , delta error  3238.88736865
65.871999979
Step  60 , error  116944.861397 , delta error  3089.29968213
66.0788280964
Step  61 , error  113996.283366 , delta error  2948.57803093
65.8012909889
Step  62 , error  111180.184929 , delta error  2816.09843689
65.8369789124
Step  63 , error  108488.897527 , delta error  2691.2874016
65.6981360912
Step  64 , error  105915.280227 , delta error  2573.61730059
66.2172498703
Step  65 , error  103452.677981 , delta error  2462.60224556
65.7492668629
Step  66 , error  101094.883619 , delta error  2357.79436212
65.888365984
Step  67 , error  98836.1031819 , delta error  2258.78043698
65.907366991
Step  68 , error  96670.9242877 , delta error  2165.17889423
66.1007258892
Step  69 , error  94594.2872227 , delta error  2076.63706501
65.8581340313
Step  70 , error  92601.4585034 , delta error  1992.82871926
66.397949934
Step  71 , error  90688.0066716 , delta error  1913.45183189
65.6270620823
Step  72 , error  88849.7801129 , delta error  1838.22655865
65.8686659336
Step  73 , error  87082.8867126 , delta error  1766.89340029
66.086812973
Step  74 , error  85383.6751771 , delta error  1699.21153554
66.0546369553
Step  75 , error  83748.7178712 , delta error  1634.95730584
65.992898941
Step  76 , error  82174.7950345 , delta error  1573.92283675
65.9934339523
Step  77 , error  80658.8802522 , delta error  1515.91478234
65.6895840168
Step  78 , error  79198.1270716 , delta error  1460.75318051
65.9683799744
Step  79 , error  77789.8566631 , delta error  1408.27040859
65.9542109966
Step  80 , error  76431.5464337 , delta error  1358.31022937
66.0756289959
Step  81 , error  75120.8195145 , delta error  1310.72691914
65.6299529076
Step  82 , error  73855.4350448 , delta error  1265.38446979
66.183893919
Step  83 , error  72633.2791864 , delta error  1222.15585832
65.7930309772
Step  84 , error  71452.3568092 , delta error  1180.92237718
66.0574128628
Step  85 , error  70310.783789 , delta error  1141.57302021
65.9914138317
Step  86 , error  69206.7798703 , delta error  1104.00391879
65.7953109741
Step  87 , error  68138.6620463 , delta error  1068.11782399
65.7357110977
Step  88 , error  67104.8384159 , delta error  1033.82363033
66.2415101528
Step  89 , error  66103.8024783 , delta error  1001.03593768
65.7287740707
Step  90 , error  65134.1278305 , delta error  969.674647796
66.2794549465
Step  91 , error  64194.4632378 , delta error  939.664592651
65.6721169949
Step  92 , error  63283.5280462 , delta error  910.935191601
65.8649330139
Step  93 , error  62400.1079111 , delta error  883.420135117
65.8441030979
Step  94 , error  61543.0508184 , delta error  857.057092713
66.1690912247
Step  95 , error  60711.2633753 , delta error  831.78744308
65.9253211021
Step  96 , error  59903.7073507 , delta error  807.556024554
65.9217720032
Step  97 , error  59119.3964465 , delta error  784.310904252
65.8723359108
Step  98 , error  58357.3932822 , delta error  762.003164329
65.9620609283
Step  99 , error  57616.8065782 , delta error  740.586703962
65.8377978802
Step  100 , error  56896.7885224 , delta error  720.018055801
66.2378799915
Step  101 , error  56196.5323067 , delta error  700.256215718
65.7566070557
Step  102 , error  55515.2698219 , delta error  681.262484793
65.9183239937
Step  103 , error  54852.2694993 , delta error  663.000322579
65.9246301651
Step  104 , error  54206.8342885 , delta error  645.435210759
66.0110430717
Step  105 , error  53578.2997622 , delta error  628.53452638
65.8416891098
Step  106 , error  52966.0323382 , delta error  612.267423938
66.0202991962
Step  107 , error  52369.4276126 , delta error  596.604725619
65.6693000793
Step  108 , error  51787.9087935 , delta error  581.518819093
66.1747291088
Step  109 , error  51220.9252312 , delta error  566.983562275
65.9402210712
Step  110 , error  50667.9510367 , delta error  552.974194543
66.2216207981
Step  111 , error  50128.4837828 , delta error  539.46725392
65.5402760506
Step  112 , error  49602.043283 , delta error  526.440499795
65.9282519817
Step  113 , error  49088.1704422 , delta error  513.87284076
65.8153300285
Step  114 , error  48586.426175 , delta error  501.744267198
65.8838858604
Step  115 , error  48096.3903867 , delta error  490.035788285
66.1916840076
Step  116 , error  47617.6610137 , delta error  478.729373073
65.8828921318
Step  117 , error  47149.8531183 , delta error  467.807895373
65.760133028
Step  118 , error  46692.5980361 , delta error  457.255082174
66.1653409004
Step  119 , error  46245.5425708 , delta error  447.055465328
65.8715209961
Step  120 , error  45808.3482345 , delta error  437.194336301
66.0420219898
Step  121 , error  45380.6905307 , delta error  427.657703753
65.7579138279
Step  122 , error  44962.258277 , delta error  418.432253764
65.9349448681
Step  123 , error  44552.7529645 , delta error  409.50531252
65.7762310505
Step  124 , error  44151.8881532 , delta error  400.864811294
66.214826107
Step  125 , error  43759.3888996 , delta error  392.499253571
65.8854060173
Step  126 , error  43374.9912154 , delta error  384.397684156
65.8585939407
Step  127 , error  42998.4415553 , delta error  376.549660153
65.8373169899
Step  128 , error  42629.4963316 , delta error  368.945223683
66.0301570892
Step  129 , error  42267.9214554 , delta error  361.574876218
65.8021459579
Step  130 , error  41913.4919009 , delta error  354.429554438
66.3723950386
Step  131 , error  41565.9912934 , delta error  347.500607505
65.6071279049
Step  132 , error  41225.2115178 , delta error  340.77977566
65.921241045
Step  133 , error  40890.9523477 , delta error  334.259170069
66.009018898
Step  134 , error  40563.0210939 , delta error  327.931253824
65.9364199638
Step  135 , error  40241.2322699 , delta error  321.788824032
65.9921331406
Step  136 , error  39925.4072749 , delta error  315.82499493
66.0690410137
Step  137 , error  39615.374093 , delta error  310.033181945
65.8030750751
Step  138 , error  39310.9670063 , delta error  304.407086664
66.0343680382
Step  139 , error  39012.0263237 , delta error  298.940682626
65.9793930054
Step  140 , error  38718.3981218 , delta error  293.62820192
66.141065836
Step  141 , error  38429.9339993 , delta error  288.464122514
65.6509819031
Step  142 , error  38146.490843 , delta error  283.443156279
66.0596659184
Step  143 , error  37867.9306053 , delta error  278.560237667
65.7548410892
Step  144 , error  37594.1200923 , delta error  273.810513008
65.9619100094
Step  145 , error  37324.9307619 , delta error  269.189330375
65.9958269596
Step  146 , error  37060.2385319 , delta error  264.692229999
65.8247089386
Step  147 , error  36799.9235967 , delta error  260.31493519
65.6402480602
Step  148 , error  36543.870253 , delta error  256.053343739
66.2187519073
Step  149 , error  36291.9667332 , delta error  251.90351978
65.6403589249
Step  150 , error  36044.1050472 , delta error  247.861686063
66.2505118847
Step  151 , error  35800.1808305 , delta error  243.924216646
65.6909229755
Step  152 , error  35560.0932006 , delta error  240.08762995
65.9105100632
Step  153 , error  35323.7446184 , delta error  236.348582184
65.8788480759
Step  154 , error  35091.0407573 , delta error  232.703861094
66.1258628368
Step  155 , error  34861.8903772 , delta error  229.150380042
65.9713008404
Step  156 , error  34636.2052049 , delta error  225.685172373
65.8627159595
Step  157 , error  34413.8998188 , delta error  222.305386075
65.9123129845
Step  158 , error  34194.8915401 , delta error  219.008278698
65.8989500999
Step  159 , error  33979.1003276 , delta error  215.791212533
65.8387601376
Step  160 , error  33766.4486775 , delta error  212.651650021
66.2312140465
Step  161 , error  33556.8615281 , delta error  209.587149396
65.6954607964
Step  162 , error  33350.2661676 , delta error  206.595360536
65.9851679802
Step  163 , error  33146.5921466 , delta error  203.674021016
65.9862580299
Step  164 , error  32945.7711942 , delta error  200.820952356
65.9897561073
Step  165 , error  32747.7371378 , delta error  198.034056442
65.9364209175
Step  166 , error  32552.4258257 , delta error  195.311312128
66.0124139786
Step  167 , error  32359.7750537 , delta error  192.650771989
65.6486411095
Step  168 , error  32169.7244944 , delta error  190.050559238
66.0220370293
Step  169 , error  31982.2156297 , delta error  187.508864781
65.931789875
Step  170 , error  31797.1916852 , delta error  185.023944411
66.2060170174
Step  171 , error  31614.5975691 , delta error  182.594116136
65.6415109634
Step  172 , error  31434.3798115 , delta error  180.217757629
66.129365921
Step  173 , error  31256.4865077 , delta error  177.893303794
65.8922948837
Step  174 , error  31080.8672632 , delta error  175.619244444
65.9691739082
Step  175 , error  30907.4731412 , delta error  173.394122089
66.0942687988
Step  176 , error  30736.2566113 , delta error  171.216529818
65.8554239273
Step  177 , error  30567.1715021 , delta error  169.085109283
65.7574698925
Step  178 , error  30400.1729533 , delta error  166.998548768
66.1854448318
Step  179 , error  30235.2173719 , delta error  164.955581347
65.8639490604
Step  180 , error  30072.2623888 , delta error  162.954983125
66.0198309422
Step  181 , error  29911.2668173 , delta error  160.995571556
65.7766070366
Step  182 , error  29752.1906134 , delta error  159.07620383
65.8966810703
Step  183 , error  29594.9948381 , delta error  157.195775342
65.7440979481
Step  184 , error  29439.6416199 , delta error  155.353218216
66.0897870064
Step  185 , error  29286.09412 , delta error  153.547499899
65.8766598701
Step  186 , error  29134.3164982 , delta error  151.777621814
65.8128900528
Step  187 , error  28984.2738801 , delta error  150.042618075
65.8046560287
Step  188 , error  28835.9323258 , delta error  148.341554249
66.0834670067
Step  189 , error  28689.2587997 , delta error  146.673526175
65.7648940086
Step  190 , error  28544.2211408 , delta error  145.037658838
66.4301710129
Step  191 , error  28400.7880355 , delta error  143.433105279
65.5714490414
Step  192 , error  28258.92899 , delta error  141.85904556
65.9319651127
Step  193 , error  28118.6143042 , delta error  140.31468577
66.0142631531
Step  194 , error  27979.8150471 , delta error  138.79925707
65.8864700794
Step  195 , error  27842.5030324 , delta error  137.31201478
65.9161260128
Step  196 , error  27706.6507949 , delta error  135.8522375
65.9657158852
Step  197 , error  27572.2315686 , delta error  134.419226272
65.7075929642
Step  198 , error  27439.2192648 , delta error  133.012303772
65.8898928165
Step  199 , error  27307.5884513 , delta error  131.630813538
66.1137909889
Step  200 , error  27177.3143321 , delta error  130.274119225
65.9774770737
Step  201 , error  27048.3727282 , delta error  128.941603892
65.7300858498
Step  202 , error  26920.7400588 , delta error  127.632669322
66.0614979267
Step  203 , error  26794.3933235 , delta error  126.346735361
65.7074589729
Step  204 , error  26669.3100842 , delta error  125.083239287
65.9750711918
Step  205 , error  26545.468449 , delta error  123.841635205
65.8314459324
Step  206 , error  26422.8470555 , delta error  122.621393467
65.8290798664
Step  207 , error  26301.4250554 , delta error  121.422000106
65.6978390217
Step  208 , error  26181.1820991 , delta error  120.242956306
66.2183101177
Step  209 , error  26062.0983212 , delta error  119.083777878
65.8668110371
Step  210 , error  25944.1543265 , delta error  117.943994767
66.2960247993
Step  211 , error  25827.3311759 , delta error  116.823150573
65.754101038
Step  212 , error  25711.6103738 , delta error  115.720802092
65.9452118874
Step  213 , error  25596.9738549 , delta error  114.63651887
65.8925418854
Step  214 , error  25483.4039721 , delta error  113.569882784
66.0683658123
Step  215 , error  25370.8834845 , delta error  112.520487626
65.9326570034
Step  216 , error  25259.3955458 , delta error  111.487938713
65.9542047977
Step  217 , error  25148.9236933 , delta error  110.471852505
65.9297759533
Step  218 , error  25039.4518371 , delta error  109.471856242
65.9495749474
Step  219 , error  24930.9642495 , delta error  108.487587591
65.8667681217
Step  220 , error  24823.4455552 , delta error  107.518694306
66.3361279964
Step  221 , error  24716.8807213 , delta error  106.564833906
65.773403883
Step  222 , error  24611.2550479 , delta error  105.625673353
65.8749599457
Step  223 , error  24506.5541591 , delta error  104.700888758
65.8464977741
Step  224 , error  24402.7639941 , delta error  103.790165082
65.9515030384
Step  225 , error  24299.8707982 , delta error  102.893195859
65.9221680164
Step  226 , error  24197.8611153 , delta error  102.009682919
65.998488903
Step  227 , error  24096.7217791 , delta error  101.139336136
65.7726438046
Step  228 , error  23996.439906 , delta error  100.281873164
66.1104550362
Step  229 , error  23897.0028868 , delta error  99.4370192045
65.9814779758
Step  230 , error  23798.39838 , delta error  98.604506763
66.3139429092
Step  231 , error  23700.6143046 , delta error  97.7840754284
65.5779950619
Step  232 , error  23603.6388329 , delta error  96.9754716519
66.1174659729
Step  233 , error  23507.4603844 , delta error  96.1784485365
65.8368668556
Step  234 , error  23412.0676188 , delta error  95.3927656337
66.1292300224
Step  235 , error  23317.44943 , delta error  94.6181887468
66.1080641747
Step  236 , error  23223.5949403 , delta error  93.854489741
65.8809211254
Step  237 , error  23130.4934939 , delta error  93.1014463606
65.741517067
Step  238 , error  23038.1346519 , delta error  92.3588420516
66.0733921528
Step  239 , error  22946.5081861 , delta error  91.6264657913
65.8972837925
Step  240 , error  22855.6040741 , delta error  90.9041119224
66.0223760605
Step  241 , error  22765.4124942 , delta error  90.1915799943
65.8307981491
Step  242 , error  22675.9238195 , delta error  89.4886746084
65.9700551033
Step  243 , error  22587.1286143 , delta error  88.7952052694
65.7165338993
Step  244 , error  22499.017628 , delta error  88.1109862409
66.2376010418
Step  245 , error  22411.5817916 , delta error  87.4358364066
65.8355460167
Step  246 , error  22324.8122125 , delta error  86.7695791355
65.8773298264
Step  247 , error  22238.7001703 , delta error  86.1120421517
65.8172490597
Step  248 , error  22153.2371129 , delta error  85.4630574085
66.1158051491
Step  249 , error  22068.414652 , delta error  84.8224609667
65.8134880066
Step  250 , error  21984.2245591 , delta error  84.1900928768
66.3884458542
Step  251 , error  21900.658762 , delta error  83.5657970651
65.5842318535
Step  252 , error  21817.7093408 , delta error  82.9494212233
65.9610190392
Step  253 , error  21735.3685241 , delta error  82.3408167017
66.0393030643
Step  254 , error  21653.6286857 , delta error  81.7398384063
65.9447760582
Step  255 , error  21572.482341 , delta error  81.1463446984
66.0619108677
Step  256 , error  21491.9221437 , delta error  80.5601972982
65.9809470177
Step  257 , error  21411.9408825 , delta error  79.9812611907
65.6929039955
Step  258 , error  21332.531478 , delta error  79.4094045351
66.0918090343
Step  259 , error  21253.6869794 , delta error  78.8444985772
66.0418980122
Step  260 , error  21175.4005618 , delta error  78.2864175636
66.1382558346
Step  261 , error  21097.6655232 , delta error  77.7350386601
65.6458189487
Step  262 , error  21020.4752813 , delta error  77.1902418712
66.0936100483
Step  263 , error  20943.8233713 , delta error  76.6519099627
65.713793993
Step  264 , error  20867.7034429 , delta error  76.1199283872
66.1311080456
Step  265 , error  20792.1092577 , delta error  75.5941852107
66.098031044
Step  266 , error  20717.0346867 , delta error  75.0745710428
65.7509140968
Step  267 , error  20642.4737077 , delta error  74.560978968
65.7440180779
Step  268 , error  20568.4204032 , delta error  74.0533044795
66.2715570927
Step  269 , error  20494.8689578 , delta error  73.5514454151
65.8398759365
Step  270 , error  20421.8136559 , delta error  73.0553018951
66.253319025
Step  271 , error  20349.2488797 , delta error  72.5647762614
65.8290920258
Step  272 , error  20277.1691067 , delta error  72.0797730194
65.9151799679
Step  273 , error  20205.5689079 , delta error  71.6001987813
65.9341621399
Step  274 , error  20134.4429457 , delta error  71.1259622103
66.1473779678
Step  275 , error  20063.7859717 , delta error  70.6569739678
66.033094883
Step  276 , error  19993.592825 , delta error  70.1931466613
65.9204120636
Step  277 , error  19923.8584302 , delta error  69.7343947938
65.8594810963
Step  278 , error  19854.5777955 , delta error  69.2806347154
65.9274470806
Step  279 , error  19785.746011 , delta error  68.8317845754
65.8907361031
Step  280 , error  19717.3582467 , delta error  68.3877642765
66.2094020844
Step  281 , error  19649.4097512 , delta error  67.9484954301
65.6559021473
Step  282 , error  19581.8958499 , delta error  67.5139013125
65.8869240284
Step  283 , error  19514.8119431 , delta error  67.0839068236
65.904695034
Step  284 , error  19448.1535047 , delta error  66.6584384449
65.9598050117
Step  285 , error  19381.9160805 , delta error  66.2374242005
65.8116338253
Step  286 , error  19316.0952868 , delta error  65.8207936182
65.955080986
Step  287 , error  19250.6868092 , delta error  65.408477692
65.6425881386
Step  288 , error  19185.6864003 , delta error  65.0004088457
66.141023159
Step  289 , error  19121.0898794 , delta error  64.5965208972
65.9740800858
Step  290 , error  19056.8931304 , delta error  64.1967490245
66.2212431431
Step  291 , error  18993.0921007 , delta error  63.801029732
65.6618900299
Step  292 , error  18929.6827998 , delta error  63.409300818
66.060297966
Step  293 , error  18866.6612985 , delta error  63.0215013431
65.7569901943
Step  294 , error  18804.0237269 , delta error  62.6375715997
65.9048550129
Step  295 , error  18741.7662738 , delta error  62.2574530817
66.1324028969
Step  296 , error  18679.8851854 , delta error  61.8810884558
65.8897898197
Step  297 , error  18618.3767638 , delta error  61.508421533
65.6833629608
Step  298 , error  18557.2373666 , delta error  61.1393972416
66.0990509987
Step  299 , error  18496.463405 , delta error  60.7739615998
65.8918879032
Step  300 , error  18436.0513433 , delta error  60.4120616904
66.0887839794
Iteration:  1 / 10
Iteration:  2 / 10
Iteration:  3 / 10
Iteration:  4 / 10
Iteration:  5 / 10
Iteration:  6 / 10
Iteration:  7 / 10
Iteration:  8 / 10
Iteration:  9 / 10
Iteration:  10 / 10
Step  1 , error  4402859.33725 , delta error  1
65.5304939747
Step  2 , error  3662205.96132 , delta error  740653.375927
65.8896501064
Step  3 , error  3130036.24055 , delta error  532169.720767
65.6043682098
Step  4 , error  2719253.33192 , delta error  410782.908636
65.529599905
Step  5 , error  2390364.52267 , delta error  328888.809243
65.6196219921
Step  6 , error  2120649.10679 , delta error  269715.415879
65.4757299423
Step  7 , error  1895546.68688 , delta error  225102.419919
65.6930060387
Step  8 , error  1705098.87075 , delta error  190447.816126
65.8168129921
Step  9 , error  1542183.67506 , delta error  162915.19569
65.6671099663
Step  10 , error  1401536.10891 , delta error  140647.566153
65.4257910252
Step  11 , error  1279162.05356 , delta error  122374.055345
65.8448469639
Step  12 , error  1171967.49681 , delta error  107194.556754
65.6314558983
Step  13 , error  1077513.75528 , delta error  94453.7415245
65.5925929546
Step  14 , error  993850.251945 , delta error  83663.50334
65.8869111538
Step  15 , error  919397.014429 , delta error  74453.2375162
65.6691920757
Step  16 , error  852860.131568 , delta error  66536.882861
65.6363968849
Step  17 , error  793169.677614 , delta error  59690.4539534
65.9140388966
Step  18 , error  739433.324181 , delta error  53736.3534338
65.598788023
Step  19 , error  690901.135751 , delta error  48532.1884292
65.5411329269
Step  20 , error  646938.484425 , delta error  43962.6513262
65.8763461113
Step  21 , error  607004.955094 , delta error  39933.5293315
65.4361741543
Step  22 , error  570637.734604 , delta error  36367.2204896
65.5662670135
Step  23 , error  537438.401096 , delta error  33199.3335078
65.615457058
Step  24 , error  507062.32211 , delta error  30376.0789866
65.6211879253
Step  25 , error  479210.075747 , delta error  27852.2463628
65.6931369305
Step  26 , error  453620.456072 , delta error  25589.6196753
65.8625729084
Step  27 , error  430064.73027 , delta error  23555.725801
65.5641920567
Step  28 , error  408341.893082 , delta error  21722.8371889
65.6906049252
Step  29 , error  388274.721819 , delta error  20067.1712626
65.6819500923
Step  30 , error  369706.478678 , delta error  18568.2431414
65.4099638462
Step  31 , error  352498.139817 , delta error  17208.3388606
65.7302110195
Step  32 , error  336526.055796 , delta error  15972.0840214
65.6373400688
Step  33 , error  321679.967248 , delta error  14846.0885474
65.5878891945
Step  34 , error  307861.314703 , delta error  13818.6525456
65.5575420856
Step  35 , error  294981.793176 , delta error  12879.5215267
65.7432799339
Step  36 , error  282962.111441 , delta error  12019.6817353
65.6706280708
Step  37 , error  271730.923192 , delta error  11231.1882487
65.6007399559
Step  38 , error  261223.903205 , delta error  10507.0199873
65.9926760197
Step  39 , error  251382.946269 , delta error  9840.95693581
65.6712830067
Step  40 , error  242155.470491 , delta error  9227.47577757
65.6229720116
Step  41 , error  233493.809629 , delta error  8661.66086287
65.7257769108
Step  42 , error  225354.681629 , delta error  8139.12799953
65.6647520065
Step  43 , error  217698.722622 , delta error  7655.95900748
65.6268391609
Step  44 , error  210490.077278 , delta error  7208.64534378
65.9729681015
Step  45 , error  203696.03788 , delta error  6794.03939817
65.6085801125
Step  46 , error  197286.725582 , delta error  6409.31229756
65.6581881046
Step  47 , error  191234.80833 , delta error  6051.91725164
65.7532491684
Step  48 , error  185515.2507 , delta error  5719.55763039
65.5532970428
Step  49 , error  180105.091605 , delta error  5410.15909455
65.7564837933
Step  50 , error  174983.246398 , delta error  5121.84520725
65.6395230293
Step  51 , error  170130.330354 , delta error  4852.91604407
65.5858199596
Step  52 , error  165528.500962 , delta error  4601.82939211
65.5472900867
Step  53 , error  161161.316771 , delta error  4367.18419066
65.8326568604
Step  54 , error  157013.610855 , delta error  4147.70591684
65.5448467731
Step  55 , error  153071.377191 , delta error  3942.23366319
65.6372270584
Step  56 , error  149321.668501 , delta error  3749.70869004
65.9090199471
Step  57 , error  145752.504235 , delta error  3569.16426637
65.4481840134
Step  58 , error  142352.787596 , delta error  3399.71663853
65.5031440258
Step  59 , error  139112.230608 , delta error  3240.55698835
65.6682488918
Step  60 , error  136021.286347 , delta error  3090.94426072
65.617934227
Step  61 , error  133071.087591 , delta error  2950.19875677
65.600386858
Step  62 , error  130253.391188 , delta error  2817.69640221
66.0076980591
Step  63 , error  127560.527576 , delta error  2692.86361239
65.7422351837
Step  64 , error  124985.354891 , delta error  2575.17268543
65.4949378967
Step  65 , error  122521.217227 , delta error  2464.13766337
65.8040099144
Step  66 , error  120161.906618 , delta error  2359.31060907
65.5097708702
Step  67 , error  117901.628366 , delta error  2260.27825258
65.5342390537
Step  68 , error  115734.969399 , delta error  2166.65896678
65.7950611115
Step  69 , error  113656.869362 , delta error  2078.10003643
65.527449131
Step  70 , error  111662.594173 , delta error  1994.2751894
65.4481999874
Step  71 , error  109747.711811 , delta error  1914.88236233
65.8120260239
Step  72 , error  107908.070134 , delta error  1839.64167616
65.5995368958
Step  73 , error  106139.776535 , delta error  1768.2935999
65.7672488689
Step  74 , error  104439.179251 , delta error  1700.59728322
65.890748024
Step  75 , error  102802.85021 , delta error  1636.32904101
65.4070641994
Step  76 , error  101227.569236 , delta error  1575.28097446
65.65893507
Step  77 , error  99710.3095206 , delta error  1517.25971523
65.6701481342
Step  78 , error  98248.22424 , delta error  1462.08528064
65.4390380383
Step  79 , error  96838.634211 , delta error  1409.59002899
65.6876161098
Step  80 , error  95479.0165054 , delta error  1359.61770553
65.7180640697
Step  81 , error  94166.9939352 , delta error  1312.02257027
65.6820788383
Step  82 , error  92900.3253351 , delta error  1266.66860005
65.4852869511
Step  83 , error  91676.8965773 , delta error  1223.42875786
65.7517771721
Step  84 , error  90494.7122541 , delta error  1182.18432315
65.6261029243
Step  85 , error  89351.8879765 , delta error  1142.82427758
65.4522440434
Step  86 , error  88246.6432353 , delta error  1105.24474124
65.8718430996
Step  87 , error  87177.2947807 , delta error  1069.34845458
65.78967309
Step  88 , error  86142.2504785 , delta error  1035.04430219
65.6077289581
Step  89 , error  85140.0036039 , delta error  1002.24687463
65.8843410015
Step  90 , error  84169.127539 , delta error  970.876064913
65.6401669979
Step  91 , error  83228.2708422 , delta error  940.856696771
65.5858330727
Step  92 , error  82316.1526604 , delta error  912.118181806
65.9183101654
Step  93 , error  81431.5584572 , delta error  884.594203165
65.4513449669
Step  94 , error  80573.3360338 , delta error  858.222423447
65.5580840111
Step  95 , error  79740.391819 , delta error  832.944214796
65.5500690937
Step  96 , error  78931.6874097 , delta error  808.704409351
65.6287150383
Step  97 , error  78146.2363413 , delta error  785.45106835
65.6748278141
Step  98 , error  77383.1010729 , delta error  763.135268362
65.9162318707
Step  99 , error  76641.3901697 , delta error  741.71090326
65.613355875
Step  100 , error  75920.255669 , delta error  721.134500646
65.5713760853
Step  101 , error  75218.8906175 , delta error  701.36505158
65.8492119312
Step  102 , error  74536.5267649 , delta error  682.363852558
65.3842148781
Step  103 , error  73872.4324061 , delta error  664.094358757
65.7180290222
Step  104 , error  73225.9103585 , delta error  646.52204768
65.654941082
Step  105 , error  72596.2960661 , delta error  629.61429238
65.6515829563
Step  106 , error  71982.9558226 , delta error  613.340243529
65.4881901741
Step  107 , error  71385.2851029 , delta error  597.670719656
65.8144111633
Step  108 , error  70802.706998 , delta error  582.578104922
65.6659669876
Step  109 , error  70234.6707441 , delta error  568.036253882
65.5589058399
Step  110 , error  69680.6503414 , delta error  554.020402688
65.990197897
Step  111 , error  69140.1432551 , delta error  540.507086266
65.6101789474
Step  112 , error  68612.6691941 , delta error  527.474061032
65.6856360435
Step  113 , error  68097.7689614 , delta error  514.900232718
65.6718947887
Step  114 , error  67595.0033724 , delta error  502.765588958
65.5572750568
Step  115 , error  67103.9522361 , delta error  491.051136284
65.6111059189
Step  116 , error  66624.2133949 , delta error  479.738841199
65.9026081562
Step  117 , error  66155.4018199 , delta error  468.811575063
65.5948901176
Step  118 , error  65697.1487574 , delta error  458.2530625
65.512843132
Step  119 , error  65249.1009243 , delta error  448.047833087
65.7786769867
Step  120 , error  64810.9197482 , delta error  438.181176091
65.4981968403
Step  121 , error  64382.2806502 , delta error  428.639098053
65.7091989517
Step  122 , error  63962.8723671 , delta error  419.408283007
65.8452568054
Step  123 , error  63552.396312 , delta error  410.476055164
65.59273386
Step  124 , error  63150.5659681 , delta error  401.830343891
65.5761060715
Step  125 , error  62757.1063173 , delta error  393.459650828
65.7293119431
Step  126 , error  62371.7532983 , delta error  385.353018999
65.527479887
Step  127 , error  61994.2532945 , delta error  377.500003788
65.736768961
Step  128 , error  61624.3626488 , delta error  369.890645648
65.8551299572
Step  129 , error  61261.8472044 , delta error  362.515444441
65.5150921345
Step  130 , error  60906.4818691 , delta error  355.365335288
65.5432491302
Step  131 , error  60558.0502033 , delta error  348.431665842
65.745085001
Step  132 , error  60216.3440284 , delta error  341.706174883
65.6308000088
Step  133 , error  59881.1630562 , delta error  335.180972163
65.7010800838
Step  134 , error  59552.3145368 , delta error  328.848519402
65.9405770302
Step  135 , error  59229.6129244 , delta error  322.701612381
65.6237790585
Step  136 , error  58912.8795604 , delta error  316.733364047
65.6211080551
Step  137 , error  58601.9423718 , delta error  310.937188582
65.8786699772
Step  138 , error  58296.6355854 , delta error  305.306786361
65.5712301731
Step  139 , error  57996.7994557 , delta error  299.836129751
65.5193719864
Step  140 , error  57702.280006 , delta error  294.519449703
65.708316803
Step  141 , error  57412.9287829 , delta error  289.35122308
65.621639967
Step  142 , error  57128.6026222 , delta error  284.326160679
65.5599629879
Step  143 , error  56849.1634263 , delta error  279.439195916
65.7626321316
Step  144 , error  56574.4779522 , delta error  274.685474107
65.5909190178
Step  145 , error  56304.4176099 , delta error  270.060342346
65.7738399506
Step  146 , error  56038.8582699 , delta error  265.55933991
65.9315731525
Step  147 , error  55777.6800808 , delta error  261.178189182
65.5166950226
Step  148 , error  55520.7672937 , delta error  256.912787057
65.5856068134
Step  149 , error  55268.0080969 , delta error  252.759196791
65.6412649155
Step  150 , error  55019.2944566 , delta error  248.713640287
65.5035848618
Step  151 , error  54774.5219658 , delta error  244.772490774
65.7305040359
Step  152 , error  54533.5897 , delta error  240.932265871
65.8359220028
Step  153 , error  54296.400079 , delta error  237.189621005
65.6961710453
Step  154 , error  54062.8587358 , delta error  233.541343162
65.545181036
Step  155 , error  53832.8743909 , delta error  229.984344962
65.807954073
Step  156 , error  53606.3587318 , delta error  226.515659033
65.5563809872
Step  157 , error  53383.2262992 , delta error  223.132432659
65.6138100624
Step  158 , error  53163.3943764 , delta error  219.831922711
65.8743481636
Step  159 , error  52946.7828856 , delta error  216.611490813
65.7546751499
Step  160 , error  52733.3142869 , delta error  213.468598759
65.5458819866
Step  161 , error  52522.9134827 , delta error  210.400804154
65.9785089493
Step  162 , error  52315.5077265 , delta error  207.405756261
65.6164631844
Step  163 , error  52111.0265344 , delta error  204.481192057
65.6662509441
Step  164 , error  51909.4016019 , delta error  201.624932478
65.8274548054
Step  165 , error  51710.5667231 , delta error  198.834878842
65.4030818939
Step  166 , error  51514.4577136 , delta error  196.109009449
65.6423649788
Step  167 , error  51321.0123373 , delta error  193.445376334
65.6179339886
Step  168 , error  51130.1702351 , delta error  190.842102182
65.6485919952
Step  169 , error  50941.8728577 , delta error  188.297377384
65.6675429344
Step  170 , error  50756.0634005 , delta error  185.809457233
65.8352270126
Step  171 , error  50572.6867413 , delta error  183.376659247
65.7098460197
Step  172 , error  50391.6893806 , delta error  180.997360621
65.5696921349
Step  173 , error  50213.0193848 , delta error  178.669995792
65.8681061268
Step  174 , error  50036.6263307 , delta error  176.39305412
65.3523979187
Step  175 , error  49862.4612531 , delta error  174.165077668
65.7756679058
Step  176 , error  49690.476594 , delta error  171.984659093
65.7076768875
Step  177 , error  49520.6261543 , delta error  169.850439622
65.6711778641
Step  178 , error  49352.8650472 , delta error  167.761107124
65.4594910145
Step  179 , error  49187.1496529 , delta error  165.715394269
65.7739789486
Step  180 , error  49023.4375762 , delta error  163.712076767
65.6298809052
Step  181 , error  48861.6876045 , delta error  161.749971684
65.721642971
Step  182 , error  48701.8596687 , delta error  159.827935833
66.0627069473
Step  183 , error  48543.9148044 , delta error  157.94486424
65.5583438873
Step  184 , error  48387.8151158 , delta error  156.099688666
65.728623867
Step  185 , error  48233.5237396 , delta error  154.291376206
65.7293329239
Step  186 , error  48081.0048116 , delta error  152.518927937
65.6086192131
Step  187 , error  47930.223434 , delta error  150.781377635
65.6405329704
Step  188 , error  47781.1456434 , delta error  149.077790534
65.9326059818
Step  189 , error  47633.7383813 , delta error  147.407262153
65.5832788944
Step  190 , error  47487.9694641 , delta error  145.768917156
65.4863781929
Step  191 , error  47343.8075559 , delta error  144.161908275
65.7844150066
Step  192 , error  47201.2221406 , delta error  142.585415269
65.6286110878
Step  193 , error  47060.1834967 , delta error  141.038643929
65.6797251701
Step  194 , error  46920.6626715 , delta error  139.520825125
65.7754509449
Step  195 , error  46782.6314576 , delta error  138.03121389
65.605700016
Step  196 , error  46646.0623691 , delta error  136.569088545
65.5377981663
Step  197 , error  46510.9286192 , delta error  135.133749858
65.8362650871
Step  198 , error  46377.204099 , delta error  133.724520237
65.5209679604
Step  199 , error  46244.8633561 , delta error  132.340742956
65.7540900707
Step  200 , error  46113.8815746 , delta error  130.981781412
65.7783269882
Step  201 , error  45984.2345562 , delta error  129.647018411
65.5399298668
Step  202 , error  45855.8987007 , delta error  128.335855488
65.5466358662
Step  203 , error  45728.8509885 , delta error  127.047712246
65.7657258511
Step  204 , error  45603.0689628 , delta error  125.782025723
65.6250970364
Step  205 , error  45478.530713 , delta error  124.538249792
65.5988109112
Step  206 , error  45355.2148584 , delta error  123.315854573
66.0481739044
Step  207 , error  45233.1005325 , delta error  122.114325875
65.6869289875
Step  208 , error  45112.1673679 , delta error  120.93316466
65.5590507984
Step  209 , error  44992.3954814 , delta error  119.771886522
65.8985068798
Step  210 , error  44873.7654602 , delta error  118.630021194
65.4883019924
Step  211 , error  44756.2583481 , delta error  117.507112065
65.556579113
Step  212 , error  44639.8556324 , delta error  116.402715726
65.8012640476
Step  213 , error  44524.5392308 , delta error  115.316401523
65.5811808109
Step  214 , error  44410.2914797 , delta error  114.247751131
65.6312189102
Step  215 , error  44297.0951216 , delta error  113.196358151
65.8331608772
Step  216 , error  44184.9332939 , delta error  112.161827706
65.6311898232
Step  217 , error  44073.7895178 , delta error  111.143776069
65.7823929787
Step  218 , error  43963.6476875 , delta error  110.141830296
65.9605808258
Step  219 , error  43854.4920596 , delta error  109.155627871
65.5440890789
Step  220 , error  43746.3072432 , delta error  108.184816371
65.5124759674
Step  221 , error  43639.0781901 , delta error  107.229053138
65.6745119095
Step  222 , error  43532.7901851 , delta error  106.288004963
65.5469789505
Step  223 , error  43427.4288374 , delta error  105.361347786
65.7116889954
Step  224 , error  43322.980071 , delta error  104.448766403
65.8907179832
Step  225 , error  43219.4301168 , delta error  103.549954181
65.5774419308
Step  226 , error  43116.765504 , delta error  102.664612792
65.6011931896
Step  227 , error  43014.973052 , delta error  101.792451948
65.7874619961
Step  228 , error  42914.0398629 , delta error  100.933189149
65.5290369987
Step  229 , error  42813.9533134 , delta error  100.086549442
65.5200691223
Step  230 , error  42714.7010483 , delta error  99.2522651807
65.900083065
Step  231 , error  42616.2709725 , delta error  98.4300758062
65.7584249973
Step  232 , error  42518.6512448 , delta error  97.6197276225
65.6369159222
Step  233 , error  42421.8302712 , delta error  96.8209735884
65.9356398582
Step  234 , error  42325.7966981 , delta error  96.0335731135
65.6242940426
Step  235 , error  42230.5394063 , delta error  95.2572918609
65.5465271473
Step  236 , error  42136.0475047 , delta error  94.4919015583
65.8310229778
Step  237 , error  42042.3103249 , delta error  93.7371798143
65.5111579895
Step  238 , error  41949.317415 , delta error  92.9929099413
65.4472010136
Step  239 , error  41857.0585342 , delta error  92.2588807848
65.6043610573
Step  240 , error  41765.5236476 , delta error  91.534886558
65.6716098785
Step  241 , error  41674.7029209 , delta error  90.8207266826
65.6801149845
Step  242 , error  41584.5867153 , delta error  90.116205634
65.9020819664
Step  243 , error  41495.1655825 , delta error  89.4211327929
65.6613891125
Step  244 , error  41406.4302602 , delta error  88.7353223007
65.6647131443
Step  245 , error  41318.3716673 , delta error  88.0585929205
65.7794649601
Step  246 , error  41230.9808994 , delta error  87.3907679025
65.4063539505
Step  247 , error  41144.2492245 , delta error  86.7316748539
65.7994661331
Step  248 , error  41058.1680789 , delta error  86.0811456123
65.7811710835
Step  249 , error  40972.7290628 , delta error  85.439016125
65.6163809299
Step  250 , error  40887.9239365 , delta error  84.80512633
65.5023779869
Step  251 , error  40803.7446164 , delta error  84.1793200431
65.8888568878
Step  252 , error  40720.1831716 , delta error  83.5614448467
65.6997640133
Step  253 , error  40637.2318196 , delta error  82.9513519836
65.6321339607
Step  254 , error  40554.8829233 , delta error  82.3488962535
66.0542600155
Step  255 , error  40473.1289874 , delta error  81.7539359131
65.6263201237
Step  256 , error  40391.9626548 , delta error  81.1663325789
65.6040341854
Step  257 , error  40311.3767037 , delta error  80.5859511343
65.9060471058
Step  258 , error  40231.3640441 , delta error  80.0126596378
65.5864920616
Step  259 , error  40151.9177148 , delta error  79.4463292357
65.6041631699
Step  260 , error  40073.0308808 , delta error  78.886834077
65.9123260975
Step  261 , error  39994.6968295 , delta error  78.3340512306
65.5585110188
Step  262 , error  39916.9089689 , delta error  77.7878606054
65.6993470192
Step  263 , error  39839.6608241 , delta error  77.2481448733
65.7939059734
Step  264 , error  39762.9460347 , delta error  76.7147893937
65.5651631355
Step  265 , error  39686.7583525 , delta error  76.187682141
65.6653959751
Step  266 , error  39611.0916389 , delta error  75.666713634
65.8481199741
Step  267 , error  39535.939862 , delta error  75.1517768676
65.6766622066
Step  268 , error  39461.2970948 , delta error  74.6427672468
65.5422310829
Step  269 , error  39387.1575122 , delta error  74.1395825222
65.7025821209
Step  270 , error  39313.5153895 , delta error  73.6421227278
65.5800330639
Step  271 , error  39240.3650994 , delta error  73.1502901204
65.742803812
Step  272 , error  39167.7011103 , delta error  72.6639891216
65.9354588985
Step  273 , error  39095.517984 , delta error  72.1831262601
65.5089628696
Step  274 , error  39023.8103739 , delta error  71.7076101175
65.5632970333
Step  275 , error  38952.5730226 , delta error  71.237351274
65.7439620495
Step  276 , error  38881.8007604 , delta error  70.7722622571
65.6637458801
Step  277 , error  38811.4885029 , delta error  70.3122574908
65.6657309532
Step  278 , error  38741.6312496 , delta error  69.857253247
65.930863142
Step  279 , error  38672.224082 , delta error  69.4071675978
65.7957789898
Step  280 , error  38603.2621617 , delta error  68.9619203696
65.5859398842
Step  281 , error  38534.7407286 , delta error  68.5214330984
65.7766339779
Step  282 , error  38466.6550996 , delta error  68.0856289863
65.508259058
Step  283 , error  38399.0006667 , delta error  67.6544328592
65.5402708054
Step  284 , error  38331.7728956 , delta error  67.227771126
65.7182190418
Step  285 , error  38264.9673239 , delta error  66.805571739
65.5053429604
Step  286 , error  38198.5795597 , delta error  66.3877641548
65.4886507988
Step  287 , error  38132.6052804 , delta error  65.9742792971
65.8623068333
Step  288 , error  38067.0402309 , delta error  65.5650495202
65.5896990299
Step  289 , error  38001.8802223 , delta error  65.1600085734
65.7494351864
Step  290 , error  37937.1211307 , delta error  64.7590915668
65.8091440201
Step  291 , error  37872.7588958 , delta error  64.3622349377
65.4676370621
Step  292 , error  37808.7895194 , delta error  63.969376418
65.6089231968
Step  293 , error  37745.2090644 , delta error  63.5804550028
65.5456371307
Step  294 , error  37682.0136535 , delta error  63.1954109194
65.519411087
Step  295 , error  37619.1994679 , delta error  62.8141855976
65.5923140049
Step  296 , error  37556.7627462 , delta error  62.4367216407
65.9407520294
Step  297 , error  37494.6997834 , delta error  62.0629627969
65.6963369846
Step  298 , error  37433.0069295 , delta error  61.6928539324
65.5202407837
Step  299 , error  37371.6805885 , delta error  61.3263410042
65.8470618725
Step  300 , error  37310.7172175 , delta error  60.9633710341
65.5077259541
Iteration:  1 / 10
Iteration:  2 / 10
Iteration:  3 / 10
Iteration:  4 / 10
Iteration:  5 / 10
Iteration:  6 / 10
Iteration:  7 / 10
Iteration:  8 / 10
Iteration:  9 / 10
Iteration:  10 / 10
Step  1 , error  4607121.96786 , delta error  1
65.8203310966
Step  2 , error  3863933.55836 , delta error  743188.409502
65.7969491482
Step  3 , error  3329892.37131 , delta error  534041.187053
65.6608541012
Step  4 , error  2917660.10587 , delta error  412232.26544
65.6806969643
Step  5 , error  2587617.29293 , delta error  330042.812934
65.4502038956
Step  6 , error  2316964.5717 , delta error  270652.721231
65.8458819389
Step  7 , error  2091088.88219 , delta error  225875.689509
65.8592269421
Step  8 , error  1899994.83496 , delta error  191094.047239
65.772313118
Step  9 , error  1736533.54465 , delta error  163461.290306
65.6868619919
Step  10 , error  1595419.93899 , delta error  141113.605659
65.7903261185
Step  11 , error  1472644.59416 , delta error  122775.344831
65.6135959625
Step  12 , error  1365101.63384 , delta error  107542.960321
65.9069509506
Step  13 , error  1270343.0475 , delta error  94758.5863354
65.86769104
Step  14 , error  1186410.83762 , delta error  83932.2098826
66.0414729118
Step  15 , error  1111719.06777 , delta error  74691.7698514
65.5988178253
Step  16 , error  1044968.99077 , delta error  66750.077002
65.5964319706
Step  17 , error  985086.72911 , delta error  59882.2616572
65.8186221123
Step  18 , error  931176.703105 , delta error  53910.0260049
65.8559632301
Step  19 , error  882486.285926 , delta error  48690.4171793
65.9743099213
Step  20 , error  838378.609731 , delta error  44107.6761946
65.9187378883
Step  21 , error  798311.385956 , delta error  40067.2237755
65.6991360188
Step  22 , error  761820.227498 , delta error  36491.1584577
65.7390460968
Step  23 , error  728505.384772 , delta error  33314.8427257
65.8453259468
Step  24 , error  698021.101094 , delta error  30484.2836786
65.7692329884
Step  25 , error  670066.999353 , delta error  27954.1017407
66.046612978
Step  26 , error  644381.059396 , delta error  25685.9399567
65.7909941673
Step  27 , error  620733.852294 , delta error  23647.2071021
65.6260449886
Step  28 , error  598923.775966 , delta error  21810.0763279
65.6341497898
Step  29 , error  578773.094687 , delta error  20150.6812795
65.8692679405
Step  30 , error  560124.628523 , delta error  18648.4661635
65.7755310535
Step  31 , error  542838.97171 , delta error  17285.656813
65.8507039547
Step  32 , error  526792.144134 , delta error  16046.8275761
65.9168820381
Step  33 , error  511873.599506 , delta error  14918.5446283
65.6891560555
Step  34 , error  497984.528864 , delta error  13889.0706419
65.7981610298
Step  35 , error  485036.409842 , delta error  12948.1190216
65.7121930122
Step  36 , error  472949.761427 , delta error  12086.6484151
65.7324929237
Step  37 , error  461653.071298 , delta error  11296.6901293
65.969422102
Step  38 , error  451081.868727 , delta error  10571.2025702
65.9164612293
Step  39 , error  441177.920744 , delta error  9903.94798369
65.6033289433
Step  40 , error  431888.533057 , delta error  9289.3876868
65.6850430965
Step  41 , error  423165.940361 , delta error  8722.59269571
65.6790759563
Step  42 , error  414966.773133 , delta error  8199.16722785
65.7288820744
Step  43 , error  407251.590121 , delta error  7715.18301207
65.9892001152
Step  44 , error  399984.467416 , delta error  7267.12270577
65.842304945
Step  45 , error  393132.636402 , delta error  6851.83101334
65.6090910435
Step  46 , error  386666.164063 , delta error  6466.47233939
65.5651080608
Step  47 , error  380557.670058 , delta error  6108.49400493
65.7176849842
Step  48 , error  374782.075844 , delta error  5775.59421398
65.8876290321
Step  49 , error  369316.381755 , delta error  5465.69408878
65.9594960213
Step  50 , error  364139.468556 , delta error  5176.9131995
65.8306260109
Step  51 , error  359231.920452 , delta error  4907.54810368
65.7065808773
Step  52 , error  354575.866967 , delta error  4656.0534845
65.6078019142
Step  53 , error  350154.841429 , delta error  4421.02553867
65.7912049294
Step  54 , error  345953.654112 , delta error  4201.1873167
65.5721271038
Step  55 , error  341958.278351 , delta error  3995.3757609
65.8061861992
Step  56 , error  338155.748128 , delta error  3802.53022358
65.9808421135
Step  57 , error  334534.065849 , delta error  3621.68227812
65.593765974
Step  58 , error  331082.119188 , delta error  3451.94666187
65.7772018909
Step  59 , error  327789.605976 , delta error  3292.51321168
65.7633919716
Step  60 , error  324646.966304 , delta error  3142.63967189
65.7548661232
Step  61 , error  321645.321034 , delta error  3001.64527028
65.8671340942
Step  62 , error  318776.416062 , delta error  2868.90497154
65.7933371067
Step  63 , error  316032.571733 , delta error  2743.84432912
65.6970820427
Step  64 , error  313406.636866 , delta error  2625.93486696
65.7028739452
Step  65 , error  310891.946936 , delta error  2514.68993055
65.5395710468
Step  66 , error  308482.285981 , delta error  2409.660955
65.8760778904
Step  67 , error  306171.851877 , delta error  2310.43410369
65.9164578915
Step  68 , error  303955.22464 , delta error  2216.62723706
65.761469841
Step  69 , error  301827.337464 , delta error  2127.88717568
65.6335830688
Step  70 , error  299783.450238 , delta error  2043.88722623
65.7801811695
Step  71 , error  297819.125295 , delta error  1964.32494245
65.5707678795
Step  72 , error  295930.205199 , delta error  1888.9200966
65.8406870365
Step  73 , error  294112.792359 , delta error  1817.41283956
65.8397660255
Step  74 , error  292363.230329 , delta error  1749.56203028
65.9609370232
Step  75 , error  290678.086612 , delta error  1685.14371743
65.5485079288
Step  76 , error  289054.136854 , delta error  1623.949758
65.6921970844
Step  77 , error  287488.350294 , delta error  1565.78655923
65.7936830521
Step  78 , error  285977.876363 , delta error  1510.47393182
65.7698421478
Step  79 , error  284520.032319 , delta error  1457.84404348
65.8485941887
Step  80 , error  283112.291856 , delta error  1407.74046337
65.7959630489
Step  81 , error  281752.274567 , delta error  1360.01728848
65.6431250572
Step  82 , error  280437.736223 , delta error  1314.53834447
65.5858209133
Step  83 , error  279166.559769 , delta error  1271.1764539
65.8348538876
Step  84 , error  277936.747003 , delta error  1229.8127655
65.7198319435
Step  85 , error  276746.410864 , delta error  1190.33613912
65.9977910519
Step  86 , error  275593.768283 , delta error  1152.64258108
65.672467947
Step  87 , error  274477.133558 , delta error  1116.63472543
65.6707429886
Step  88 , error  273394.912201 , delta error  1082.2213571
65.6561779976
Step  89 , error  272345.595227 , delta error  1049.31697311
65.7768399715
Step  90 , error  271327.753849 , delta error  1017.84137862
65.7961351871
Step  91 , error  270340.034534 , delta error  987.719314647
65.859238863
Step  92 , error  269381.154419 , delta error  958.880114871
65.8431010246
Step  93 , error  268449.89703 , delta error  931.257388895
65.7025361061
Step  94 , error  267545.108301 , delta error  904.788729818
65.7352838516
Step  95 , error  266665.692857 , delta error  879.415444029
65.6600270271
Step  96 , error  265810.610555 , delta error  855.082301374
65.7530889511
Step  97 , error  264978.873251 , delta error  831.737304005
65.9526510239
Step  98 , error  264169.541779 , delta error  809.33147239
65.8714931011
Step  99 , error  263381.723132 , delta error  787.818647068
65.608743906
Step  100 , error  262614.567827 , delta error  767.155304889
65.74416399
Step  101 , error  261867.267438 , delta error  747.300388571
65.7145049572
Step  102 , error  261139.05229 , delta error  728.215148516
65.765157938
Step  103 , error  260429.189294 , delta error  709.862995911
65.9138948917
Step  104 , error  259736.979928 , delta error  692.209366241
65.8236448765
Step  105 , error  259061.758335 , delta error  675.22159239
65.6325449944
Step  106 , error  258402.889549 , delta error  658.868786599
65.5978209972
Step  107 , error  257759.767818 , delta error  643.121730599
65.8043148518
Step  108 , error  257131.815045 , delta error  627.952773294
65.801886797
Step  109 , error  256518.479309 , delta error  613.335735432
65.9492800236
Step  110 , error  255919.233489 , delta error  599.245820726
65.7226550579
Step  111 , error  255333.573956 , delta error  585.659532965
65.7474639416
Step  112 , error  254761.019357 , delta error  572.554598644
65.5082201958
Step  113 , error  254201.109462 , delta error  559.909894741
65.8932669163
Step  114 , error  253653.404081 , delta error  547.705381236
65.683369875
Step  115 , error  253117.482043 , delta error  535.922038047
65.868637085
Step  116 , error  252592.940237 , delta error  524.54180606
65.9825699329
Step  117 , error  252079.392705 , delta error  513.547531961
65.5084569454
Step  118 , error  251576.469788 , delta error  502.922916595
65.8142910004
Step  119 , error  251083.817322 , delta error  492.652466615
65.7279319763
Step  120 , error  250601.095873 , delta error  482.721449183
65.7602388859
Step  121 , error  250127.980023 , delta error  473.115849509
65.846777916
Step  122 , error  249664.157692 , delta error  463.822331036
65.7470099926
Step  123 , error  249209.329494 , delta error  454.8281981
65.6749470234
Step  124 , error  248763.208133 , delta error  446.121360865
65.7236099243
Step  125 , error  248325.517831 , delta error  437.690302416
65.5473709106
Step  126 , error  247895.993783 , delta error  429.524047846
65.9043989182
Step  127 , error  247474.381648 , delta error  421.612135197
65.9584908485
Step  128 , error  247060.437059 , delta error  413.944588155
65.7579548359
Step  129 , error  246653.925169 , delta error  406.511890356
65.6973969936
Step  130 , error  246254.620208 , delta error  399.304961219
65.747303009
Step  131 , error  245862.305075 , delta error  392.315133197
65.6065878868
Step  132 , error  245476.770944 , delta error  385.534130353
65.861618042
Step  133 , error  245097.816896 , delta error  378.954048184
65.7866280079
Step  134 , error  244725.249562 , delta error  372.567334599
65.9340188503
Step  135 , error  244358.88279 , delta error  366.366771995
65.5038080215
Step  136 , error  243998.537329 , delta error  360.34546035
65.6056890488
Step  137 , error  243644.040528 , delta error  354.496801266
65.7727701664
Step  138 , error  243295.226045 , delta error  348.814482922
65.7711551189
Step  139 , error  242951.933579 , delta error  343.292465855
65.9110560417
Step  140 , error  242614.00861 , delta error  337.924969536
65.8802008629
Step  141 , error  242281.30215 , delta error  332.70645969
65.6022319794
Step  142 , error  241953.670514 , delta error  327.631636303
65.7225649357
Step  143 , error  241630.975091 , delta error  322.695422292
65.8123321533
Step  144 , error  241313.082139 , delta error  317.892952782
65.6633789539
Step  145 , error  240999.862574 , delta error  313.219564964
65.9572169781
Step  146 , error  240691.191785 , delta error  308.670788499
65.697606802
Step  147 , error  240386.949449 , delta error  304.242336424
65.6918818951
Step  148 , error  240087.019352 , delta error  299.93009655
65.748404026
Step  149 , error  239791.289229 , delta error  295.730123306
65.7925219536
Step  150 , error  239499.650599 , delta error  291.638630009
65.8063240051
Step  151 , error  239211.998617 , delta error  287.651981543
65.8375329971
Step  152 , error  238928.23193 , delta error  283.766687407
65.8509879112
Step  153 , error  238648.252535 , delta error  279.979395128
65.689991951
Step  154 , error  238371.965651 , delta error  276.286884008
65.7459149361
Step  155 , error  238099.279592 , delta error  272.686059189
65.5980992317
Step  156 , error  237830.105645 , delta error  269.173946016
65.8493471146
Step  157 , error  237564.357961 , delta error  265.747684688
65.9822070599
Step  158 , error  237301.953436 , delta error  262.404525172
65.9119150639
Step  159 , error  237042.811613 , delta error  259.141822372
65.5758199692
Step  160 , error  236786.854582 , delta error  255.957031535
65.8247079849
Step  161 , error  236534.006878 , delta error  252.847703886
65.6981301308
Step  162 , error  236284.195395 , delta error  249.811482471
65.7289230824
Step  163 , error  236037.349297 , delta error  246.846098212
65.905411005
Step  164 , error  235793.399931 , delta error  243.949366136
65.8385260105
Step  165 , error  235552.280749 , delta error  241.119181806
65.637745142
Step  166 , error  235313.927231 , delta error  238.353517904
65.6723430157
Step  167 , error  235078.27681 , delta error  235.650420992
65.7243201733
Step  168 , error  234845.268802 , delta error  233.008008412
65.8018901348
Step  169 , error  234614.844337 , delta error  230.424465343
66.0016150475
Step  170 , error  234386.946295 , delta error  227.898041993
65.7386200428
Step  171 , error  234161.519244 , delta error  225.427050916
65.700357914
Step  172 , error  233938.509379 , delta error  223.009864461
65.5121219158
Step  173 , error  233717.864467 , delta error  220.644912336
65.6906042099
Step  174 , error  233499.533788 , delta error  218.330679279
65.6980490685
Step  175 , error  233283.468085 , delta error  216.065702845
65.7789289951
Step  176 , error  233069.619513 , delta error  213.848571281
65.8282580376
Step  177 , error  232857.941592 , delta error  211.677921509
65.4637339115
Step  178 , error  232648.389155 , delta error  209.552437192
65.6330320835
Step  179 , error  232440.918308 , delta error  207.470846888
65.7298941612
Step  180 , error  232235.486386 , delta error  205.431922288
65.8451499939
Step  181 , error  232032.051909 , delta error  203.434476528
65.8367378712
Step  182 , error  231830.574546 , delta error  201.477362581
65.7133979797
Step  183 , error  231631.015075 , delta error  199.559471714
65.7094237804
Step  184 , error  231433.335343 , delta error  197.679732014
65.7499599457
Step  185 , error  231237.498236 , delta error  195.83710698
65.4832699299
Step  186 , error  231043.467642 , delta error  194.030594174
65.8913128376
Step  187 , error  230851.208418 , delta error  192.259223928
65.911908865
Step  188 , error  230660.68636 , delta error  190.522058108
65.8479049206
Step  189 , error  230471.868171 , delta error  188.818188934
65.6298849583
Step  190 , error  230284.721433 , delta error  187.146737844
65.7458260059
Step  191 , error  230099.214578 , delta error  185.506854408
65.5929079056
Step  192 , error  229915.316863 , delta error  183.897715287
65.8994898796
Step  193 , error  229732.99834 , delta error  182.318523243
65.8584690094
Step  194 , error  229552.229834 , delta error  180.768506171
65.9350049496
Step  195 , error  229372.982917 , delta error  179.246916196
65.5220060349
Step  196 , error  229195.229889 , delta error  177.753028787
65.6412100792
Step  197 , error  229018.943747 , delta error  176.286141916
65.7531449795
Step  198 , error  228844.098172 , delta error  174.84557525
65.8129169941
Step  199 , error  228670.667502 , delta error  173.430669378
65.8989062309
Step  200 , error  228498.626717 , delta error  172.040785061
65.7820761204
Step  201 , error  228327.951415 , delta error  170.675302525
65.6062541008
Step  202 , error  228158.617794 , delta error  169.333620769
65.6004080772
Step  203 , error  227990.602637 , delta error  168.015156912
65.8025450706
Step  204 , error  227823.883291 , delta error  166.719345553
65.6551651955
Step  205 , error  227658.437653 , delta error  165.445638174
66.0316040516
Step  206 , error  227494.244151 , delta error  164.193502545
65.6468279362
Step  207 , error  227331.281728 , delta error  162.962422174
65.7053120136
Step  208 , error  227169.529833 , delta error  161.751895759
65.5958189964
Step  209 , error  227008.968396 , delta error  160.561436674
65.7515208721
Step  210 , error  226849.577824 , delta error  159.39057247
65.8394758701
Step  211 , error  226691.338979 , delta error  158.238844397
65.7760078907
Step  212 , error  226534.233172 , delta error  157.105806943
65.8228719234
Step  213 , error  226378.242145 , delta error  155.991027385
65.5287868977
Step  214 , error  226223.348059 , delta error  154.894085374
65.6948390007
Step  215 , error  226069.533487 , delta error  153.814572512
65.6789600849
Step  216 , error  225916.781395 , delta error  152.752091965
65.8139350414
Step  217 , error  225765.075137 , delta error  151.706258081
66.042755127
Step  218 , error  225614.398441 , delta error  150.676696022
65.9242711067
Step  219 , error  225464.735399 , delta error  149.663041411
65.5888929367
Step  220 , error  225316.070459 , delta error  148.664939997
65.729747057
Step  221 , error  225168.388412 , delta error  147.682047322
65.7679708004
Step  222 , error  225021.674384 , delta error  146.71402841
65.7076320648
Step  223 , error  224875.913826 , delta error  145.76055746
65.9689941406
Step  224 , error  224731.092509 , delta error  144.821317557
65.8136389256
Step  225 , error  224587.196508 , delta error  143.896000385
65.6063799858
Step  226 , error  224444.212202 , delta error  142.98430596
65.5475828648
Step  227 , error  224302.12626 , delta error  142.085942365
65.7592380047
Step  228 , error  224160.925634 , delta error  141.200625495
65.7883620262
Step  229 , error  224020.597556 , delta error  140.328078819
65.9373650551
Step  230 , error  223881.129523 , delta error  139.468033138
65.6822149754
Step  231 , error  223742.509296 , delta error  138.620226364
65.6755809784
Step  232 , error  223604.724893 , delta error  137.784403294
65.6099710464
Step  233 , error  223467.764577 , delta error  136.960315406
65.7736179829
Step  234 , error  223331.616857 , delta error  136.147720649
65.6629989147
Step  235 , error  223196.270474 , delta error  135.346383249
65.7856690884
Step  236 , error  223061.7144 , delta error  134.556073517
65.8951129913
Step  237 , error  222927.937832 , delta error  133.776567668
65.4976220131
Step  238 , error  222794.930185 , delta error  133.00764764
65.838296175
Step  239 , error  222662.681084 , delta error  132.249100925
65.7813231945
Step  240 , error  222531.180363 , delta error  131.500720402
65.7442719936
Step  241 , error  222400.418059 , delta error  130.76230418
65.8067920208
Step  242 , error  222270.384404 , delta error  130.033655437
65.762419939
Step  243 , error  222141.069822 , delta error  129.314582278
65.5466148853
Step  244 , error  222012.464924 , delta error  128.604897587
65.6268320084
Step  245 , error  221884.560505 , delta error  127.904418886
65.4409968853
Step  246 , error  221757.347537 , delta error  127.212968202
65.9689028263
Step  247 , error  221630.817165 , delta error  126.530371937
65.8618569374
Step  248 , error  221504.960704 , delta error  125.85646074
65.7413740158
Step  249 , error  221379.769635 , delta error  125.191069385
65.6769208908
Step  250 , error  221255.235598 , delta error  124.534036656
65.7629919052
Step  251 , error  221131.350393 , delta error  123.885205226
65.6584699154
Step  252 , error  221008.105971 , delta error  123.244421554
65.82427001
Step  253 , error  220885.494436 , delta error  122.611535773
65.8863329887
Step  254 , error  220763.508034 , delta error  121.986401588
65.9603090286
Step  255 , error  220642.139158 , delta error  121.368876175
65.5861029625
Step  256 , error  220521.380338 , delta error  120.758820087
65.5909500122
Step  257 , error  220401.224241 , delta error  120.156097154
65.8499178886
Step  258 , error  220281.663666 , delta error  119.560574398
65.843323946
Step  259 , error  220162.691544 , delta error  118.972121941
65.8690111637
Step  260 , error  220044.300931 , delta error  118.39061292
65.9702141285
Step  261 , error  219926.485008 , delta error  117.815923409
65.6114339828
Step  262 , error  219809.237076 , delta error  117.24793233
65.8121578693
Step  263 , error  219692.550554 , delta error  116.686521383
65.8543770313
Step  264 , error  219576.418979 , delta error  116.131574967
65.7223181725
Step  265 , error  219460.835999 , delta error  115.582980111
66.0038490295
Step  266 , error  219345.795373 , delta error  115.040626396
65.7480380535
Step  267 , error  219231.290967 , delta error  114.504405893
65.7075579166
Step  268 , error  219117.316754 , delta error  113.974213096
65.6076359749
Step  269 , error  219003.866809 , delta error  113.449944853
65.8095519543
Step  270 , error  218890.935309 , delta error  112.931500308
65.748044014
Step  271 , error  218778.516528 , delta error  112.41878084
65.8745090961
Step  272 , error  218666.604838 , delta error  111.911690001
65.8553769588
Step  273 , error  218555.194704 , delta error  111.410133462
65.7267098427
Step  274 , error  218444.280685 , delta error  110.914018957
65.7224059105
Step  275 , error  218333.857429 , delta error  110.42325623
65.5909740925
Step  276 , error  218223.919672 , delta error  109.93775698
65.7305591106
Step  277 , error  218114.462237 , delta error  109.457434815
65.9890921116
Step  278 , error  218005.480032 , delta error  108.982205198
66.0020990372
Step  279 , error  217896.968047 , delta error  108.511985404
65.6023778915
Step  280 , error  217788.921352 , delta error  108.046694469
65.775605917
Step  281 , error  217681.335099 , delta error  107.586253152
65.7281210423
Step  282 , error  217574.204515 , delta error  107.130583882
65.8067920208
Step  283 , error  217467.524904 , delta error  106.679610725
66.0718970299
Step  284 , error  217361.291645 , delta error  106.233259338
65.9317448139
Step  285 , error  217255.500188 , delta error  105.791456927
65.6698708534
Step  286 , error  217150.146056 , delta error  105.354132215
65.649171114
Step  287 , error  217045.224841 , delta error  104.921215398
65.9100990295
Step  288 , error  216940.732202 , delta error  104.492638111
65.7883892059
Step  289 , error  216836.663869 , delta error  104.068333393
65.9411859512
Step  290 , error  216733.015633 , delta error  103.648235652
65.82878685
Step  291 , error  216629.783353 , delta error  103.232280629
65.7075839043
Step  292 , error  216526.962947 , delta error  102.820405369
65.6042659283
Step  293 , error  216424.550399 , delta error  102.412548189
65.8031549454
Step  294 , error  216322.541751 , delta error  102.008648643
65.6767630577
Step  295 , error  216220.933103 , delta error  101.608647497
65.8600990772
Step  296 , error  216119.720616 , delta error  101.212486697
65.9596538544
Step  297 , error  216018.900507 , delta error  100.820109341
65.5260288715
Step  298 , error  215918.469047 , delta error  100.431459652
65.9117050171
Step  299 , error  215818.422564 , delta error  100.046482952
65.7332489491
Step  300 , error  215718.757439 , delta error  99.6651256333
65.8067529202
Iteration:  1 / 10
Iteration:  2 / 10
Iteration:  3 / 10
Iteration:  4 / 10
Iteration:  5 / 10
Iteration:  6 / 10
Iteration:  7 / 10
Iteration:  8 / 10
Iteration:  9 / 10
Iteration:  10 / 10
