Progress: 1.00%
Progress: 2.00%
Progress: 3.00%
Progress: 4.00%
[0.0078631413805832391, 0.0069279813218390811, 0.0087105263157894706, 0.0083100948131622984]
Result:  result(mean_score=0.0079529359578435228, std_dev=0.00066334392858411655, parameters={'l2_penalty': 10, 'l1_penalty': 1e-05})
Progress: 5.00%
Progress: 6.00%
Progress: 7.00%
Progress: 8.00%
[0.0090196259382305886, 0.006637332375478925, 0.0085257002154509008, 0.0077828902522153994]
Result:  result(mean_score=0.0079913871953439537, std_dev=0.00089717622938898704, parameters={'l2_penalty': 20, 'l1_penalty': 1e-05})
Progress: 9.00%
Progress: 10.00%
Progress: 11.00%
Progress: 12.00%
[0.0069992001968746109, 0.0087856202107279638, 0.0093051708217913188, 0.0087172336865588389]
Result:  result(mean_score=0.0084518062289881818, std_dev=0.00086893309903872732, parameters={'l2_penalty': 50, 'l1_penalty': 1e-05})
/usr/local/lib/python2.7/dist-packages/sklearn/linear_model/coordinate_descent.py:479: ConvergenceWarning: Objective did not converge. You might want to increase the number of iterations. Fitting data with very small alpha may cause precision problems.
  ConvergenceWarning)
Progress: 13.00%
Progress: 14.00%
Progress: 15.00%
Progress: 16.00%
[0.0074067921742340306, 0.0068571898946360151, 0.0088324099722991642, 0.0079821218318150786]
Result:  result(mean_score=0.0077696284682460728, std_dev=0.00073124077460542546, parameters={'l2_penalty': 100, 'l1_penalty': 1e-05})
Progress: 17.00%
Progress: 18.00%
Progress: 19.00%
Progress: 20.00%
[0.0081427648578811344, 0.009167863984674323, 0.0092114496768236354, 0.0073717233686558846]
Result:  result(mean_score=0.008473450472008745, std_dev=0.00076648687831775645, parameters={'l2_penalty': 200, 'l1_penalty': 1e-05})
Progress: 21.00%
Progress: 22.00%
Progress: 23.00%
Progress: 24.00%
[0.0087989110372831292, 0.0080148467432950166, 0.0099493690366266527, 0.0078507467311148254]
Result:  result(mean_score=0.0086534683870799056, std_dev=0.00082956490385919363, parameters={'l2_penalty': 10, 'l1_penalty': 5e-05})
Progress: 25.00%
Progress: 26.00%
Progress: 27.00%
Progress: 28.00%
[0.0095221176325827432, 0.0087508979885057413, 0.010280393967374579, 0.0075647580095432815]
Result:  result(mean_score=0.0090295418995015864, std_dev=0.0010038047646254503, parameters={'l2_penalty': 20, 'l1_penalty': 5e-05})
Progress: 29.00%
Progress: 30.00%
Progress: 31.00%
Progress: 32.00%
[0.0065288544358311799, 0.0078624880268199221, 0.007697137580794087, 0.0073686248992997447]
Result:  result(mean_score=0.0073642762356862339, std_dev=0.00051404283830239488, parameters={'l2_penalty': 50, 'l1_penalty': 5e-05})
Progress: 33.00%
Progress: 34.00%
Progress: 35.00%
Progress: 36.00%
[0.0082013658176448845, 0.0078792504789272008, 0.0080564789165897179, 0.0064486893474623502]
Result:  result(mean_score=0.007646446140156039, std_dev=0.00070087122940109083, parameters={'l2_penalty': 100, 'l1_penalty': 5e-05})
Progress: 37.00%
Progress: 38.00%
Progress: 39.00%
Progress: 40.00%
[0.0084539190353143841, 0.0074054118773946315, 0.0091158818097876269, 0.0090975708000247853]
Result:  result(mean_score=0.0085181958806303561, std_dev=0.00069557952777468039, parameters={'l2_penalty': 200, 'l1_penalty': 5e-05})
Progress: 41.00%
Progress: 42.00%
Progress: 43.00%
Progress: 44.00%
[0.0078946720807185917, 0.0077514367816091936, 0.0082993228685749425, 0.0084244283324037897]
Result:  result(mean_score=0.0080924650158266283, std_dev=0.00027767432205223145, parameters={'l2_penalty': 10, 'l1_penalty': 0.0001})
Progress: 45.00%
Progress: 46.00%
Progress: 47.00%
Progress: 48.00%
[0.0080038759689922447, 0.0072590397509578516, 0.0093899661434287424, 0.0054968395612567389]
Result:  result(mean_score=0.0075374303561588944, std_dev=0.0014045437403433373, parameters={'l2_penalty': 20, 'l1_penalty': 0.0001})
Progress: 49.00%
Progress: 50.00%
Progress: 51.00%
Progress: 52.00%
[0.0076150486034206946, 0.010017660440613018, 0.0086968297937826955, 0.0085926752184420866]
Result:  result(mean_score=0.0087305535140646227, std_dev=0.00085456760407720263, parameters={'l2_penalty': 50, 'l1_penalty': 0.0001})
Progress: 53.00%
Progress: 54.00%
Progress: 55.00%
Progress: 56.00%
[0.0082524301710348181, 0.0068643738026819903, 0.0096946752847029815, 0.0083234182313936898]
Result:  result(mean_score=0.0082837243724533695, std_dev=0.0010009861944812663, parameters={'l2_penalty': 100, 'l1_penalty': 0.0001})
Progress: 57.00%
Progress: 58.00%
Progress: 59.00%
Progress: 60.00%
[0.0062444629014396427, 0.0090503771551724097, 0.008199292089873805, 0.006382072256305384]
Result:  result(mean_score=0.0074690511006978103, std_dev=0.0011953015580547022, parameters={'l2_penalty': 200, 'l1_penalty': 0.0001})
Progress: 61.00%
Progress: 62.00%
Progress: 63.00%
Progress: 64.00%
[0.0082519687461547891, 0.0065815074233716462, 0.0079155124653739577, 0.0070634256677201421]
Result:  result(mean_score=0.0074531035756551338, std_dev=0.00066399101397089915, parameters={'l2_penalty': 10, 'l1_penalty': 0.0005})
Progress: 65.00%
Progress: 66.00%
Progress: 67.00%
Progress: 68.00%
[0.0091082195151962562, 0.0089800347222222174, 0.0075974145891043376, 0.0078471834913552661]
Result:  result(mean_score=0.0083832130794695182, std_dev=0.0006683257798217406, parameters={'l2_penalty': 20, 'l1_penalty': 0.0005})
Progress: 69.00%
Progress: 70.00%
Progress: 71.00%
Progress: 72.00%
[0.0083162606127722381, 0.0066825311302681966, 0.0072907048322560751, 0.0080358802751440764]
Result:  result(mean_score=0.0075813442126101468, std_dev=0.0006401252521523994, parameters={'l2_penalty': 50, 'l1_penalty': 0.0005})
Progress: 73.00%
Progress: 74.00%
Progress: 75.00%
Progress: 76.00%
[0.0079072843607727317, 0.0065604046934865882, 0.0084818405663280982, 0.0084241184854681773]
Result:  result(mean_score=0.0078434120265138997, std_dev=0.00077378913206474281, parameters={'l2_penalty': 100, 'l1_penalty': 0.0005})
Progress: 77.00%
Progress: 78.00%
Progress: 79.00%
Progress: 80.00%
[0.0078416082195151924, 0.0081390684865900349, 0.0092980917205293927, 0.0074589452810311652]
Result:  result(mean_score=0.0081844284269164472, std_dev=0.0006866867818178631, parameters={'l2_penalty': 200, 'l1_penalty': 0.0005})
Progress: 81.00%
Progress: 82.00%
Progress: 83.00%
Progress: 84.00%
[0.0076871846929986469, 0.0082177921455938614, 0.0084362880886426593, 0.0084287661895023833]
Result:  result(mean_score=0.0081925077791843888, std_dev=0.00030464635084904887, parameters={'l2_penalty': 10, 'l1_penalty': 0.001})
Progress: 85.00%
Progress: 86.00%
Progress: 87.00%
Progress: 88.00%
[0.0080266395964070352, 0.0081657088122605321, 0.0078508771929824538, 0.0079364194088120434]
Result:  result(mean_score=0.0079949112526155157, std_dev=0.00011656071412182151, parameters={'l2_penalty': 20, 'l1_penalty': 0.001})
Progress: 89.00%
Progress: 90.00%
Progress: 91.00%
Progress: 92.00%
[0.0073212747631352269, 0.0080579501915708802, 0.0087211449676823649, 0.0088027514407882472]
Result:  result(mean_score=0.0082257803407941796, std_dev=0.00059677865720987925, parameters={'l2_penalty': 50, 'l1_penalty': 0.001})
Progress: 93.00%
Progress: 94.00%
Progress: 95.00%
Progress: 96.00%
[0.0080441737418481592, 0.0077358716475095764, 0.0090397045244690628, 0.0087835409307801902]
Result:  result(mean_score=0.0084008227111517474, std_dev=0.00053009471119964794, parameters={'l2_penalty': 100, 'l1_penalty': 0.001})
Progress: 97.00%
Progress: 98.00%
Progress: 99.00%
Progress: 100.00%
[0.0089965546942291086, 0.0078951149425287321, 0.0085852570021545047, 0.0062561194769783692]
Result:  result(mean_score=0.0079332615289726786, std_dev=0.00104522139723549, parameters={'l2_penalty': 200, 'l1_penalty': 0.001})
Total scores:           MAP       Std  l2_penalty  l1_penalty
0   0.007953  0.000663          10     0.00001
1   0.007991  0.000897          20     0.00001
2   0.008452  0.000869          50     0.00001
3   0.007770  0.000731         100     0.00001
4   0.008473  0.000766         200     0.00001
5   0.008653  0.000830          10     0.00005
6   0.009030  0.001004          20     0.00005
7   0.007364  0.000514          50     0.00005
8   0.007646  0.000701         100     0.00005
9   0.008518  0.000696         200     0.00005
10  0.008092  0.000278          10     0.00010
11  0.007537  0.001405          20     0.00010
12  0.008731  0.000855          50     0.00010
13  0.008284  0.001001         100     0.00010
14  0.007469  0.001195         200     0.00010
15  0.007453  0.000664          10     0.00050
16  0.008383  0.000668          20     0.00050
17  0.007581  0.000640          50     0.00050
18  0.007843  0.000774         100     0.00050
19  0.008184  0.000687         200     0.00050
20  0.008193  0.000305          10     0.00100
21  0.007995  0.000117          20     0.00100
22  0.008226  0.000597          50     0.00100
23  0.008401  0.000530         100     0.00100
24  0.007933  0.001045         200     0.00100
