1485692646.32 :  Started fit
1485693321.22 :  Finished fit
1485693321.32 :  Started fit
1485694020.97 :  Finished fit
1485694021.06 :  Started predict
Iteration:  1 / 10
Iteration:  2 / 10
Iteration:  3 / 10
Iteration:  4 / 10
Iteration:  5 / 10
Iteration:  6 / 10
Iteration:  7 / 10
Iteration:  8 / 10
Iteration:  9 / 10
Iteration:  10 / 10
1485694065.57 :  Finished predict
1485694067.61 :  Started fit
1485694770.17 :  Finished fit
1485694770.27 :  Started predict
Iteration:  1 / 10
Iteration:  2 / 10
Iteration:  3 / 10
Iteration:  4 / 10
Iteration:  5 / 10
Iteration:  6 / 10
Iteration:  7 / 10
Iteration:  8 / 10
Iteration:  9 / 10
Iteration:  10 / 10
1485694814.78 :  Finished predict
