1482790311.26 :  Started fit
1482790422.96 1000
1482790523.93 2000
1482790635.6 3000
1482790740.51 4000
1482790844.47 5000
1482790941.34 6000
1482791046.5 7000
1482791149.73 8000
1482791258.28 9000
1482791357.06 10000
1482791457.0 11000
1482791563.78 12000
1482791663.71 13000
1482791764.41 14000
1482791867.04 15000
1482791980.32 16000
1482792081.47 17000
1482792191.94 18000
1482792300.58 19000
1482792409.18 20000
1482792517.02 21000
1482792618.98 22000
1482792720.11 23000
1482792819.96 24000
1482792923.22 25000
1482793024.08 26000
1482793116.08 27000
1482793230.47 28000
1482793332.08 29000
1482793434.88 30000
1482793541.83 31000
1482793644.29 32000
1482793747.47 33000
1482793845.99 34000
1482793953.56 35000
1482794070.21 36000
1482794186.2 37000
1482794293.55 38000
1482794415.05 39000
1482794527.01 40000
1482794644.95 41000
1482794763.14 42000
1482794867.22 43000
1482794983.44 44000
1482795092.11 45000
1482795204.97 46000
1482795322.28 47000
1482795445.63 48000
1482795561.63 49000
1482795680.32 50000
1482795793.61 51000
1482795912.32 52000
1482796025.4 53000
1482796141.94 54000
1482796252.42 55000
1482796362.77 56000
1482796480.13 57000
1482796604.24 58000
1482796719.01 59000
1482796831.97 60000
1482796947.13 61000
1482797066.37 62000
1482797179.41 63000
1482797230.96 :  Finished fit
1482797231.02 :  Started predict
Iteration:  1 / 10
Iteration:  2 / 10
Iteration:  3 / 10
Iteration:  4 / 10
Iteration:  5 / 10
Iteration:  6 / 10
Iteration:  7 / 10
Iteration:  8 / 10
Iteration:  9 / 10
Iteration:  10 / 10
1482797278.86 :  Finished predict
1482797280.86 :  Started fit
1482797376.24 1000
1482797471.19 2000
1482797567.05 3000
1482797662.08 4000
1482797757.07 5000
1482797851.9 6000
1482797947.22 7000
1482798042.42 8000
1482798139.12 9000
1482798235.34 10000
1482798331.46 11000
1482798426.24 12000
1482798521.22 13000
1482798616.2 14000
1482798711.68 15000
1482798806.32 16000
1482798901.11 17000
1482798996.37 18000
1482799091.51 19000
1482799186.41 20000
1482799281.93 21000
1482799378.11 22000
1482799474.43 23000
1482799570.6 24000
1482799666.07 25000
1482799761.22 26000
1482799856.23 27000
1482799951.84 28000
1482800048.26 29000
1482800143.66 30000
1482800239.1 31000
1482800335.09 32000
1482800429.5 33000
1482800524.74 34000
1482800620.53 35000
1482800716.68 36000
1482800812.98 37000
1482800909.49 38000
1482801005.32 39000
1482801102.18 40000
1482801197.65 41000
1482801292.51 42000
1482801389.11 43000
1482801485.99 44000
1482801579.02 45000
1482801668.99 46000
1482801761.6 47000
1482801850.59 48000
1482801941.15 49000
1482802030.88 50000
1482802121.53 51000
1482802212.72 52000
1482802303.88 53000
1482802393.64 54000
1482802485.47 55000
1482802576.27 56000
1482802666.96 57000
1482802758.51 58000
1482802849.85 59000
1482802940.4 60000
1482803032.24 61000
1482803122.47 62000
1482803214.28 63000
1482803256.13 :  Finished fit
1482803256.19 :  Started predict
Iteration:  1 / 10
Iteration:  2 / 10
Iteration:  3 / 10
Iteration:  4 / 10
Iteration:  5 / 10
Iteration:  6 / 10
Iteration:  7 / 10
Iteration:  8 / 10
Iteration:  9 / 10
Iteration:  10 / 10
1482803304.23 :  Finished predict
